[35m[1mScanning dependencies of target joystick_component[0m
[ 25%] [32mBuilding CXX object CMakeFiles/joystick_component.dir/src/joystick_component.cpp.o[0m
[ 50%] [32m[1mLinking CXX shared library libjoystick_component.so[0m
[ 50%] Built target joystick_component
[35m[1mScanning dependencies of target teleop_node[0m
[ 75%] [32mBuilding CXX object CMakeFiles/teleop_node.dir/src/teleop_node.cpp.o[0m
[100%] [32m[1mLinking CXX executable teleop_node[0m
[100%] Built target teleop_node
[ 50%] Built target joystick_component
[100%] Built target teleop_node
[36mInstall the project...[0m
-- Install configuration: ""
-- Installing: /userdir/catkin_ws/install/consai2_teleop/lib/libjoystick_component.so
-- Set runtime path of "/userdir/catkin_ws/install/consai2_teleop/lib/libjoystick_component.so" to ""
-- Installing: /userdir/catkin_ws/install/consai2_teleop/lib/consai2_teleop/teleop_node
-- Set runtime path of "/userdir/catkin_ws/install/consai2_teleop/lib/consai2_teleop/teleop_node" to ""
-- Installing: /userdir/catkin_ws/install/consai2_teleop/share/ament_index/resource_index/package_run_dependencies/consai2_teleop
-- Installing: /userdir/catkin_ws/install/consai2_teleop/share/ament_index/resource_index/parent_prefix_path/consai2_teleop
-- Installing: /userdir/catkin_ws/install/consai2_teleop/share/consai2_teleop/environment/ament_prefix_path.sh
-- Installing: /userdir/catkin_ws/install/consai2_teleop/share/consai2_teleop/environment/path.sh
-- Installing: /userdir/catkin_ws/install/consai2_teleop/share/consai2_teleop/local_setup.bash
-- Installing: /userdir/catkin_ws/install/consai2_teleop/share/consai2_teleop/local_setup.sh
-- Installing: /userdir/catkin_ws/install/consai2_teleop/share/consai2_teleop/local_setup.zsh
-- Installing: /userdir/catkin_ws/install/consai2_teleop/share/ament_index/resource_index/packages/consai2_teleop
-- Installing: /userdir/catkin_ws/install/consai2_teleop/share/ament_index/resource_index/rclcpp_components/consai2_teleop
-- Installing: /userdir/catkin_ws/install/consai2_teleop/share/consai2_teleop/cmake/consai2_teleopConfig.cmake
-- Installing: /userdir/catkin_ws/install/consai2_teleop/share/consai2_teleop/cmake/consai2_teleopConfig-version.cmake
-- Installing: /userdir/catkin_ws/install/consai2_teleop/share/consai2_teleop/package.xml
