[0.134s] DEBUG:colcon:Command line arguments: ['/usr/bin/colcon', 'build']
[0.134s] DEBUG:colcon:Parsed command line arguments: Namespace(ament_cmake_args=None, base_paths='.', build_base='build', catkin_cmake_args=None, catkin_skip_building_tests=False, cmake_args=None, cmake_clean_cache=False, cmake_clean_first=False, cmake_force_configure=False, cmake_target=None, cmake_target_skip_unavailable=False, continue_on_error=False, event_handlers=None, executor='parallel', ignore_user_meta=False, install_base='install', log_base='log', log_level=None, main=<bound method BuildVerb.main of <colcon_core.verb.build.BuildVerb object at 0x7fd7c2a48198>>, merge_install=False, metas='./colcon.meta', packages_above=None, packages_above_depth=None, packages_end=None, packages_ignore=None, packages_ignore_regex=None, packages_select=None, packages_select_build_failed=False, packages_select_by_dep=None, packages_select_regex=None, packages_select_test_failures=False, packages_skip=None, packages_skip_build_finished=False, packages_skip_by_dep=None, packages_skip_regex=None, packages_skip_test_passed=False, packages_skip_up_to=None, packages_start=None, packages_up_to=None, parallel_workers=36, paths=None, symlink_install=False, test_result_base=None, verb_extension=<colcon_core.verb.build.BuildVerb object at 0x7fd7c2a48198>, verb_name='build', verb_parser=<colcon_defaults.argument_parser.defaults.DefaultArgumentsDecorator object at 0x7fd7c2a484a8>)
[0.170s] Level 1:colcon.colcon_core.package_discovery:discover_packages(colcon_meta) check parameters
[0.170s] Level 1:colcon.colcon_core.package_discovery:discover_packages(recursive) check parameters
[0.170s] Level 1:colcon.colcon_core.package_discovery:discover_packages(ignore) check parameters
[0.170s] Level 1:colcon.colcon_core.package_discovery:discover_packages(path) check parameters
[0.170s] Level 1:colcon.colcon_core.package_discovery:discover_packages(recursive) discover
[0.170s] INFO:colcon.colcon_core.package_discovery:Crawling recursively for packages in '/userdir/catkin_ws'
[0.170s] Level 1:colcon.colcon_core.package_identification:_identify(/userdir/catkin_ws) by extensions ['ignore', 'ignore_ament_install']
[0.171s] Level 1:colcon.colcon_core.package_identification:_identify(/userdir/catkin_ws) by extension 'ignore'
[0.171s] Level 1:colcon.colcon_core.package_identification:_identify(/userdir/catkin_ws) by extension 'ignore_ament_install'
[0.171s] Level 1:colcon.colcon_core.package_identification:_identify(/userdir/catkin_ws) by extensions ['colcon_pkg']
[0.171s] Level 1:colcon.colcon_core.package_identification:_identify(/userdir/catkin_ws) by extension 'colcon_pkg'
[0.171s] Level 1:colcon.colcon_core.package_identification:_identify(/userdir/catkin_ws) by extensions ['colcon_meta']
[0.171s] Level 1:colcon.colcon_core.package_identification:_identify(/userdir/catkin_ws) by extension 'colcon_meta'
[0.171s] Level 1:colcon.colcon_core.package_identification:_identify(/userdir/catkin_ws) by extensions ['ros']
[0.171s] Level 1:colcon.colcon_core.package_identification:_identify(/userdir/catkin_ws) by extension 'ros'
[0.182s] Level 1:colcon.colcon_core.package_identification:_identify(/userdir/catkin_ws) by extensions ['cmake', 'python']
[0.182s] Level 1:colcon.colcon_core.package_identification:_identify(/userdir/catkin_ws) by extension 'cmake'
[0.182s] Level 1:colcon.colcon_core.package_identification:_identify(/userdir/catkin_ws) by extension 'python'
[0.182s] Level 1:colcon.colcon_core.package_identification:_identify(/userdir/catkin_ws) by extensions ['python_setup_py']
[0.182s] Level 1:colcon.colcon_core.package_identification:_identify(/userdir/catkin_ws) by extension 'python_setup_py'
[0.182s] Level 1:colcon.colcon_core.package_identification:_identify(/userdir/catkin_ws/build) by extensions ['ignore', 'ignore_ament_install']
[0.182s] Level 1:colcon.colcon_core.package_identification:_identify(/userdir/catkin_ws/build) by extension 'ignore'
[0.182s] Level 1:colcon.colcon_core.package_identification:_identify(/userdir/catkin_ws/build) ignored
[0.183s] Level 1:colcon.colcon_core.package_identification:_identify(/userdir/catkin_ws/install) by extensions ['ignore', 'ignore_ament_install']
[0.183s] Level 1:colcon.colcon_core.package_identification:_identify(/userdir/catkin_ws/install) by extension 'ignore'
[0.183s] Level 1:colcon.colcon_core.package_identification:_identify(/userdir/catkin_ws/install) ignored
[0.183s] Level 1:colcon.colcon_core.package_identification:_identify(/userdir/catkin_ws/log) by extensions ['ignore', 'ignore_ament_install']
[0.183s] Level 1:colcon.colcon_core.package_identification:_identify(/userdir/catkin_ws/log) by extension 'ignore'
[0.183s] Level 1:colcon.colcon_core.package_identification:_identify(/userdir/catkin_ws/log) ignored
[0.183s] Level 1:colcon.colcon_core.package_identification:_identify(/userdir/catkin_ws/src) by extensions ['ignore', 'ignore_ament_install']
[0.183s] Level 1:colcon.colcon_core.package_identification:_identify(/userdir/catkin_ws/src) by extension 'ignore'
[0.183s] Level 1:colcon.colcon_core.package_identification:_identify(/userdir/catkin_ws/src) by extension 'ignore_ament_install'
[0.183s] Level 1:colcon.colcon_core.package_identification:_identify(/userdir/catkin_ws/src) by extensions ['colcon_pkg']
[0.183s] Level 1:colcon.colcon_core.package_identification:_identify(/userdir/catkin_ws/src) by extension 'colcon_pkg'
[0.184s] Level 1:colcon.colcon_core.package_identification:_identify(/userdir/catkin_ws/src) by extensions ['colcon_meta']
[0.184s] Level 1:colcon.colcon_core.package_identification:_identify(/userdir/catkin_ws/src) by extension 'colcon_meta'
[0.184s] Level 1:colcon.colcon_core.package_identification:_identify(/userdir/catkin_ws/src) by extensions ['ros']
[0.184s] Level 1:colcon.colcon_core.package_identification:_identify(/userdir/catkin_ws/src) by extension 'ros'
[0.184s] Level 1:colcon.colcon_core.package_identification:_identify(/userdir/catkin_ws/src) by extensions ['cmake', 'python']
[0.184s] Level 1:colcon.colcon_core.package_identification:_identify(/userdir/catkin_ws/src) by extension 'cmake'
[0.184s] Level 1:colcon.colcon_core.package_identification:_identify(/userdir/catkin_ws/src) by extension 'python'
[0.184s] Level 1:colcon.colcon_core.package_identification:_identify(/userdir/catkin_ws/src) by extensions ['python_setup_py']
[0.184s] Level 1:colcon.colcon_core.package_identification:_identify(/userdir/catkin_ws/src) by extension 'python_setup_py'
[0.184s] Level 1:colcon.colcon_core.package_identification:_identify(/userdir/catkin_ws/src/consai2r2) by extensions ['ignore', 'ignore_ament_install']
[0.184s] Level 1:colcon.colcon_core.package_identification:_identify(/userdir/catkin_ws/src/consai2r2) by extension 'ignore'
[0.184s] Level 1:colcon.colcon_core.package_identification:_identify(/userdir/catkin_ws/src/consai2r2) by extension 'ignore_ament_install'
[0.184s] Level 1:colcon.colcon_core.package_identification:_identify(/userdir/catkin_ws/src/consai2r2) by extensions ['colcon_pkg']
[0.185s] Level 1:colcon.colcon_core.package_identification:_identify(/userdir/catkin_ws/src/consai2r2) by extension 'colcon_pkg'
[0.185s] Level 1:colcon.colcon_core.package_identification:_identify(/userdir/catkin_ws/src/consai2r2) by extensions ['colcon_meta']
[0.185s] Level 1:colcon.colcon_core.package_identification:_identify(/userdir/catkin_ws/src/consai2r2) by extension 'colcon_meta'
[0.185s] Level 1:colcon.colcon_core.package_identification:_identify(/userdir/catkin_ws/src/consai2r2) by extensions ['ros']
[0.185s] Level 1:colcon.colcon_core.package_identification:_identify(/userdir/catkin_ws/src/consai2r2) by extension 'ros'
[0.185s] Level 1:colcon.colcon_core.package_identification:_identify(/userdir/catkin_ws/src/consai2r2) by extensions ['cmake', 'python']
[0.185s] Level 1:colcon.colcon_core.package_identification:_identify(/userdir/catkin_ws/src/consai2r2) by extension 'cmake'
[0.185s] Level 1:colcon.colcon_core.package_identification:_identify(/userdir/catkin_ws/src/consai2r2) by extension 'python'
[0.185s] Level 1:colcon.colcon_core.package_identification:_identify(/userdir/catkin_ws/src/consai2r2) by extensions ['python_setup_py']
[0.185s] Level 1:colcon.colcon_core.package_identification:_identify(/userdir/catkin_ws/src/consai2r2) by extension 'python_setup_py'
[0.185s] Level 1:colcon.colcon_core.package_identification:_identify(/userdir/catkin_ws/src/consai2r2/consai2_msgs) by extensions ['ignore', 'ignore_ament_install']
[0.185s] Level 1:colcon.colcon_core.package_identification:_identify(/userdir/catkin_ws/src/consai2r2/consai2_msgs) by extension 'ignore'
[0.185s] Level 1:colcon.colcon_core.package_identification:_identify(/userdir/catkin_ws/src/consai2r2/consai2_msgs) by extension 'ignore_ament_install'
[0.185s] Level 1:colcon.colcon_core.package_identification:_identify(/userdir/catkin_ws/src/consai2r2/consai2_msgs) by extensions ['colcon_pkg']
[0.186s] Level 1:colcon.colcon_core.package_identification:_identify(/userdir/catkin_ws/src/consai2r2/consai2_msgs) by extension 'colcon_pkg'
[0.186s] Level 1:colcon.colcon_core.package_identification:_identify(/userdir/catkin_ws/src/consai2r2/consai2_msgs) by extensions ['colcon_meta']
[0.186s] Level 1:colcon.colcon_core.package_identification:_identify(/userdir/catkin_ws/src/consai2r2/consai2_msgs) by extension 'colcon_meta'
[0.186s] Level 1:colcon.colcon_core.package_identification:_identify(/userdir/catkin_ws/src/consai2r2/consai2_msgs) by extensions ['ros']
[0.186s] Level 1:colcon.colcon_core.package_identification:_identify(/userdir/catkin_ws/src/consai2r2/consai2_msgs) by extension 'ros'
[0.188s] DEBUG:colcon.colcon_core.package_identification:Package '/userdir/catkin_ws/src/consai2r2/consai2_msgs' with type 'ros.ament_cmake' and name 'consai2_msgs'
[0.188s] Level 1:colcon.colcon_core.package_identification:_identify(/userdir/catkin_ws/src/consai2r2/consai2_sender) by extensions ['ignore', 'ignore_ament_install']
[0.188s] Level 1:colcon.colcon_core.package_identification:_identify(/userdir/catkin_ws/src/consai2r2/consai2_sender) by extension 'ignore'
[0.188s] Level 1:colcon.colcon_core.package_identification:_identify(/userdir/catkin_ws/src/consai2r2/consai2_sender) by extension 'ignore_ament_install'
[0.188s] Level 1:colcon.colcon_core.package_identification:_identify(/userdir/catkin_ws/src/consai2r2/consai2_sender) by extensions ['colcon_pkg']
[0.189s] Level 1:colcon.colcon_core.package_identification:_identify(/userdir/catkin_ws/src/consai2r2/consai2_sender) by extension 'colcon_pkg'
[0.189s] Level 1:colcon.colcon_core.package_identification:_identify(/userdir/catkin_ws/src/consai2r2/consai2_sender) by extensions ['colcon_meta']
[0.189s] Level 1:colcon.colcon_core.package_identification:_identify(/userdir/catkin_ws/src/consai2r2/consai2_sender) by extension 'colcon_meta'
[0.189s] Level 1:colcon.colcon_core.package_identification:_identify(/userdir/catkin_ws/src/consai2r2/consai2_sender) by extensions ['ros']
[0.189s] Level 1:colcon.colcon_core.package_identification:_identify(/userdir/catkin_ws/src/consai2r2/consai2_sender) by extension 'ros'
[0.190s] DEBUG:colcon.colcon_core.package_identification:Package '/userdir/catkin_ws/src/consai2r2/consai2_sender' with type 'ros.ament_cmake' and name 'consai2_sender'
[0.190s] Level 1:colcon.colcon_core.package_identification:_identify(/userdir/catkin_ws/src/consai2r2/consai2_teleop) by extensions ['ignore', 'ignore_ament_install']
[0.190s] Level 1:colcon.colcon_core.package_identification:_identify(/userdir/catkin_ws/src/consai2r2/consai2_teleop) by extension 'ignore'
[0.190s] Level 1:colcon.colcon_core.package_identification:_identify(/userdir/catkin_ws/src/consai2r2/consai2_teleop) by extension 'ignore_ament_install'
[0.190s] Level 1:colcon.colcon_core.package_identification:_identify(/userdir/catkin_ws/src/consai2r2/consai2_teleop) by extensions ['colcon_pkg']
[0.190s] Level 1:colcon.colcon_core.package_identification:_identify(/userdir/catkin_ws/src/consai2r2/consai2_teleop) by extension 'colcon_pkg'
[0.190s] Level 1:colcon.colcon_core.package_identification:_identify(/userdir/catkin_ws/src/consai2r2/consai2_teleop) by extensions ['colcon_meta']
[0.190s] Level 1:colcon.colcon_core.package_identification:_identify(/userdir/catkin_ws/src/consai2r2/consai2_teleop) by extension 'colcon_meta'
[0.190s] Level 1:colcon.colcon_core.package_identification:_identify(/userdir/catkin_ws/src/consai2r2/consai2_teleop) by extensions ['ros']
[0.190s] Level 1:colcon.colcon_core.package_identification:_identify(/userdir/catkin_ws/src/consai2r2/consai2_teleop) by extension 'ros'
[0.191s] DEBUG:colcon.colcon_core.package_identification:Package '/userdir/catkin_ws/src/consai2r2/consai2_teleop' with type 'ros.ament_cmake' and name 'consai2_teleop'
[0.191s] Level 1:colcon.colcon_core.package_discovery:discover_packages(recursive) using defaults
[0.193s] Level 1:colcon.colcon_core.package_augmentation.check_dependency_constraint:consai2_sender depends on consai2_msgs which has version 0.0.0: constraints {}
[0.193s] Level 1:colcon.colcon_core.package_augmentation.check_dependency_constraint:consai2_teleop depends on consai2_msgs which has version 0.0.0: constraints {}
[0.196s] Level 5:colcon.colcon_core.verb:set package 'consai2_msgs' build argument 'cmake_args' from command line to 'None'
[0.196s] Level 5:colcon.colcon_core.verb:set package 'consai2_msgs' build argument 'cmake_target' from command line to 'None'
[0.196s] Level 5:colcon.colcon_core.verb:set package 'consai2_msgs' build argument 'cmake_target_skip_unavailable' from command line to 'False'
[0.196s] Level 5:colcon.colcon_core.verb:set package 'consai2_msgs' build argument 'cmake_clean_cache' from command line to 'False'
[0.196s] Level 5:colcon.colcon_core.verb:set package 'consai2_msgs' build argument 'cmake_clean_first' from command line to 'False'
[0.196s] Level 5:colcon.colcon_core.verb:set package 'consai2_msgs' build argument 'cmake_force_configure' from command line to 'False'
[0.196s] Level 5:colcon.colcon_core.verb:set package 'consai2_msgs' build argument 'ament_cmake_args' from command line to 'None'
[0.196s] Level 5:colcon.colcon_core.verb:set package 'consai2_msgs' build argument 'catkin_cmake_args' from command line to 'None'
[0.196s] Level 5:colcon.colcon_core.verb:set package 'consai2_msgs' build argument 'catkin_skip_building_tests' from command line to 'False'
[0.196s] DEBUG:colcon.colcon_core.verb:Building package 'consai2_msgs' with the following arguments: {'ament_cmake_args': None, 'build_base': '/userdir/catkin_ws/build/consai2_msgs', 'catkin_cmake_args': None, 'catkin_skip_building_tests': False, 'cmake_args': None, 'cmake_clean_cache': False, 'cmake_clean_first': False, 'cmake_force_configure': False, 'cmake_target': None, 'cmake_target_skip_unavailable': False, 'install_base': '/userdir/catkin_ws/install/consai2_msgs', 'merge_install': False, 'path': '/userdir/catkin_ws/src/consai2r2/consai2_msgs', 'symlink_install': False, 'test_result_base': None}
[0.198s] Level 5:colcon.colcon_core.verb:set package 'consai2_sender' build argument 'cmake_args' from command line to 'None'
[0.198s] Level 5:colcon.colcon_core.verb:set package 'consai2_sender' build argument 'cmake_target' from command line to 'None'
[0.198s] Level 5:colcon.colcon_core.verb:set package 'consai2_sender' build argument 'cmake_target_skip_unavailable' from command line to 'False'
[0.198s] Level 5:colcon.colcon_core.verb:set package 'consai2_sender' build argument 'cmake_clean_cache' from command line to 'False'
[0.198s] Level 5:colcon.colcon_core.verb:set package 'consai2_sender' build argument 'cmake_clean_first' from command line to 'False'
[0.198s] Level 5:colcon.colcon_core.verb:set package 'consai2_sender' build argument 'cmake_force_configure' from command line to 'False'
[0.198s] Level 5:colcon.colcon_core.verb:set package 'consai2_sender' build argument 'ament_cmake_args' from command line to 'None'
[0.198s] Level 5:colcon.colcon_core.verb:set package 'consai2_sender' build argument 'catkin_cmake_args' from command line to 'None'
[0.198s] Level 5:colcon.colcon_core.verb:set package 'consai2_sender' build argument 'catkin_skip_building_tests' from command line to 'False'
[0.198s] DEBUG:colcon.colcon_core.verb:Building package 'consai2_sender' with the following arguments: {'ament_cmake_args': None, 'build_base': '/userdir/catkin_ws/build/consai2_sender', 'catkin_cmake_args': None, 'catkin_skip_building_tests': False, 'cmake_args': None, 'cmake_clean_cache': False, 'cmake_clean_first': False, 'cmake_force_configure': False, 'cmake_target': None, 'cmake_target_skip_unavailable': False, 'install_base': '/userdir/catkin_ws/install/consai2_sender', 'merge_install': False, 'path': '/userdir/catkin_ws/src/consai2r2/consai2_sender', 'symlink_install': False, 'test_result_base': None}
[0.200s] Level 5:colcon.colcon_core.verb:set package 'consai2_teleop' build argument 'cmake_args' from command line to 'None'
[0.200s] Level 5:colcon.colcon_core.verb:set package 'consai2_teleop' build argument 'cmake_target' from command line to 'None'
[0.200s] Level 5:colcon.colcon_core.verb:set package 'consai2_teleop' build argument 'cmake_target_skip_unavailable' from command line to 'False'
[0.200s] Level 5:colcon.colcon_core.verb:set package 'consai2_teleop' build argument 'cmake_clean_cache' from command line to 'False'
[0.200s] Level 5:colcon.colcon_core.verb:set package 'consai2_teleop' build argument 'cmake_clean_first' from command line to 'False'
[0.200s] Level 5:colcon.colcon_core.verb:set package 'consai2_teleop' build argument 'cmake_force_configure' from command line to 'False'
[0.201s] Level 5:colcon.colcon_core.verb:set package 'consai2_teleop' build argument 'ament_cmake_args' from command line to 'None'
[0.201s] Level 5:colcon.colcon_core.verb:set package 'consai2_teleop' build argument 'catkin_cmake_args' from command line to 'None'
[0.201s] Level 5:colcon.colcon_core.verb:set package 'consai2_teleop' build argument 'catkin_skip_building_tests' from command line to 'False'
[0.201s] DEBUG:colcon.colcon_core.verb:Building package 'consai2_teleop' with the following arguments: {'ament_cmake_args': None, 'build_base': '/userdir/catkin_ws/build/consai2_teleop', 'catkin_cmake_args': None, 'catkin_skip_building_tests': False, 'cmake_args': None, 'cmake_clean_cache': False, 'cmake_clean_first': False, 'cmake_force_configure': False, 'cmake_target': None, 'cmake_target_skip_unavailable': False, 'install_base': '/userdir/catkin_ws/install/consai2_teleop', 'merge_install': False, 'path': '/userdir/catkin_ws/src/consai2r2/consai2_teleop', 'symlink_install': False, 'test_result_base': None}
[0.202s] INFO:colcon.colcon_core.executor:Executing jobs using 'parallel' executor
[0.203s] DEBUG:colcon.colcon_parallel_executor.executor.parallel:run_until_complete
[0.203s] INFO:colcon.colcon_ros.task.ament_cmake.build:Building ROS package in '/userdir/catkin_ws/src/consai2r2/consai2_msgs' with build type 'ament_cmake'
[0.207s] INFO:colcon.colcon_core.plugin_system:Skipping extension 'colcon_core.shell.bat': Not used on non-Windows systems
[0.207s] INFO:colcon.colcon_cmake.task.cmake.build:Building CMake package in '/userdir/catkin_ws/src/consai2r2/consai2_msgs'
[0.207s] INFO:colcon.colcon_core.shell:Skip shell extension 'powershell' for command environment: Not usable outside of PowerShell
[0.207s] DEBUG:colcon.colcon_core.shell:Skip shell extension 'dsv' for command environment
[0.209s] DEBUG:colcon.colcon_core.shell:Ignoring prefix path '/opt/ros/dashing'
[0.222s] DEBUG:colcon.colcon_core.event_handler.log_command:Invoking command in '/userdir/catkin_ws/build/consai2_msgs': CMAKE_PREFIX_PATH=/opt/ros/dashing /usr/bin/cmake /userdir/catkin_ws/src/consai2r2/consai2_msgs -DCMAKE_INSTALL_PREFIX=/userdir/catkin_ws/install/consai2_msgs
[1.476s] DEBUG:colcon.colcon_core.event_handler.log_command:Invoked command in '/userdir/catkin_ws/build/consai2_msgs' returned '0': CMAKE_PREFIX_PATH=/opt/ros/dashing /usr/bin/cmake /userdir/catkin_ws/src/consai2r2/consai2_msgs -DCMAKE_INSTALL_PREFIX=/userdir/catkin_ws/install/consai2_msgs
[1.479s] DEBUG:colcon.colcon_core.event_handler.log_command:Invoking command in '/userdir/catkin_ws/build/consai2_msgs': CMAKE_PREFIX_PATH=/opt/ros/dashing /usr/bin/cmake --build /userdir/catkin_ws/build/consai2_msgs -- -j36 -l36
[5.902s] DEBUG:colcon.colcon_core.event_handler.log_command:Invoked command in '/userdir/catkin_ws/build/consai2_msgs' returned '0': CMAKE_PREFIX_PATH=/opt/ros/dashing /usr/bin/cmake --build /userdir/catkin_ws/build/consai2_msgs -- -j36 -l36
[6.019s] DEBUG:colcon.colcon_core.event_handler.log_command:Invoking command in '/userdir/catkin_ws/build/consai2_msgs': CMAKE_PREFIX_PATH=/opt/ros/dashing /usr/bin/cmake --build /userdir/catkin_ws/build/consai2_msgs --target install -- -j36 -l36
[6.518s] Level 1:colcon.colcon_core.environment:create_environment_scripts_only(consai2_msgs)
[6.519s] DEBUG:colcon.colcon_core.event_handler.log_command:Invoked command in '/userdir/catkin_ws/build/consai2_msgs' returned '0': CMAKE_PREFIX_PATH=/opt/ros/dashing /usr/bin/cmake --build /userdir/catkin_ws/build/consai2_msgs --target install -- -j36 -l36
[6.526s] Level 1:colcon.colcon_core.environment:checking '/userdir/catkin_ws/install/consai2_msgs' for CMake module files
[6.527s] Level 1:colcon.colcon_core.environment:checking '/userdir/catkin_ws/install/consai2_msgs' for CMake config files
[6.528s] Level 1:colcon.colcon_core.shell:create_environment_hook('consai2_msgs', 'cmake_prefix_path')
[6.529s] INFO:colcon.colcon_core.shell:Creating environment hook '/userdir/catkin_ws/install/consai2_msgs/share/consai2_msgs/hook/cmake_prefix_path.ps1'
[6.530s] INFO:colcon.colcon_core.shell:Creating environment descriptor '/userdir/catkin_ws/install/consai2_msgs/share/consai2_msgs/hook/cmake_prefix_path.dsv'
[6.532s] INFO:colcon.colcon_core.shell:Creating environment hook '/userdir/catkin_ws/install/consai2_msgs/share/consai2_msgs/hook/cmake_prefix_path.sh'
[6.533s] Level 1:colcon.colcon_core.environment:checking '/userdir/catkin_ws/install/consai2_msgs/lib'
[6.534s] Level 1:colcon.colcon_core.shell:create_environment_hook('consai2_msgs', 'ld_library_path_lib')
[6.534s] INFO:colcon.colcon_core.shell:Creating environment hook '/userdir/catkin_ws/install/consai2_msgs/share/consai2_msgs/hook/ld_library_path_lib.ps1'
[6.535s] INFO:colcon.colcon_core.shell:Creating environment descriptor '/userdir/catkin_ws/install/consai2_msgs/share/consai2_msgs/hook/ld_library_path_lib.dsv'
[6.535s] INFO:colcon.colcon_core.shell:Creating environment hook '/userdir/catkin_ws/install/consai2_msgs/share/consai2_msgs/hook/ld_library_path_lib.sh'
[6.535s] Level 1:colcon.colcon_core.environment:checking '/userdir/catkin_ws/install/consai2_msgs/bin'
[6.535s] Level 1:colcon.colcon_core.environment:checking '/userdir/catkin_ws/install/consai2_msgs/lib/pkgconfig/consai2_msgs.pc'
[6.536s] Level 1:colcon.colcon_core.environment:checking '/userdir/catkin_ws/install/consai2_msgs/lib/python3.6/site-packages'
[6.536s] Level 1:colcon.colcon_core.shell:create_environment_hook('consai2_msgs', 'pythonpath')
[6.536s] INFO:colcon.colcon_core.shell:Creating environment hook '/userdir/catkin_ws/install/consai2_msgs/share/consai2_msgs/hook/pythonpath.ps1'
[6.537s] INFO:colcon.colcon_core.shell:Creating environment descriptor '/userdir/catkin_ws/install/consai2_msgs/share/consai2_msgs/hook/pythonpath.dsv'
[6.537s] INFO:colcon.colcon_core.shell:Creating environment hook '/userdir/catkin_ws/install/consai2_msgs/share/consai2_msgs/hook/pythonpath.sh'
[6.538s] INFO:colcon.colcon_core.shell:Creating package script '/userdir/catkin_ws/install/consai2_msgs/share/consai2_msgs/package.ps1'
[6.539s] INFO:colcon.colcon_core.shell:Creating package descriptor '/userdir/catkin_ws/install/consai2_msgs/share/consai2_msgs/package.dsv'
[6.540s] INFO:colcon.colcon_core.shell:Creating package script '/userdir/catkin_ws/install/consai2_msgs/share/consai2_msgs/package.sh'
[6.541s] INFO:colcon.colcon_core.shell:Creating package script '/userdir/catkin_ws/install/consai2_msgs/share/consai2_msgs/package.bash'
[6.543s] INFO:colcon.colcon_core.shell:Creating package script '/userdir/catkin_ws/install/consai2_msgs/share/consai2_msgs/package.zsh'
[6.544s] Level 1:colcon.colcon_core.environment:create_file_with_runtime_dependencies(/userdir/catkin_ws/install/consai2_msgs/share/colcon-core/packages/consai2_msgs)
[6.544s] INFO:colcon.colcon_ros.task.ament_cmake.build:Building ROS package in '/userdir/catkin_ws/src/consai2r2/consai2_sender' with build type 'ament_cmake'
[6.545s] INFO:colcon.colcon_cmake.task.cmake.build:Building CMake package in '/userdir/catkin_ws/src/consai2r2/consai2_sender'
[6.546s] INFO:colcon.colcon_core.shell:Skip shell extension 'powershell' for command environment: Not usable outside of PowerShell
[6.546s] DEBUG:colcon.colcon_core.shell:Skip shell extension 'dsv' for command environment
[6.548s] DEBUG:colcon.colcon_core.shell:Ignoring prefix path '/opt/ros/dashing'
[6.552s] INFO:colcon.colcon_ros.task.ament_cmake.build:Building ROS package in '/userdir/catkin_ws/src/consai2r2/consai2_teleop' with build type 'ament_cmake'
[6.554s] INFO:colcon.colcon_cmake.task.cmake.build:Building CMake package in '/userdir/catkin_ws/src/consai2r2/consai2_teleop'
[6.555s] INFO:colcon.colcon_core.shell:Skip shell extension 'powershell' for command environment: Not usable outside of PowerShell
[6.555s] DEBUG:colcon.colcon_core.shell:Skip shell extension 'dsv' for command environment
[6.557s] DEBUG:colcon.colcon_core.shell:Ignoring prefix path '/opt/ros/dashing'
[6.566s] DEBUG:colcon.colcon_core.event_handler.log_command:Invoking command in '/userdir/catkin_ws/build/consai2_sender': AMENT_PREFIX_PATH=/userdir/catkin_ws/install/consai2_msgs:${AMENT_PREFIX_PATH} CMAKE_PREFIX_PATH=/userdir/catkin_ws/install/consai2_msgs:/opt/ros/dashing LD_LIBRARY_PATH=/userdir/catkin_ws/install/consai2_msgs/lib:${LD_LIBRARY_PATH} PYTHONPATH=/userdir/catkin_ws/install/consai2_msgs/lib/python3.6/site-packages:${PYTHONPATH} /usr/bin/cmake /userdir/catkin_ws/src/consai2r2/consai2_sender -DCMAKE_INSTALL_PREFIX=/userdir/catkin_ws/install/consai2_sender
[6.570s] DEBUG:colcon.colcon_core.event_handler.log_command:Invoking command in '/userdir/catkin_ws/build/consai2_teleop': AMENT_PREFIX_PATH=/userdir/catkin_ws/install/consai2_msgs:${AMENT_PREFIX_PATH} CMAKE_PREFIX_PATH=/userdir/catkin_ws/install/consai2_msgs:/opt/ros/dashing LD_LIBRARY_PATH=/userdir/catkin_ws/install/consai2_msgs/lib:${LD_LIBRARY_PATH} PYTHONPATH=/userdir/catkin_ws/install/consai2_msgs/lib/python3.6/site-packages:${PYTHONPATH} /usr/bin/cmake /userdir/catkin_ws/src/consai2r2/consai2_teleop -DCMAKE_INSTALL_PREFIX=/userdir/catkin_ws/install/consai2_teleop
[8.750s] DEBUG:colcon.colcon_core.event_handler.log_command:Invoked command in '/userdir/catkin_ws/build/consai2_sender' returned '1': AMENT_PREFIX_PATH=/userdir/catkin_ws/install/consai2_msgs:${AMENT_PREFIX_PATH} CMAKE_PREFIX_PATH=/userdir/catkin_ws/install/consai2_msgs:/opt/ros/dashing LD_LIBRARY_PATH=/userdir/catkin_ws/install/consai2_msgs/lib:${LD_LIBRARY_PATH} PYTHONPATH=/userdir/catkin_ws/install/consai2_msgs/lib/python3.6/site-packages:${PYTHONPATH} /usr/bin/cmake /userdir/catkin_ws/src/consai2r2/consai2_sender -DCMAKE_INSTALL_PREFIX=/userdir/catkin_ws/install/consai2_sender
[8.962s] DEBUG:colcon.colcon_parallel_executor.executor.parallel:closing loop
[8.962s] DEBUG:colcon.colcon_parallel_executor.executor.parallel:loop closed
[8.963s] DEBUG:colcon.colcon_parallel_executor.executor.parallel:run_until_complete finished with '1'
[8.963s] DEBUG:colcon.colcon_core.event_reactor:joining thread
[8.972s] INFO:colcon.colcon_core.plugin_system:Skipping extension 'colcon_notification.desktop_notification.notify_send': Could not find 'notify-send'
[8.972s] INFO:colcon.colcon_core.plugin_system:Skipping extension 'colcon_notification.desktop_notification.terminal_notifier': Not used on non-Darwin systems
[8.972s] INFO:colcon.colcon_core.plugin_system:Skipping extension 'colcon_notification.desktop_notification.win32': Not used on non-Windows systems
[8.972s] INFO:colcon.colcon_notification.desktop_notification:Sending desktop notification using 'notify2'
[8.975s] DEBUG:colcon.colcon_notification.desktop_notification.notify2:Failed to initialize notify2: org.freedesktop.DBus.Error.Spawn.ExecFailed: /usr/bin/dbus-launch terminated abnormally without any error message
[8.976s] DEBUG:colcon.colcon_core.event_reactor:joined thread
[8.977s] INFO:colcon.colcon_core.shell:Creating prefix script '/userdir/catkin_ws/install/local_setup.ps1'
[8.979s] INFO:colcon.colcon_core.shell:Creating prefix util module '/userdir/catkin_ws/install/_local_setup_util_ps1.py'
[8.980s] INFO:colcon.colcon_core.shell:Creating prefix chain script '/userdir/catkin_ws/install/setup.ps1'
[8.983s] INFO:colcon.colcon_core.shell:Creating prefix script '/userdir/catkin_ws/install/local_setup.sh'
[8.984s] INFO:colcon.colcon_core.shell:Creating prefix util module '/userdir/catkin_ws/install/_local_setup_util_sh.py'
[8.984s] INFO:colcon.colcon_core.shell:Creating prefix chain script '/userdir/catkin_ws/install/setup.sh'
[8.986s] INFO:colcon.colcon_core.shell:Creating prefix script '/userdir/catkin_ws/install/local_setup.bash'
[8.986s] INFO:colcon.colcon_core.shell:Creating prefix chain script '/userdir/catkin_ws/install/setup.bash'
[8.988s] INFO:colcon.colcon_core.shell:Creating prefix script '/userdir/catkin_ws/install/local_setup.zsh'
[8.989s] INFO:colcon.colcon_core.shell:Creating prefix chain script '/userdir/catkin_ws/install/setup.zsh'
