-- Found ament_cmake: 0.7.3 (/opt/ros/dashing/share/ament_cmake/cmake)
-- Found PythonInterp: /usr/bin/python3 (found suitable version "3.6.9", minimum required is "3") 
-- Using PYTHON_EXECUTABLE: /usr/bin/python3
-- Found rosidl_default_generators: 0.7.0 (/opt/ros/dashing/share/rosidl_default_generators/cmake)
-- Found OpenSSL: /usr/lib/x86_64-linux-gnu/libcrypto.so (found version "1.1.1") 
-- Found FastRTPS: /opt/ros/dashing/include  
-- Found rosidl_adapter: 0.7.7 (/opt/ros/dashing/share/rosidl_adapter/cmake)
-- Found std_msgs: 0.7.0 (/opt/ros/dashing/share/std_msgs/cmake)
-- Found PythonInterp: /usr/bin/python3 (found version "3.6.9") 
-- Using single matching rosidl_typesupport_c: rosidl_typesupport_fastrtps_c
-- Using single matching rosidl_typesupport_cpp: rosidl_typesupport_fastrtps_cpp
-- Found rmw_implementation_cmake: 0.7.2 (/opt/ros/dashing/share/rmw_implementation_cmake/cmake)
-- Found PythonInterp: /usr/bin/python3 (found suitable version "3.6.9", minimum required is "3.5") 
-- Found python_cmake_module: 0.7.9 (/opt/ros/dashing/share/python_cmake_module/cmake)
-- Found PythonLibs: /usr/lib/x86_64-linux-gnu/libpython3.6m.so (found suitable version "3.6.9", minimum required is "3.5") 
-- Using PYTHON_EXECUTABLE: /usr/bin/python3
-- Using PYTHON_INCLUDE_DIRS: /usr/include/python3.6m
-- Using PYTHON_LIBRARIES: /usr/lib/x86_64-linux-gnu/libpython3.6m.so
-- Found PythonExtra: .so  
-- Configuring done
-- Generating done
-- Build files have been written to: /userdir/catkin_ws/build/consai2_msgs
[  2%] [34m[1mGenerating C code for ROS interfaces[0m
[35m[1mScanning dependencies of target consai2_msgs__cpp[0m
[  5%] [34m[1mGenerating C++ code for ROS interfaces[0m
[  5%] Built target consai2_msgs__cpp
[  8%] [34m[1mGenerating C++ type support for eProsima Fast-RTPS[0m
[35m[1mScanning dependencies of target consai2_msgs__rosidl_generator_c[0m
[ 10%] [34m[1mGenerating C++ introspection for ROS interfaces[0m
[ 13%] [32mBuilding C object CMakeFiles/consai2_msgs__rosidl_generator_c.dir/rosidl_generator_c/consai2_msgs/msg/robot_command__functions.c.o[0m
[ 16%] [32mBuilding C object CMakeFiles/consai2_msgs__rosidl_generator_c.dir/rosidl_generator_c/consai2_msgs/msg/robot_commands__functions.c.o[0m
[ 18%] [32m[1mLinking C shared library libconsai2_msgs__rosidl_generator_c.so[0m
[ 18%] Built target consai2_msgs__rosidl_generator_c
[ 21%] [34m[1mGenerating C introspection for ROS interfaces[0m
[35m[1mScanning dependencies of target consai2_msgs__rosidl_typesupport_introspection_cpp[0m
[ 24%] [32mBuilding CXX object CMakeFiles/consai2_msgs__rosidl_typesupport_introspection_cpp.dir/rosidl_typesupport_introspection_cpp/consai2_msgs/msg/robot_command__type_support.cpp.o[0m
[ 27%] [32mBuilding CXX object CMakeFiles/consai2_msgs__rosidl_typesupport_introspection_cpp.dir/rosidl_typesupport_introspection_cpp/consai2_msgs/msg/robot_commands__type_support.cpp.o[0m
[35m[1mScanning dependencies of target consai2_msgs__rosidl_typesupport_fastrtps_cpp[0m
[ 29%] [32mBuilding CXX object CMakeFiles/consai2_msgs__rosidl_typesupport_fastrtps_cpp.dir/rosidl_typesupport_fastrtps_cpp/consai2_msgs/msg/dds_fastrtps/robot_command__type_support.cpp.o[0m
[ 32%] [32mBuilding CXX object CMakeFiles/consai2_msgs__rosidl_typesupport_fastrtps_cpp.dir/rosidl_typesupport_fastrtps_cpp/consai2_msgs/msg/dds_fastrtps/robot_commands__type_support.cpp.o[0m
[35m[1mScanning dependencies of target consai2_msgs__rosidl_typesupport_introspection_c[0m
[ 35%] [32m[1mLinking CXX shared library libconsai2_msgs__rosidl_typesupport_introspection_cpp.so[0m
[ 37%] [32mBuilding C object CMakeFiles/consai2_msgs__rosidl_typesupport_introspection_c.dir/rosidl_typesupport_introspection_c/consai2_msgs/msg/robot_command__type_support.c.o[0m
[ 40%] [32mBuilding C object CMakeFiles/consai2_msgs__rosidl_typesupport_introspection_c.dir/rosidl_typesupport_introspection_c/consai2_msgs/msg/robot_commands__type_support.c.o[0m
[ 43%] [32m[1mLinking C shared library libconsai2_msgs__rosidl_typesupport_introspection_c.so[0m
[ 43%] Built target consai2_msgs__rosidl_typesupport_introspection_cpp
[ 43%] Built target consai2_msgs__rosidl_typesupport_introspection_c
[ 45%] [32m[1mLinking CXX shared library libconsai2_msgs__rosidl_typesupport_fastrtps_cpp.so[0m
[ 45%] Built target consai2_msgs__rosidl_typesupport_fastrtps_cpp
[ 48%] [34m[1mGenerating C++ type support dispatch for ROS interfaces[0m
[ 51%] [34m[1mGenerating C type support for eProsima Fast-RTPS[0m
[35m[1mScanning dependencies of target consai2_msgs__rosidl_typesupport_fastrtps_c[0m
[ 54%] [32mBuilding CXX object CMakeFiles/consai2_msgs__rosidl_typesupport_fastrtps_c.dir/rosidl_typesupport_fastrtps_c/consai2_msgs/msg/robot_command__type_support_c.cpp.o[0m
[ 56%] [32mBuilding CXX object CMakeFiles/consai2_msgs__rosidl_typesupport_fastrtps_c.dir/rosidl_typesupport_fastrtps_c/consai2_msgs/msg/robot_commands__type_support_c.cpp.o[0m
[35m[1mScanning dependencies of target consai2_msgs__rosidl_typesupport_cpp[0m
[ 59%] [32mBuilding CXX object CMakeFiles/consai2_msgs__rosidl_typesupport_cpp.dir/rosidl_typesupport_cpp/consai2_msgs/msg/robot_command__type_support.cpp.o[0m
[ 62%] [32mBuilding CXX object CMakeFiles/consai2_msgs__rosidl_typesupport_cpp.dir/rosidl_typesupport_cpp/consai2_msgs/msg/robot_commands__type_support.cpp.o[0m
[ 64%] [32m[1mLinking CXX shared library libconsai2_msgs__rosidl_typesupport_fastrtps_c.so[0m
[ 67%] [32m[1mLinking CXX shared library libconsai2_msgs__rosidl_typesupport_cpp.so[0m
[ 67%] Built target consai2_msgs__rosidl_typesupport_fastrtps_c
[ 70%] [34m[1mGenerating C type support dispatch for ROS interfaces[0m
[ 70%] Built target consai2_msgs__rosidl_typesupport_cpp
[35m[1mScanning dependencies of target consai2_msgs__rosidl_typesupport_c[0m
[ 72%] [32mBuilding CXX object CMakeFiles/consai2_msgs__rosidl_typesupport_c.dir/rosidl_typesupport_c/consai2_msgs/msg/robot_command__type_support.cpp.o[0m
[ 75%] [32mBuilding CXX object CMakeFiles/consai2_msgs__rosidl_typesupport_c.dir/rosidl_typesupport_c/consai2_msgs/msg/robot_commands__type_support.cpp.o[0m
[ 78%] [32m[1mLinking CXX shared library libconsai2_msgs__rosidl_typesupport_c.so[0m
[ 78%] Built target consai2_msgs__rosidl_typesupport_c
[35m[1mScanning dependencies of target consai2_msgs[0m
[ 78%] Built target consai2_msgs
[35m[1mScanning dependencies of target consai2_msgs__py[0m
[ 81%] [34m[1mGenerating Python code for ROS interfaces[0m
[ 81%] Built target consai2_msgs__py
[35m[1mScanning dependencies of target consai2_msgs__python[0m
[ 83%] [32mBuilding C object CMakeFiles/consai2_msgs__python.dir/rosidl_generator_py/consai2_msgs/msg/_robot_command_s.c.o[0m
[ 86%] [32mBuilding C object CMakeFiles/consai2_msgs__python.dir/rosidl_generator_py/consai2_msgs/msg/_robot_commands_s.c.o[0m
[ 89%] [32m[1mLinking C shared library rosidl_generator_py/consai2_msgs/libconsai2_msgs__python.so[0m
[ 89%] Built target consai2_msgs__python
[35m[1mScanning dependencies of target consai2_msgs__rosidl_typesupport_fastrtps_c__pyext[0m
[35m[1mScanning dependencies of target consai2_msgs__rosidl_typesupport_c__pyext[0m
[ 91%] [32mBuilding C object CMakeFiles/consai2_msgs__rosidl_typesupport_fastrtps_c__pyext.dir/rosidl_generator_py/consai2_msgs/_consai2_msgs_s.ep.rosidl_typesupport_fastrtps_c.c.o[0m
[ 94%] [32mBuilding C object CMakeFiles/consai2_msgs__rosidl_typesupport_c__pyext.dir/rosidl_generator_py/consai2_msgs/_consai2_msgs_s.ep.rosidl_typesupport_c.c.o[0m
[100%] [32m[1mLinking C shared library rosidl_generator_py/consai2_msgs/consai2_msgs_s__rosidl_typesupport_c.cpython-36m-x86_64-linux-gnu.so[0m
[100%] [32m[1mLinking C shared library rosidl_generator_py/consai2_msgs/consai2_msgs_s__rosidl_typesupport_fastrtps_c.cpython-36m-x86_64-linux-gnu.so[0m
[100%] Built target consai2_msgs__rosidl_typesupport_fastrtps_c__pyext
[100%] Built target consai2_msgs__rosidl_typesupport_c__pyext
[ 10%] Built target consai2_msgs__rosidl_generator_c
[ 13%] Built target consai2_msgs__cpp
[ 24%] Built target consai2_msgs__rosidl_typesupport_introspection_cpp
[ 43%] Built target consai2_msgs__rosidl_typesupport_introspection_c
[ 45%] Built target consai2_msgs__rosidl_typesupport_fastrtps_cpp
[ 59%] Built target consai2_msgs__rosidl_typesupport_fastrtps_c
[ 67%] Built target consai2_msgs__rosidl_typesupport_cpp
[ 78%] Built target consai2_msgs__rosidl_typesupport_c
[ 78%] Built target consai2_msgs
[ 81%] Built target consai2_msgs__py
[ 89%] Built target consai2_msgs__python
[100%] Built target consai2_msgs__rosidl_typesupport_c__pyext
[100%] Built target consai2_msgs__rosidl_typesupport_fastrtps_c__pyext
[36mInstall the project...[0m
-- Install configuration: ""
-- Installing: /userdir/catkin_ws/install/consai2_msgs/share/ament_index/resource_index/rosidl_interfaces/consai2_msgs
-- Installing: /userdir/catkin_ws/install/consai2_msgs/lib/libconsai2_msgs__rosidl_typesupport_c.so
-- Set runtime path of "/userdir/catkin_ws/install/consai2_msgs/lib/libconsai2_msgs__rosidl_typesupport_c.so" to ""
-- Installing: /userdir/catkin_ws/install/consai2_msgs/share/consai2_msgs/environment/library_path.sh
-- Installing: /userdir/catkin_ws/install/consai2_msgs/lib/libconsai2_msgs__rosidl_typesupport_cpp.so
-- Set runtime path of "/userdir/catkin_ws/install/consai2_msgs/lib/libconsai2_msgs__rosidl_typesupport_cpp.so" to ""
-- Installing: /userdir/catkin_ws/install/consai2_msgs/include/consai2_msgs
-- Installing: /userdir/catkin_ws/install/consai2_msgs/include/consai2_msgs/msg
-- Installing: /userdir/catkin_ws/install/consai2_msgs/include/consai2_msgs/msg/rosidl_typesupport_fastrtps_c__visibility_control.h
-- Installing: /userdir/catkin_ws/install/consai2_msgs/include/consai2_msgs/msg/robot_commands__rosidl_typesupport_fastrtps_c.h
-- Installing: /userdir/catkin_ws/install/consai2_msgs/include/consai2_msgs/msg/robot_command__rosidl_typesupport_fastrtps_c.h
-- Installing: /userdir/catkin_ws/install/consai2_msgs/lib/libconsai2_msgs__rosidl_typesupport_fastrtps_c.so
-- Set runtime path of "/userdir/catkin_ws/install/consai2_msgs/lib/libconsai2_msgs__rosidl_typesupport_fastrtps_c.so" to ""
-- Up-to-date: /userdir/catkin_ws/install/consai2_msgs/include/consai2_msgs
-- Up-to-date: /userdir/catkin_ws/install/consai2_msgs/include/consai2_msgs/msg
-- Installing: /userdir/catkin_ws/install/consai2_msgs/include/consai2_msgs/msg/robot_commands.h
-- Installing: /userdir/catkin_ws/install/consai2_msgs/include/consai2_msgs/msg/robot_commands__functions.h
-- Installing: /userdir/catkin_ws/install/consai2_msgs/include/consai2_msgs/msg/rosidl_generator_c__visibility_control.h
-- Installing: /userdir/catkin_ws/install/consai2_msgs/include/consai2_msgs/msg/robot_command__struct.h
-- Installing: /userdir/catkin_ws/install/consai2_msgs/include/consai2_msgs/msg/robot_command__functions.c
-- Installing: /userdir/catkin_ws/install/consai2_msgs/include/consai2_msgs/msg/robot_command.h
-- Installing: /userdir/catkin_ws/install/consai2_msgs/include/consai2_msgs/msg/robot_commands__functions.c
-- Installing: /userdir/catkin_ws/install/consai2_msgs/include/consai2_msgs/msg/robot_commands__type_support.h
-- Installing: /userdir/catkin_ws/install/consai2_msgs/include/consai2_msgs/msg/robot_command__type_support.h
-- Installing: /userdir/catkin_ws/install/consai2_msgs/include/consai2_msgs/msg/robot_command__functions.h
-- Installing: /userdir/catkin_ws/install/consai2_msgs/include/consai2_msgs/msg/robot_commands__struct.h
-- Installing: /userdir/catkin_ws/install/consai2_msgs/lib/libconsai2_msgs__rosidl_generator_c.so
-- Set runtime path of "/userdir/catkin_ws/install/consai2_msgs/lib/libconsai2_msgs__rosidl_generator_c.so" to ""
-- Up-to-date: /userdir/catkin_ws/install/consai2_msgs/include/consai2_msgs
-- Up-to-date: /userdir/catkin_ws/install/consai2_msgs/include/consai2_msgs/msg
-- Installing: /userdir/catkin_ws/install/consai2_msgs/include/consai2_msgs/msg/rosidl_typesupport_fastrtps_cpp__visibility_control.h
-- Installing: /userdir/catkin_ws/install/consai2_msgs/include/consai2_msgs/msg/robot_commands__rosidl_typesupport_fastrtps_cpp.hpp
-- Installing: /userdir/catkin_ws/install/consai2_msgs/include/consai2_msgs/msg/robot_command__rosidl_typesupport_fastrtps_cpp.hpp
-- Installing: /userdir/catkin_ws/install/consai2_msgs/include/consai2_msgs/msg/dds_fastrtps
-- Installing: /userdir/catkin_ws/install/consai2_msgs/lib/libconsai2_msgs__rosidl_typesupport_fastrtps_cpp.so
-- Set runtime path of "/userdir/catkin_ws/install/consai2_msgs/lib/libconsai2_msgs__rosidl_typesupport_fastrtps_cpp.so" to ""
-- Up-to-date: /userdir/catkin_ws/install/consai2_msgs/include/consai2_msgs
-- Up-to-date: /userdir/catkin_ws/install/consai2_msgs/include/consai2_msgs/msg
-- Installing: /userdir/catkin_ws/install/consai2_msgs/include/consai2_msgs/msg/robot_commands__traits.hpp
-- Installing: /userdir/catkin_ws/install/consai2_msgs/include/consai2_msgs/msg/robot_command__traits.hpp
-- Installing: /userdir/catkin_ws/install/consai2_msgs/include/consai2_msgs/msg/robot_command.hpp
-- Installing: /userdir/catkin_ws/install/consai2_msgs/include/consai2_msgs/msg/robot_command__struct.hpp
-- Installing: /userdir/catkin_ws/install/consai2_msgs/include/consai2_msgs/msg/robot_commands.hpp
-- Installing: /userdir/catkin_ws/install/consai2_msgs/include/consai2_msgs/msg/robot_commands__struct.hpp
-- Up-to-date: /userdir/catkin_ws/install/consai2_msgs/include/consai2_msgs
-- Up-to-date: /userdir/catkin_ws/install/consai2_msgs/include/consai2_msgs/msg
-- Installing: /userdir/catkin_ws/install/consai2_msgs/include/consai2_msgs/msg/robot_commands__type_support.c
-- Installing: /userdir/catkin_ws/install/consai2_msgs/include/consai2_msgs/msg/rosidl_typesupport_introspection_c__visibility_control.h
-- Installing: /userdir/catkin_ws/install/consai2_msgs/include/consai2_msgs/msg/robot_commands__rosidl_typesupport_introspection_c.h
-- Installing: /userdir/catkin_ws/install/consai2_msgs/include/consai2_msgs/msg/robot_command__type_support.c
-- Installing: /userdir/catkin_ws/install/consai2_msgs/include/consai2_msgs/msg/robot_command__rosidl_typesupport_introspection_c.h
-- Installing: /userdir/catkin_ws/install/consai2_msgs/lib/libconsai2_msgs__rosidl_typesupport_introspection_c.so
-- Set runtime path of "/userdir/catkin_ws/install/consai2_msgs/lib/libconsai2_msgs__rosidl_typesupport_introspection_c.so" to ""
-- Up-to-date: /userdir/catkin_ws/install/consai2_msgs/include/consai2_msgs
-- Up-to-date: /userdir/catkin_ws/install/consai2_msgs/include/consai2_msgs/msg
-- Installing: /userdir/catkin_ws/install/consai2_msgs/include/consai2_msgs/msg/robot_commands__type_support.cpp
-- Installing: /userdir/catkin_ws/install/consai2_msgs/include/consai2_msgs/msg/robot_commands__rosidl_typesupport_introspection_cpp.hpp
-- Installing: /userdir/catkin_ws/install/consai2_msgs/include/consai2_msgs/msg/robot_command__type_support.cpp
-- Installing: /userdir/catkin_ws/install/consai2_msgs/include/consai2_msgs/msg/robot_command__rosidl_typesupport_introspection_cpp.hpp
-- Installing: /userdir/catkin_ws/install/consai2_msgs/lib/libconsai2_msgs__rosidl_typesupport_introspection_cpp.so
-- Set runtime path of "/userdir/catkin_ws/install/consai2_msgs/lib/libconsai2_msgs__rosidl_typesupport_introspection_cpp.so" to ""
-- Installing: /userdir/catkin_ws/install/consai2_msgs/share/consai2_msgs/environment/pythonpath.sh
-- Installing: /userdir/catkin_ws/install/consai2_msgs/lib/python3.6/site-packages/consai2_msgs/__init__.py
Compiling '/userdir/catkin_ws/install/consai2_msgs/lib/python3.6/site-packages/consai2_msgs/__init__.py'...
-- Installing: /userdir/catkin_ws/install/consai2_msgs/lib/python3.6/site-packages/consai2_msgs/msg
-- Installing: /userdir/catkin_ws/install/consai2_msgs/lib/python3.6/site-packages/consai2_msgs/msg/_robot_command_s.c
-- Installing: /userdir/catkin_ws/install/consai2_msgs/lib/python3.6/site-packages/consai2_msgs/msg/_robot_command.py
-- Installing: /userdir/catkin_ws/install/consai2_msgs/lib/python3.6/site-packages/consai2_msgs/msg/_robot_commands_s.c
-- Installing: /userdir/catkin_ws/install/consai2_msgs/lib/python3.6/site-packages/consai2_msgs/msg/__init__.py
-- Installing: /userdir/catkin_ws/install/consai2_msgs/lib/python3.6/site-packages/consai2_msgs/msg/_robot_commands.py
-- Installing: /userdir/catkin_ws/install/consai2_msgs/lib/python3.6/site-packages/consai2_msgs/consai2_msgs_s__rosidl_typesupport_c.cpython-36m-x86_64-linux-gnu.so
-- Set runtime path of "/userdir/catkin_ws/install/consai2_msgs/lib/python3.6/site-packages/consai2_msgs/consai2_msgs_s__rosidl_typesupport_c.cpython-36m-x86_64-linux-gnu.so" to ""
-- Installing: /userdir/catkin_ws/install/consai2_msgs/lib/python3.6/site-packages/consai2_msgs/consai2_msgs_s__rosidl_typesupport_fastrtps_c.cpython-36m-x86_64-linux-gnu.so
-- Set runtime path of "/userdir/catkin_ws/install/consai2_msgs/lib/python3.6/site-packages/consai2_msgs/consai2_msgs_s__rosidl_typesupport_fastrtps_c.cpython-36m-x86_64-linux-gnu.so" to ""
-- Installing: /userdir/catkin_ws/install/consai2_msgs/lib/libconsai2_msgs__python.so
-- Set runtime path of "/userdir/catkin_ws/install/consai2_msgs/lib/libconsai2_msgs__python.so" to ""
-- Installing: /userdir/catkin_ws/install/consai2_msgs/share/consai2_msgs/msg/RobotCommand.idl
-- Installing: /userdir/catkin_ws/install/consai2_msgs/share/consai2_msgs/msg/RobotCommands.idl
-- Installing: /userdir/catkin_ws/install/consai2_msgs/share/consai2_msgs/msg/RobotCommand.msg
-- Installing: /userdir/catkin_ws/install/consai2_msgs/share/consai2_msgs/msg/RobotCommands.msg
-- Installing: /userdir/catkin_ws/install/consai2_msgs/share/ament_index/resource_index/package_run_dependencies/consai2_msgs
-- Installing: /userdir/catkin_ws/install/consai2_msgs/share/ament_index/resource_index/parent_prefix_path/consai2_msgs
-- Installing: /userdir/catkin_ws/install/consai2_msgs/share/consai2_msgs/environment/ament_prefix_path.sh
-- Installing: /userdir/catkin_ws/install/consai2_msgs/share/consai2_msgs/environment/path.sh
-- Installing: /userdir/catkin_ws/install/consai2_msgs/share/consai2_msgs/local_setup.bash
-- Installing: /userdir/catkin_ws/install/consai2_msgs/share/consai2_msgs/local_setup.sh
-- Installing: /userdir/catkin_ws/install/consai2_msgs/share/consai2_msgs/local_setup.zsh
-- Installing: /userdir/catkin_ws/install/consai2_msgs/share/ament_index/resource_index/packages/consai2_msgs
-- Installing: /userdir/catkin_ws/install/consai2_msgs/share/consai2_msgs/cmake/rosidl_cmake-extras.cmake
-- Installing: /userdir/catkin_ws/install/consai2_msgs/share/consai2_msgs/cmake/ament_cmake_export_dependencies-extras.cmake
-- Installing: /userdir/catkin_ws/install/consai2_msgs/share/consai2_msgs/cmake/ament_cmake_export_libraries-extras.cmake
-- Installing: /userdir/catkin_ws/install/consai2_msgs/share/consai2_msgs/cmake/ament_cmake_export_include_directories-extras.cmake
-- Installing: /userdir/catkin_ws/install/consai2_msgs/share/consai2_msgs/cmake/consai2_msgsConfig.cmake
-- Installing: /userdir/catkin_ws/install/consai2_msgs/share/consai2_msgs/cmake/consai2_msgsConfig-version.cmake
-- Installing: /userdir/catkin_ws/install/consai2_msgs/share/consai2_msgs/package.xml
