[01m[K/userdir/catkin_ws/build/consai2_sender/grSim_Commands.pb.cc:[m[K In member function ‘[01m[Kvirtual google::protobuf::uint8* grSim_Robot_Command::InternalSerializeWithCachedSizesToArray(bool, google::protobuf::uint8*) const[m[K’:
[01m[K/userdir/catkin_ws/build/consai2_sender/grSim_Commands.pb.cc:544:10:[m[K [01;35m[Kwarning: [m[Kunused parameter ‘[01m[Kdeterministic[m[K’ [[01;35m[K-Wunused-parameter[m[K]
     bool [01;35m[Kdeterministic[m[K, ::google::protobuf::uint8* target) const {
          [01;35m[K^~~~~~~~~~~~~[m[K
[01m[K/userdir/catkin_ws/build/consai2_sender/grSim_Commands.pb.cc:[m[K In member function ‘[01m[Kvirtual google::protobuf::uint8* grSim_Commands::InternalSerializeWithCachedSizesToArray(bool, google::protobuf::uint8*) const[m[K’:
[01m[K/userdir/catkin_ws/build/consai2_sender/grSim_Commands.pb.cc:1324:10:[m[K [01;35m[Kwarning: [m[Kunused parameter ‘[01m[Kdeterministic[m[K’ [[01;35m[K-Wunused-parameter[m[K]
     bool [01;35m[Kdeterministic[m[K, ::google::protobuf::uint8* target) const {
          [01;35m[K^~~~~~~~~~~~~[m[K
[01m[K/userdir/catkin_ws/build/consai2_sender/grSim_Packet.pb.cc:[m[K In member function ‘[01m[Kvirtual google::protobuf::uint8* grSim_Packet::InternalSerializeWithCachedSizesToArray(bool, google::protobuf::uint8*) const[m[K’:
[01m[K/userdir/catkin_ws/build/consai2_sender/grSim_Packet.pb.cc:270:10:[m[K [01;35m[Kwarning: [m[Kunused parameter ‘[01m[Kdeterministic[m[K’ [[01;35m[K-Wunused-parameter[m[K]
     bool [01;35m[Kdeterministic[m[K, ::google::protobuf::uint8* target) const {
          [01;35m[K^~~~~~~~~~~~~[m[K
[01m[K/userdir/catkin_ws/build/consai2_sender/grSim_Replacement.pb.cc:[m[K In member function ‘[01m[Kvirtual google::protobuf::uint8* grSim_RobotReplacement::InternalSerializeWithCachedSizesToArray(bool, google::protobuf::uint8*) const[m[K’:
[01m[K/userdir/catkin_ws/build/consai2_sender/grSim_Replacement.pb.cc:429:10:[m[K [01;35m[Kwarning: [m[Kunused parameter ‘[01m[Kdeterministic[m[K’ [[01;35m[K-Wunused-parameter[m[K]
     bool [01;35m[Kdeterministic[m[K, ::google::protobuf::uint8* target) const {
          [01;35m[K^~~~~~~~~~~~~[m[K
[01m[K/userdir/catkin_ws/build/consai2_sender/grSim_Replacement.pb.cc:[m[K In member function ‘[01m[Kvirtual google::protobuf::uint8* grSim_BallReplacement::InternalSerializeWithCachedSizesToArray(bool, google::protobuf::uint8*) const[m[K’:
[01m[K/userdir/catkin_ws/build/consai2_sender/grSim_Replacement.pb.cc:1004:10:[m[K [01;35m[Kwarning: [m[Kunused parameter ‘[01m[Kdeterministic[m[K’ [[01;35m[K-Wunused-parameter[m[K]
     bool [01;35m[Kdeterministic[m[K, ::google::protobuf::uint8* target) const {
          [01;35m[K^~~~~~~~~~~~~[m[K
[01m[K/userdir/catkin_ws/build/consai2_sender/grSim_Replacement.pb.cc:[m[K In member function ‘[01m[Kvirtual google::protobuf::uint8* grSim_Replacement::InternalSerializeWithCachedSizesToArray(bool, google::protobuf::uint8*) const[m[K’:
[01m[K/userdir/catkin_ws/build/consai2_sender/grSim_Replacement.pb.cc:1417:10:[m[K [01;35m[Kwarning: [m[Kunused parameter ‘[01m[Kdeterministic[m[K’ [[01;35m[K-Wunused-parameter[m[K]
     bool [01;35m[Kdeterministic[m[K, ::google::protobuf::uint8* target) const {
          [01;35m[K^~~~~~~~~~~~~[m[K
