-- Found ament_cmake: 0.7.3 (/opt/ros/dashing/share/ament_cmake/cmake)
-- Using PYTHON_EXECUTABLE: /usr/bin/python3
-- Found rclcpp: 0.7.11 (/opt/ros/dashing/share/rclcpp/cmake)
-- Found rosidl_adapter: 0.7.7 (/opt/ros/dashing/share/rosidl_adapter/cmake)
-- Found rmw_implementation_cmake: 0.7.2 (/opt/ros/dashing/share/rmw_implementation_cmake/cmake)
-- Found std_msgs: 0.7.0 (/opt/ros/dashing/share/std_msgs/cmake)
-- Found consai2_msgs: 0.0.0 (/userdir/catkin_ws/install/consai2_msgs/share/consai2_msgs/cmake)
-- Found Protobuf: /usr/lib/x86_64-linux-gnu/libprotobuf.so;-lpthread (found version "3.0.0") 
-- Found ament_lint_auto: 0.7.11 (/opt/ros/dashing/share/ament_lint_auto/cmake)
-- Added test 'copyright' to check for copyright in CMake / C / C++ / Python code
-- Added test 'cppcheck' to perform static code analysis on C / C++ code
-- Configured cppcheck include dirs: /userdir/catkin_ws/src/consai2r2/consai2_sender/include
-- Added test 'cpplint' to check C / C++ code against the Google style
-- Added test 'lint_cmake' to check CMake code style
-- Added test 'uncrustify' to check C / C++ code style
-- Added test 'xmllint' to check XML markup files
-- Configuring done
-- Generating done
-- Build files have been written to: /userdir/catkin_ws/build/consai2_sender
[ 25%] [34m[1mRunning C++ protocol buffer compiler on include/consai2_sender/proto/grSim_Replacement.proto[0m
[ 25%] [34m[1mRunning C++ protocol buffer compiler on include/consai2_sender/proto/grSim_Packet.proto[0m
[ 37%] [34m[1mRunning C++ protocol buffer compiler on include/consai2_sender/proto/grSim_Commands.proto[0m
[35m[1mScanning dependencies of target sim_sender[0m
[ 62%] [32mBuilding CXX object CMakeFiles/sim_sender.dir/grSim_Packet.pb.cc.o[0m
[ 62%] [32mBuilding CXX object CMakeFiles/sim_sender.dir/grSim_Commands.pb.cc.o[0m
[ 75%] [32mBuilding CXX object CMakeFiles/sim_sender.dir/grSim_Replacement.pb.cc.o[0m
[ 87%] [32mBuilding CXX object CMakeFiles/sim_sender.dir/src/sim_sender.cpp.o[0m
[100%] [32m[1mLinking CXX executable sim_sender[0m
[100%] Built target sim_sender
[100%] Built target sim_sender
[36mInstall the project...[0m
-- Install configuration: ""
-- Installing: /userdir/catkin_ws/install/consai2_sender/lib/consai2_sender/sim_sender
-- Set runtime path of "/userdir/catkin_ws/install/consai2_sender/lib/consai2_sender/sim_sender" to ""
-- Installing: /userdir/catkin_ws/install/consai2_sender/share/ament_index/resource_index/package_run_dependencies/consai2_sender
-- Installing: /userdir/catkin_ws/install/consai2_sender/share/ament_index/resource_index/parent_prefix_path/consai2_sender
-- Installing: /userdir/catkin_ws/install/consai2_sender/share/consai2_sender/environment/ament_prefix_path.sh
-- Installing: /userdir/catkin_ws/install/consai2_sender/share/consai2_sender/environment/path.sh
-- Installing: /userdir/catkin_ws/install/consai2_sender/share/consai2_sender/local_setup.bash
-- Installing: /userdir/catkin_ws/install/consai2_sender/share/consai2_sender/local_setup.sh
-- Installing: /userdir/catkin_ws/install/consai2_sender/share/consai2_sender/local_setup.zsh
-- Installing: /userdir/catkin_ws/install/consai2_sender/share/ament_index/resource_index/packages/consai2_sender
-- Installing: /userdir/catkin_ws/install/consai2_sender/share/consai2_sender/cmake/consai2_senderConfig.cmake
-- Installing: /userdir/catkin_ws/install/consai2_sender/share/consai2_sender/cmake/consai2_senderConfig-version.cmake
-- Installing: /userdir/catkin_ws/install/consai2_sender/share/consai2_sender/package.xml
