Invoking command in '/userdir/catkin_ws/build/consai2_sender': AMENT_PREFIX_PATH=/userdir/catkin_ws/install/consai2_msgs:${AMENT_PREFIX_PATH} CMAKE_PREFIX_PATH=/userdir/catkin_ws/install/consai2_msgs:/opt/ros/dashing LD_LIBRARY_PATH=/userdir/catkin_ws/install/consai2_msgs/lib:${LD_LIBRARY_PATH} PYTHONPATH=/userdir/catkin_ws/install/consai2_msgs/lib/python3.6/site-packages:${PYTHONPATH} /usr/bin/cmake /userdir/catkin_ws/src/consai2r2/consai2_sender -DCMAKE_INSTALL_PREFIX=/userdir/catkin_ws/install/consai2_sender
-- The C compiler identification is GNU 7.4.0
-- The CXX compiler identification is GNU 7.4.0
-- Check for working C compiler: /usr/bin/cc
-- Check for working C compiler: /usr/bin/cc -- works
-- Detecting C compiler ABI info
-- Detecting C compiler ABI info - done
-- Detecting C compile features
-- Detecting C compile features - done
-- Check for working CXX compiler: /usr/bin/c++
-- Check for working CXX compiler: /usr/bin/c++ -- works
-- Detecting CXX compiler ABI info
-- Detecting CXX compiler ABI info - done
-- Detecting CXX compile features
-- Detecting CXX compile features - done
-- Found ament_cmake: 0.7.3 (/opt/ros/dashing/share/ament_cmake/cmake)
-- Found PythonInterp: /usr/bin/python3 (found suitable version "3.6.9", minimum required is "3") 
-- Using PYTHON_EXECUTABLE: /usr/bin/python3
-- Found rclcpp: 0.7.11 (/opt/ros/dashing/share/rclcpp/cmake)
-- Found rosidl_adapter: 0.7.7 (/opt/ros/dashing/share/rosidl_adapter/cmake)
-- Found rmw_implementation_cmake: 0.7.2 (/opt/ros/dashing/share/rmw_implementation_cmake/cmake)
-- Looking for pthread.h
-- Looking for pthread.h - found
-- Looking for pthread_create
-- Looking for pthread_create - not found
-- Looking for pthread_create in pthreads
-- Looking for pthread_create in pthreads - not found
-- Looking for pthread_create in pthread
-- Looking for pthread_create in pthread - found
-- Found Threads: TRUE  
-- Found std_msgs: 0.7.0 (/opt/ros/dashing/share/std_msgs/cmake)
-- Found consai2_msgs: 0.0.0 (/userdir/catkin_ws/install/consai2_msgs/share/consai2_msgs/cmake)
CMake Error at /usr/share/cmake-3.10/Modules/FindPackageHandleStandardArgs.cmake:137 (message):
  Could NOT find Protobuf (missing: Protobuf_INCLUDE_DIR)
Call Stack (most recent call first):
  /usr/share/cmake-3.10/Modules/FindPackageHandleStandardArgs.cmake:378 (_FPHSA_FAILURE_MESSAGE)
  /usr/share/cmake-3.10/Modules/FindProtobuf.cmake:543 (FIND_PACKAGE_HANDLE_STANDARD_ARGS)
  CMakeLists.txt:21 (find_package)


-- Configuring incomplete, errors occurred!
See also "/userdir/catkin_ws/build/consai2_sender/CMakeFiles/CMakeOutput.log".
See also "/userdir/catkin_ws/build/consai2_sender/CMakeFiles/CMakeError.log".
Invoked command in '/userdir/catkin_ws/build/consai2_sender' returned '1': AMENT_PREFIX_PATH=/userdir/catkin_ws/install/consai2_msgs:${AMENT_PREFIX_PATH} CMAKE_PREFIX_PATH=/userdir/catkin_ws/install/consai2_msgs:/opt/ros/dashing LD_LIBRARY_PATH=/userdir/catkin_ws/install/consai2_msgs/lib:${LD_LIBRARY_PATH} PYTHONPATH=/userdir/catkin_ws/install/consai2_msgs/lib/python3.6/site-packages:${PYTHONPATH} /usr/bin/cmake /userdir/catkin_ws/src/consai2r2/consai2_sender -DCMAKE_INSTALL_PREFIX=/userdir/catkin_ws/install/consai2_sender
