[0.000000] (-) TimerEvent: {}
[0.000345] (consai2_msgs) JobQueued: {'identifier': 'consai2_msgs', 'dependencies': OrderedDict()}
[0.000642] (consai2_sender) JobQueued: {'identifier': 'consai2_sender', 'dependencies': OrderedDict([('consai2_msgs', '/userdir/catkin_ws/install/consai2_msgs')])}
[0.000879] (consai2_teleop) JobQueued: {'identifier': 'consai2_teleop', 'dependencies': OrderedDict([('consai2_msgs', '/userdir/catkin_ws/install/consai2_msgs')])}
[0.000936] (consai2_msgs) JobStarted: {'identifier': 'consai2_msgs'}
[0.014090] (consai2_msgs) JobProgress: {'identifier': 'consai2_msgs', 'progress': 'cmake'}
[0.014926] (consai2_msgs) JobProgress: {'identifier': 'consai2_msgs', 'progress': 'build'}
[0.015616] (consai2_msgs) Command: {'cmd': ['/usr/bin/cmake', '--build', '/userdir/catkin_ws/build/consai2_msgs', '--', '-j36', '-l36'], 'cwd': '/userdir/catkin_ws/build/consai2_msgs', 'env': OrderedDict([('HOSTNAME', 'future731-WS-X299-SAGE'), ('LD_LIBRARY_PATH', '/opt/ros/dashing/opt/yaml_cpp_vendor/lib:/opt/ros/dashing/opt/rviz_ogre_vendor/lib:/opt/ros/dashing/lib:/usr/lib/x86_64-linux-gnu:/usr/lib/i386-linux-gnu:/usr/local/nvidia/lib:/usr/local/nvidia/lib64'), ('SHLVL', '1'), ('OLDPWD', '/userdir'), ('HOME', '/root'), ('ROS_PYTHON_VERSION', '3'), ('DOCKER_ROS_IP', 'localhost'), ('ROS_DISTRO', 'dashing'), ('_', '/usr/bin/colcon'), ('ROS_VERSION', '2'), ('NVIDIA_DRIVER_CAPABILITIES', 'graphics,compat32,utility'), ('TERM', 'xterm'), ('QT_X11_NO_MITSHM', '1'), ('PATH', '/opt/ros/dashing/bin:/usr/local/sbin:/usr/local/bin:/usr/sbin:/usr/bin:/sbin:/bin'), ('DISPLAY', ':0'), ('DOCKER_ROS_SETUP', '/catkin_ws/devel/setup.bash'), ('LANG', 'ja_JP.UTF-8'), ('AMENT_PREFIX_PATH', '/opt/ros/dashing'), ('DEBIAN_FRONTEND', 'noninteractive'), ('PWD', '/userdir/catkin_ws/build/consai2_msgs'), ('PYTHONPATH', '/opt/ros/dashing/lib/python3.6/site-packages'), ('NVIDIA_VISIBLE_DEVICES', 'all'), ('CMAKE_PREFIX_PATH', '/opt/ros/dashing')]), 'shell': False}
[0.099836] (-) TimerEvent: {}
[0.112822] (consai2_msgs) StdoutLine: {'line': b'[  2%] Built target consai2_msgs__cpp\n'}
[0.132028] (consai2_msgs) StdoutLine: {'line': b'[ 13%] Built target consai2_msgs__rosidl_generator_c\n'}
[0.152380] (consai2_msgs) StdoutLine: {'line': b'[ 24%] Built target consai2_msgs__rosidl_typesupport_introspection_cpp\n'}
[0.155122] (consai2_msgs) StdoutLine: {'line': b'[ 35%] Built target consai2_msgs__rosidl_typesupport_fastrtps_cpp\n'}
[0.177131] (consai2_msgs) StdoutLine: {'line': b'[ 45%] Built target consai2_msgs__rosidl_typesupport_introspection_c\n'}
[0.196963] (consai2_msgs) StdoutLine: {'line': b'[ 56%] Built target consai2_msgs__rosidl_typesupport_cpp\n'}
[0.198486] (consai2_msgs) StdoutLine: {'line': b'[ 67%] Built target consai2_msgs__rosidl_typesupport_fastrtps_c\n'}
[0.199874] (-) TimerEvent: {}
[0.255009] (consai2_msgs) StdoutLine: {'line': b'[ 78%] Built target consai2_msgs__rosidl_typesupport_c\n'}
[0.287008] (consai2_msgs) StdoutLine: {'line': b'[ 78%] Built target consai2_msgs\n'}
[0.299999] (-) TimerEvent: {}
[0.318978] (consai2_msgs) StdoutLine: {'line': b'[ 81%] Built target consai2_msgs__py\n'}
[0.358902] (consai2_msgs) StdoutLine: {'line': b'[ 89%] Built target consai2_msgs__python\n'}
[0.400139] (-) TimerEvent: {}
[0.400596] (consai2_msgs) StdoutLine: {'line': b'[100%] Built target consai2_msgs__rosidl_typesupport_fastrtps_c__pyext\n'}
[0.400794] (consai2_msgs) StdoutLine: {'line': b'[100%] Built target consai2_msgs__rosidl_typesupport_c__pyext\n'}
[0.423828] (consai2_msgs) CommandEnded: {'returncode': 0}
[0.500301] (-) TimerEvent: {}
[0.527196] (consai2_msgs) JobProgress: {'identifier': 'consai2_msgs', 'progress': 'install'}
[0.527834] (consai2_msgs) Command: {'cmd': ['/usr/bin/cmake', '--build', '/userdir/catkin_ws/build/consai2_msgs', '--target', 'install', '--', '-j36', '-l36'], 'cwd': '/userdir/catkin_ws/build/consai2_msgs', 'env': OrderedDict([('HOSTNAME', 'future731-WS-X299-SAGE'), ('LD_LIBRARY_PATH', '/opt/ros/dashing/opt/yaml_cpp_vendor/lib:/opt/ros/dashing/opt/rviz_ogre_vendor/lib:/opt/ros/dashing/lib:/usr/lib/x86_64-linux-gnu:/usr/lib/i386-linux-gnu:/usr/local/nvidia/lib:/usr/local/nvidia/lib64'), ('SHLVL', '1'), ('OLDPWD', '/userdir'), ('HOME', '/root'), ('ROS_PYTHON_VERSION', '3'), ('DOCKER_ROS_IP', 'localhost'), ('ROS_DISTRO', 'dashing'), ('_', '/usr/bin/colcon'), ('ROS_VERSION', '2'), ('NVIDIA_DRIVER_CAPABILITIES', 'graphics,compat32,utility'), ('TERM', 'xterm'), ('QT_X11_NO_MITSHM', '1'), ('PATH', '/opt/ros/dashing/bin:/usr/local/sbin:/usr/local/bin:/usr/sbin:/usr/bin:/sbin:/bin'), ('DISPLAY', ':0'), ('DOCKER_ROS_SETUP', '/catkin_ws/devel/setup.bash'), ('LANG', 'ja_JP.UTF-8'), ('AMENT_PREFIX_PATH', '/opt/ros/dashing'), ('DEBIAN_FRONTEND', 'noninteractive'), ('PWD', '/userdir/catkin_ws/build/consai2_msgs'), ('PYTHONPATH', '/opt/ros/dashing/lib/python3.6/site-packages'), ('NVIDIA_VISIBLE_DEVICES', 'all'), ('CMAKE_PREFIX_PATH', '/opt/ros/dashing')]), 'shell': False}
[0.600518] (-) TimerEvent: {}
[0.616828] (consai2_msgs) StdoutLine: {'line': b'[ 10%] Built target consai2_msgs__rosidl_generator_c\n'}
[0.618328] (consai2_msgs) StdoutLine: {'line': b'[ 13%] Built target consai2_msgs__cpp\n'}
[0.658964] (consai2_msgs) StdoutLine: {'line': b'[ 24%] Built target consai2_msgs__rosidl_typesupport_introspection_c\n'}
[0.659249] (consai2_msgs) StdoutLine: {'line': b'[ 35%] Built target consai2_msgs__rosidl_typesupport_fastrtps_cpp\n'}
[0.664539] (consai2_msgs) StdoutLine: {'line': b'[ 45%] Built target consai2_msgs__rosidl_typesupport_introspection_cpp\n'}
[0.700675] (-) TimerEvent: {}
[0.701385] (consai2_msgs) StdoutLine: {'line': b'[ 56%] Built target consai2_msgs__rosidl_typesupport_cpp\n'}
[0.715669] (consai2_msgs) StdoutLine: {'line': b'[ 67%] Built target consai2_msgs__rosidl_typesupport_fastrtps_c\n'}
[0.763649] (consai2_msgs) StdoutLine: {'line': b'[ 78%] Built target consai2_msgs__rosidl_typesupport_c\n'}
[0.793910] (consai2_msgs) StdoutLine: {'line': b'[ 78%] Built target consai2_msgs\n'}
[0.800799] (-) TimerEvent: {}
[0.823750] (consai2_msgs) StdoutLine: {'line': b'[ 81%] Built target consai2_msgs__py\n'}
[0.873313] (consai2_msgs) StdoutLine: {'line': b'[ 89%] Built target consai2_msgs__python\n'}
[0.900948] (-) TimerEvent: {}
[0.916820] (consai2_msgs) StdoutLine: {'line': b'[ 94%] Built target consai2_msgs__rosidl_typesupport_c__pyext\n'}
[0.918302] (consai2_msgs) StdoutLine: {'line': b'[100%] Built target consai2_msgs__rosidl_typesupport_fastrtps_c__pyext\n'}
[0.957870] (consai2_msgs) StdoutLine: {'line': b'\x1b[36mInstall the project...\x1b[0m\n'}
[0.978074] (consai2_msgs) StdoutLine: {'line': b'-- Install configuration: ""\n'}
[0.978426] (consai2_msgs) StdoutLine: {'line': b'-- Up-to-date: /userdir/catkin_ws/install/consai2_msgs/share/ament_index/resource_index/rosidl_interfaces/consai2_msgs\n'}
[0.978626] (consai2_msgs) StdoutLine: {'line': b'-- Up-to-date: /userdir/catkin_ws/install/consai2_msgs/lib/libconsai2_msgs__rosidl_typesupport_c.so\n'}
[0.978845] (consai2_msgs) StdoutLine: {'line': b'-- Up-to-date: /userdir/catkin_ws/install/consai2_msgs/share/consai2_msgs/environment/library_path.sh\n'}
[0.979114] (consai2_msgs) StdoutLine: {'line': b'-- Up-to-date: /userdir/catkin_ws/install/consai2_msgs/lib/libconsai2_msgs__rosidl_typesupport_cpp.so\n'}
[0.979448] (consai2_msgs) StdoutLine: {'line': b'-- Up-to-date: /userdir/catkin_ws/install/consai2_msgs/include/consai2_msgs\n'}
[0.979663] (consai2_msgs) StdoutLine: {'line': b'-- Up-to-date: /userdir/catkin_ws/install/consai2_msgs/include/consai2_msgs/msg\n'}
[0.979807] (consai2_msgs) StdoutLine: {'line': b'-- Up-to-date: /userdir/catkin_ws/install/consai2_msgs/include/consai2_msgs/msg/rosidl_typesupport_fastrtps_c__visibility_control.h\n'}
[0.979943] (consai2_msgs) StdoutLine: {'line': b'-- Up-to-date: /userdir/catkin_ws/install/consai2_msgs/include/consai2_msgs/msg/robot_commands__rosidl_typesupport_fastrtps_c.h\n'}
[0.980108] (consai2_msgs) StdoutLine: {'line': b'-- Up-to-date: /userdir/catkin_ws/install/consai2_msgs/include/consai2_msgs/msg/robot_command__rosidl_typesupport_fastrtps_c.h\n'}
[0.980240] (consai2_msgs) StdoutLine: {'line': b'-- Up-to-date: /userdir/catkin_ws/install/consai2_msgs/lib/libconsai2_msgs__rosidl_typesupport_fastrtps_c.so\n'}
[0.980547] (consai2_msgs) StdoutLine: {'line': b'-- Up-to-date: /userdir/catkin_ws/install/consai2_msgs/include/consai2_msgs\n'}
[0.980771] (consai2_msgs) StdoutLine: {'line': b'-- Up-to-date: /userdir/catkin_ws/install/consai2_msgs/include/consai2_msgs/msg\n'}
[0.980903] (consai2_msgs) StdoutLine: {'line': b'-- Up-to-date: /userdir/catkin_ws/install/consai2_msgs/include/consai2_msgs/msg/robot_commands.h\n'}
[0.981068] (consai2_msgs) StdoutLine: {'line': b'-- Up-to-date: /userdir/catkin_ws/install/consai2_msgs/include/consai2_msgs/msg/robot_commands__functions.h\n'}
[0.981198] (consai2_msgs) StdoutLine: {'line': b'-- Up-to-date: /userdir/catkin_ws/install/consai2_msgs/include/consai2_msgs/msg/rosidl_generator_c__visibility_control.h\n'}
[0.981431] (consai2_msgs) StdoutLine: {'line': b'-- Up-to-date: /userdir/catkin_ws/install/consai2_msgs/include/consai2_msgs/msg/robot_command__struct.h\n'}
[0.981559] (consai2_msgs) StdoutLine: {'line': b'-- Up-to-date: /userdir/catkin_ws/install/consai2_msgs/include/consai2_msgs/msg/robot_command__functions.c\n'}
[0.981743] (consai2_msgs) StdoutLine: {'line': b'-- Up-to-date: /userdir/catkin_ws/install/consai2_msgs/include/consai2_msgs/msg/robot_command.h\n'}
[0.981906] (consai2_msgs) StdoutLine: {'line': b'-- Up-to-date: /userdir/catkin_ws/install/consai2_msgs/include/consai2_msgs/msg/robot_commands__functions.c\n'}
[0.982204] (consai2_msgs) StdoutLine: {'line': b'-- Up-to-date: /userdir/catkin_ws/install/consai2_msgs/include/consai2_msgs/msg/robot_commands__type_support.h\n'}
[0.982460] (consai2_msgs) StdoutLine: {'line': b'-- Up-to-date: /userdir/catkin_ws/install/consai2_msgs/include/consai2_msgs/msg/robot_command__type_support.h\n'}
[0.982617] (consai2_msgs) StdoutLine: {'line': b'-- Up-to-date: /userdir/catkin_ws/install/consai2_msgs/include/consai2_msgs/msg/robot_command__functions.h\n'}
[0.982877] (consai2_msgs) StdoutLine: {'line': b'-- Up-to-date: /userdir/catkin_ws/install/consai2_msgs/include/consai2_msgs/msg/robot_commands__struct.h\n'}
[0.983207] (consai2_msgs) StdoutLine: {'line': b'-- Up-to-date: /userdir/catkin_ws/install/consai2_msgs/lib/libconsai2_msgs__rosidl_generator_c.so\n'}
[0.983417] (consai2_msgs) StdoutLine: {'line': b'-- Up-to-date: /userdir/catkin_ws/install/consai2_msgs/include/consai2_msgs\n'}
[0.983660] (consai2_msgs) StdoutLine: {'line': b'-- Up-to-date: /userdir/catkin_ws/install/consai2_msgs/include/consai2_msgs/msg\n'}
[0.983918] (consai2_msgs) StdoutLine: {'line': b'-- Up-to-date: /userdir/catkin_ws/install/consai2_msgs/include/consai2_msgs/msg/rosidl_typesupport_fastrtps_cpp__visibility_control.h\n'}
[0.984114] (consai2_msgs) StdoutLine: {'line': b'-- Up-to-date: /userdir/catkin_ws/install/consai2_msgs/include/consai2_msgs/msg/robot_commands__rosidl_typesupport_fastrtps_cpp.hpp\n'}
[0.984248] (consai2_msgs) StdoutLine: {'line': b'-- Up-to-date: /userdir/catkin_ws/install/consai2_msgs/include/consai2_msgs/msg/robot_command__rosidl_typesupport_fastrtps_cpp.hpp\n'}
[0.984484] (consai2_msgs) StdoutLine: {'line': b'-- Up-to-date: /userdir/catkin_ws/install/consai2_msgs/include/consai2_msgs/msg/dds_fastrtps\n'}
[0.984706] (consai2_msgs) StdoutLine: {'line': b'-- Up-to-date: /userdir/catkin_ws/install/consai2_msgs/lib/libconsai2_msgs__rosidl_typesupport_fastrtps_cpp.so\n'}
[0.984923] (consai2_msgs) StdoutLine: {'line': b'-- Up-to-date: /userdir/catkin_ws/install/consai2_msgs/include/consai2_msgs\n'}
[0.985127] (consai2_msgs) StdoutLine: {'line': b'-- Up-to-date: /userdir/catkin_ws/install/consai2_msgs/include/consai2_msgs/msg\n'}
[0.985328] (consai2_msgs) StdoutLine: {'line': b'-- Up-to-date: /userdir/catkin_ws/install/consai2_msgs/include/consai2_msgs/msg/robot_commands__traits.hpp\n'}
[0.985527] (consai2_msgs) StdoutLine: {'line': b'-- Up-to-date: /userdir/catkin_ws/install/consai2_msgs/include/consai2_msgs/msg/robot_command__traits.hpp\n'}
[0.985725] (consai2_msgs) StdoutLine: {'line': b'-- Up-to-date: /userdir/catkin_ws/install/consai2_msgs/include/consai2_msgs/msg/robot_command.hpp\n'}
[0.985938] (consai2_msgs) StdoutLine: {'line': b'-- Up-to-date: /userdir/catkin_ws/install/consai2_msgs/include/consai2_msgs/msg/robot_command__struct.hpp\n'}
[0.986181] (consai2_msgs) StdoutLine: {'line': b'-- Up-to-date: /userdir/catkin_ws/install/consai2_msgs/include/consai2_msgs/msg/robot_commands.hpp\n'}
[0.986398] (consai2_msgs) StdoutLine: {'line': b'-- Up-to-date: /userdir/catkin_ws/install/consai2_msgs/include/consai2_msgs/msg/robot_commands__struct.hpp\n'}
[0.986599] (consai2_msgs) StdoutLine: {'line': b'-- Up-to-date: /userdir/catkin_ws/install/consai2_msgs/include/consai2_msgs\n'}
[0.986796] (consai2_msgs) StdoutLine: {'line': b'-- Up-to-date: /userdir/catkin_ws/install/consai2_msgs/include/consai2_msgs/msg\n'}
[0.986996] (consai2_msgs) StdoutLine: {'line': b'-- Up-to-date: /userdir/catkin_ws/install/consai2_msgs/include/consai2_msgs/msg/robot_commands__type_support.c\n'}
[0.987196] (consai2_msgs) StdoutLine: {'line': b'-- Up-to-date: /userdir/catkin_ws/install/consai2_msgs/include/consai2_msgs/msg/rosidl_typesupport_introspection_c__visibility_control.h\n'}
[0.987405] (consai2_msgs) StdoutLine: {'line': b'-- Up-to-date: /userdir/catkin_ws/install/consai2_msgs/include/consai2_msgs/msg/robot_commands__rosidl_typesupport_introspection_c.h\n'}
[0.987623] (consai2_msgs) StdoutLine: {'line': b'-- Up-to-date: /userdir/catkin_ws/install/consai2_msgs/include/consai2_msgs/msg/robot_command__type_support.c\n'}
[0.987828] (consai2_msgs) StdoutLine: {'line': b'-- Up-to-date: /userdir/catkin_ws/install/consai2_msgs/include/consai2_msgs/msg/robot_command__rosidl_typesupport_introspection_c.h\n'}
[0.988027] (consai2_msgs) StdoutLine: {'line': b'-- Up-to-date: /userdir/catkin_ws/install/consai2_msgs/lib/libconsai2_msgs__rosidl_typesupport_introspection_c.so\n'}
[0.988226] (consai2_msgs) StdoutLine: {'line': b'-- Up-to-date: /userdir/catkin_ws/install/consai2_msgs/include/consai2_msgs\n'}
[0.988445] (consai2_msgs) StdoutLine: {'line': b'-- Up-to-date: /userdir/catkin_ws/install/consai2_msgs/include/consai2_msgs/msg\n'}
[0.988654] (consai2_msgs) StdoutLine: {'line': b'-- Up-to-date: /userdir/catkin_ws/install/consai2_msgs/include/consai2_msgs/msg/robot_commands__type_support.cpp\n'}
[0.988874] (consai2_msgs) StdoutLine: {'line': b'-- Up-to-date: /userdir/catkin_ws/install/consai2_msgs/include/consai2_msgs/msg/robot_commands__rosidl_typesupport_introspection_cpp.hpp\n'}
[0.989079] (consai2_msgs) StdoutLine: {'line': b'-- Up-to-date: /userdir/catkin_ws/install/consai2_msgs/include/consai2_msgs/msg/robot_command__type_support.cpp\n'}
[0.989300] (consai2_msgs) StdoutLine: {'line': b'-- Up-to-date: /userdir/catkin_ws/install/consai2_msgs/include/consai2_msgs/msg/robot_command__rosidl_typesupport_introspection_cpp.hpp\n'}
[0.989523] (consai2_msgs) StdoutLine: {'line': b'-- Up-to-date: /userdir/catkin_ws/install/consai2_msgs/lib/libconsai2_msgs__rosidl_typesupport_introspection_cpp.so\n'}
[0.989729] (consai2_msgs) StdoutLine: {'line': b'-- Up-to-date: /userdir/catkin_ws/install/consai2_msgs/share/consai2_msgs/environment/pythonpath.sh\n'}
[0.989929] (consai2_msgs) StdoutLine: {'line': b'-- Up-to-date: /userdir/catkin_ws/install/consai2_msgs/lib/python3.6/site-packages/consai2_msgs/__init__.py\n'}
[1.001033] (-) TimerEvent: {}
[1.031465] (consai2_msgs) StdoutLine: {'line': b'-- Up-to-date: /userdir/catkin_ws/install/consai2_msgs/lib/python3.6/site-packages/consai2_msgs/msg\n'}
[1.031923] (consai2_msgs) StdoutLine: {'line': b'-- Up-to-date: /userdir/catkin_ws/install/consai2_msgs/lib/python3.6/site-packages/consai2_msgs/msg/_robot_command_s.c\n'}
[1.032158] (consai2_msgs) StdoutLine: {'line': b'-- Up-to-date: /userdir/catkin_ws/install/consai2_msgs/lib/python3.6/site-packages/consai2_msgs/msg/_robot_command.py\n'}
[1.032454] (consai2_msgs) StdoutLine: {'line': b'-- Up-to-date: /userdir/catkin_ws/install/consai2_msgs/lib/python3.6/site-packages/consai2_msgs/msg/_robot_commands_s.c\n'}
[1.032694] (consai2_msgs) StdoutLine: {'line': b'-- Up-to-date: /userdir/catkin_ws/install/consai2_msgs/lib/python3.6/site-packages/consai2_msgs/msg/__init__.py\n'}
[1.032963] (consai2_msgs) StdoutLine: {'line': b'-- Up-to-date: /userdir/catkin_ws/install/consai2_msgs/lib/python3.6/site-packages/consai2_msgs/msg/_robot_commands.py\n'}
[1.033172] (consai2_msgs) StdoutLine: {'line': b'-- Up-to-date: /userdir/catkin_ws/install/consai2_msgs/lib/python3.6/site-packages/consai2_msgs/consai2_msgs_s__rosidl_typesupport_c.cpython-36m-x86_64-linux-gnu.so\n'}
[1.034783] (consai2_msgs) StdoutLine: {'line': b'-- Up-to-date: /userdir/catkin_ws/install/consai2_msgs/lib/python3.6/site-packages/consai2_msgs/consai2_msgs_s__rosidl_typesupport_fastrtps_c.cpython-36m-x86_64-linux-gnu.so\n'}
[1.036363] (consai2_msgs) StdoutLine: {'line': b'-- Up-to-date: /userdir/catkin_ws/install/consai2_msgs/lib/libconsai2_msgs__python.so\n'}
[1.036835] (consai2_msgs) StdoutLine: {'line': b'-- Up-to-date: /userdir/catkin_ws/install/consai2_msgs/share/consai2_msgs/msg/RobotCommand.idl\n'}
[1.037114] (consai2_msgs) StdoutLine: {'line': b'-- Up-to-date: /userdir/catkin_ws/install/consai2_msgs/share/consai2_msgs/msg/RobotCommands.idl\n'}
[1.037402] (consai2_msgs) StdoutLine: {'line': b'-- Up-to-date: /userdir/catkin_ws/install/consai2_msgs/share/consai2_msgs/msg/RobotCommand.msg\n'}
[1.037671] (consai2_msgs) StdoutLine: {'line': b'-- Up-to-date: /userdir/catkin_ws/install/consai2_msgs/share/consai2_msgs/msg/RobotCommands.msg\n'}
[1.037936] (consai2_msgs) StdoutLine: {'line': b'-- Up-to-date: /userdir/catkin_ws/install/consai2_msgs/share/ament_index/resource_index/package_run_dependencies/consai2_msgs\n'}
[1.038199] (consai2_msgs) StdoutLine: {'line': b'-- Up-to-date: /userdir/catkin_ws/install/consai2_msgs/share/ament_index/resource_index/parent_prefix_path/consai2_msgs\n'}
[1.038476] (consai2_msgs) StdoutLine: {'line': b'-- Up-to-date: /userdir/catkin_ws/install/consai2_msgs/share/consai2_msgs/environment/ament_prefix_path.sh\n'}
[1.038733] (consai2_msgs) StdoutLine: {'line': b'-- Up-to-date: /userdir/catkin_ws/install/consai2_msgs/share/consai2_msgs/environment/path.sh\n'}
[1.039043] (consai2_msgs) StdoutLine: {'line': b'-- Up-to-date: /userdir/catkin_ws/install/consai2_msgs/share/consai2_msgs/local_setup.bash\n'}
[1.039256] (consai2_msgs) StdoutLine: {'line': b'-- Up-to-date: /userdir/catkin_ws/install/consai2_msgs/share/consai2_msgs/local_setup.sh\n'}
[1.039462] (consai2_msgs) StdoutLine: {'line': b'-- Up-to-date: /userdir/catkin_ws/install/consai2_msgs/share/consai2_msgs/local_setup.zsh\n'}
[1.039664] (consai2_msgs) StdoutLine: {'line': b'-- Up-to-date: /userdir/catkin_ws/install/consai2_msgs/share/ament_index/resource_index/packages/consai2_msgs\n'}
[1.039866] (consai2_msgs) StdoutLine: {'line': b'-- Up-to-date: /userdir/catkin_ws/install/consai2_msgs/share/consai2_msgs/cmake/rosidl_cmake-extras.cmake\n'}
[1.040074] (consai2_msgs) StdoutLine: {'line': b'-- Up-to-date: /userdir/catkin_ws/install/consai2_msgs/share/consai2_msgs/cmake/ament_cmake_export_dependencies-extras.cmake\n'}
[1.040287] (consai2_msgs) StdoutLine: {'line': b'-- Up-to-date: /userdir/catkin_ws/install/consai2_msgs/share/consai2_msgs/cmake/ament_cmake_export_libraries-extras.cmake\n'}
[1.040540] (consai2_msgs) StdoutLine: {'line': b'-- Up-to-date: /userdir/catkin_ws/install/consai2_msgs/share/consai2_msgs/cmake/ament_cmake_export_include_directories-extras.cmake\n'}
[1.040770] (consai2_msgs) StdoutLine: {'line': b'-- Up-to-date: /userdir/catkin_ws/install/consai2_msgs/share/consai2_msgs/cmake/consai2_msgsConfig.cmake\n'}
[1.040992] (consai2_msgs) StdoutLine: {'line': b'-- Up-to-date: /userdir/catkin_ws/install/consai2_msgs/share/consai2_msgs/cmake/consai2_msgsConfig-version.cmake\n'}
[1.041198] (consai2_msgs) StdoutLine: {'line': b'-- Up-to-date: /userdir/catkin_ws/install/consai2_msgs/share/consai2_msgs/package.xml\n'}
[1.044518] (consai2_msgs) CommandEnded: {'returncode': 0}
[1.066865] (consai2_msgs) JobEnded: {'identifier': 'consai2_msgs', 'rc': 0}
[1.071108] (consai2_sender) JobStarted: {'identifier': 'consai2_sender'}
[1.074897] (consai2_teleop) JobStarted: {'identifier': 'consai2_teleop'}
[1.087736] (consai2_sender) JobProgress: {'identifier': 'consai2_sender', 'progress': 'cmake'}
[1.088983] (consai2_sender) Command: {'cmd': ['/usr/bin/cmake', '/userdir/catkin_ws/src/consai2r2/consai2_sender', '-DCMAKE_INSTALL_PREFIX=/userdir/catkin_ws/install/consai2_sender'], 'cwd': '/userdir/catkin_ws/build/consai2_sender', 'env': OrderedDict([('HOSTNAME', 'future731-WS-X299-SAGE'), ('LD_LIBRARY_PATH', '/userdir/catkin_ws/install/consai2_msgs/lib:/opt/ros/dashing/opt/yaml_cpp_vendor/lib:/opt/ros/dashing/opt/rviz_ogre_vendor/lib:/opt/ros/dashing/lib:/usr/lib/x86_64-linux-gnu:/usr/lib/i386-linux-gnu:/usr/local/nvidia/lib:/usr/local/nvidia/lib64'), ('SHLVL', '1'), ('OLDPWD', '/userdir'), ('HOME', '/root'), ('ROS_PYTHON_VERSION', '3'), ('DOCKER_ROS_IP', 'localhost'), ('ROS_DISTRO', 'dashing'), ('_', '/usr/bin/colcon'), ('ROS_VERSION', '2'), ('NVIDIA_DRIVER_CAPABILITIES', 'graphics,compat32,utility'), ('TERM', 'xterm'), ('QT_X11_NO_MITSHM', '1'), ('PATH', '/opt/ros/dashing/bin:/usr/local/sbin:/usr/local/bin:/usr/sbin:/usr/bin:/sbin:/bin'), ('DISPLAY', ':0'), ('DOCKER_ROS_SETUP', '/catkin_ws/devel/setup.bash'), ('LANG', 'ja_JP.UTF-8'), ('AMENT_PREFIX_PATH', '/userdir/catkin_ws/install/consai2_msgs:/opt/ros/dashing'), ('DEBIAN_FRONTEND', 'noninteractive'), ('PWD', '/userdir/catkin_ws/build/consai2_sender'), ('PYTHONPATH', '/userdir/catkin_ws/install/consai2_msgs/lib/python3.6/site-packages:/opt/ros/dashing/lib/python3.6/site-packages'), ('NVIDIA_VISIBLE_DEVICES', 'all'), ('CMAKE_PREFIX_PATH', '/userdir/catkin_ws/install/consai2_msgs:/opt/ros/dashing')]), 'shell': False}
[1.095929] (consai2_teleop) JobProgress: {'identifier': 'consai2_teleop', 'progress': 'cmake'}
[1.096959] (consai2_teleop) JobProgress: {'identifier': 'consai2_teleop', 'progress': 'build'}
[1.097383] (consai2_teleop) Command: {'cmd': ['/usr/bin/cmake', '--build', '/userdir/catkin_ws/build/consai2_teleop', '--', '-j36', '-l36'], 'cwd': '/userdir/catkin_ws/build/consai2_teleop', 'env': OrderedDict([('HOSTNAME', 'future731-WS-X299-SAGE'), ('LD_LIBRARY_PATH', '/userdir/catkin_ws/install/consai2_msgs/lib:/opt/ros/dashing/opt/yaml_cpp_vendor/lib:/opt/ros/dashing/opt/rviz_ogre_vendor/lib:/opt/ros/dashing/lib:/usr/lib/x86_64-linux-gnu:/usr/lib/i386-linux-gnu:/usr/local/nvidia/lib:/usr/local/nvidia/lib64'), ('SHLVL', '1'), ('OLDPWD', '/userdir'), ('HOME', '/root'), ('ROS_PYTHON_VERSION', '3'), ('DOCKER_ROS_IP', 'localhost'), ('ROS_DISTRO', 'dashing'), ('_', '/usr/bin/colcon'), ('ROS_VERSION', '2'), ('NVIDIA_DRIVER_CAPABILITIES', 'graphics,compat32,utility'), ('TERM', 'xterm'), ('QT_X11_NO_MITSHM', '1'), ('PATH', '/opt/ros/dashing/bin:/usr/local/sbin:/usr/local/bin:/usr/sbin:/usr/bin:/sbin:/bin'), ('DISPLAY', ':0'), ('DOCKER_ROS_SETUP', '/catkin_ws/devel/setup.bash'), ('LANG', 'ja_JP.UTF-8'), ('AMENT_PREFIX_PATH', '/userdir/catkin_ws/install/consai2_msgs:/opt/ros/dashing'), ('DEBIAN_FRONTEND', 'noninteractive'), ('PWD', '/userdir/catkin_ws/build/consai2_teleop'), ('PYTHONPATH', '/userdir/catkin_ws/install/consai2_msgs/lib/python3.6/site-packages:/opt/ros/dashing/lib/python3.6/site-packages'), ('NVIDIA_VISIBLE_DEVICES', 'all'), ('CMAKE_PREFIX_PATH', '/userdir/catkin_ws/install/consai2_msgs:/opt/ros/dashing')]), 'shell': False}
[1.101337] (-) TimerEvent: {}
[1.108610] (consai2_sender) StdoutLine: {'line': b'-- Found ament_cmake: 0.7.3 (/opt/ros/dashing/share/ament_cmake/cmake)\n'}
[1.131833] (consai2_sender) StdoutLine: {'line': b'-- Using PYTHON_EXECUTABLE: /usr/bin/python3\n'}
[1.161175] (consai2_teleop) StdoutLine: {'line': b'\x1b[35m\x1b[1mScanning dependencies of target joystick_component\x1b[0m\n'}
[1.201478] (-) TimerEvent: {}
[1.210378] (consai2_teleop) StdoutLine: {'line': b'[ 25%] \x1b[32mBuilding CXX object CMakeFiles/joystick_component.dir/src/joystick_component.cpp.o\x1b[0m\n'}
[1.301672] (-) TimerEvent: {}
[1.347200] (consai2_sender) StdoutLine: {'line': b'-- Found rclcpp: 0.7.11 (/opt/ros/dashing/share/rclcpp/cmake)\n'}
[1.365300] (consai2_sender) StdoutLine: {'line': b'-- Found rosidl_adapter: 0.7.7 (/opt/ros/dashing/share/rosidl_adapter/cmake)\n'}
[1.394221] (consai2_sender) StdoutLine: {'line': b'-- Found rmw_implementation_cmake: 0.7.2 (/opt/ros/dashing/share/rmw_implementation_cmake/cmake)\n'}
[1.401764] (-) TimerEvent: {}
[1.417333] (consai2_sender) StdoutLine: {'line': b'-- Found std_msgs: 0.7.0 (/opt/ros/dashing/share/std_msgs/cmake)\n'}
[1.421324] (consai2_sender) StdoutLine: {'line': b'-- Found consai2_msgs: 0.0.0 (/userdir/catkin_ws/install/consai2_msgs/share/consai2_msgs/cmake)\n'}
[1.446676] (consai2_sender) StdoutLine: {'line': b'-- Found Protobuf: /usr/lib/x86_64-linux-gnu/libprotobuf.so;-lpthread (found version "3.0.0") \n'}
[1.466365] (consai2_sender) StdoutLine: {'line': b'-- Found ament_lint_auto: 0.7.11 (/opt/ros/dashing/share/ament_lint_auto/cmake)\n'}
[1.501881] (-) TimerEvent: {}
[1.564476] (consai2_sender) StdoutLine: {'line': b"-- Added test 'copyright' to check for copyright in CMake / C / C++ / Python code\n"}
[1.565507] (consai2_sender) StdoutLine: {'line': b"-- Added test 'cppcheck' to perform static code analysis on C / C++ code\n"}
[1.565712] (consai2_sender) StdoutLine: {'line': b'-- Configured cppcheck include dirs: /userdir/catkin_ws/src/consai2r2/consai2_sender/include\n'}
[1.566594] (consai2_sender) StdoutLine: {'line': b"-- Added test 'cpplint' to check C / C++ code against the Google style\n"}
[1.567251] (consai2_sender) StdoutLine: {'line': b"-- Added test 'lint_cmake' to check CMake code style\n"}
[1.568214] (consai2_sender) StdoutLine: {'line': b"-- Added test 'uncrustify' to check C / C++ code style\n"}
[1.568673] (consai2_sender) StdoutLine: {'line': b"-- Added test 'xmllint' to check XML markup files\n"}
[1.571052] (consai2_sender) StdoutLine: {'line': b'-- Configuring done\n'}
[1.587292] (consai2_sender) StdoutLine: {'line': b'-- Generating done\n'}
[1.588208] (consai2_sender) StdoutLine: {'line': b'-- Build files have been written to: /userdir/catkin_ws/build/consai2_sender\n'}
[1.592562] (consai2_sender) CommandEnded: {'returncode': 0}
[1.593565] (consai2_sender) JobProgress: {'identifier': 'consai2_sender', 'progress': 'build'}
[1.594194] (consai2_sender) Command: {'cmd': ['/usr/bin/cmake', '--build', '/userdir/catkin_ws/build/consai2_sender', '--', '-j36', '-l36'], 'cwd': '/userdir/catkin_ws/build/consai2_sender', 'env': OrderedDict([('HOSTNAME', 'future731-WS-X299-SAGE'), ('LD_LIBRARY_PATH', '/userdir/catkin_ws/install/consai2_msgs/lib:/opt/ros/dashing/opt/yaml_cpp_vendor/lib:/opt/ros/dashing/opt/rviz_ogre_vendor/lib:/opt/ros/dashing/lib:/usr/lib/x86_64-linux-gnu:/usr/lib/i386-linux-gnu:/usr/local/nvidia/lib:/usr/local/nvidia/lib64'), ('SHLVL', '1'), ('OLDPWD', '/userdir'), ('HOME', '/root'), ('ROS_PYTHON_VERSION', '3'), ('DOCKER_ROS_IP', 'localhost'), ('ROS_DISTRO', 'dashing'), ('_', '/usr/bin/colcon'), ('ROS_VERSION', '2'), ('NVIDIA_DRIVER_CAPABILITIES', 'graphics,compat32,utility'), ('TERM', 'xterm'), ('QT_X11_NO_MITSHM', '1'), ('PATH', '/opt/ros/dashing/bin:/usr/local/sbin:/usr/local/bin:/usr/sbin:/usr/bin:/sbin:/bin'), ('DISPLAY', ':0'), ('DOCKER_ROS_SETUP', '/catkin_ws/devel/setup.bash'), ('LANG', 'ja_JP.UTF-8'), ('AMENT_PREFIX_PATH', '/userdir/catkin_ws/install/consai2_msgs:/opt/ros/dashing'), ('DEBIAN_FRONTEND', 'noninteractive'), ('PWD', '/userdir/catkin_ws/build/consai2_sender'), ('PYTHONPATH', '/userdir/catkin_ws/install/consai2_msgs/lib/python3.6/site-packages:/opt/ros/dashing/lib/python3.6/site-packages'), ('NVIDIA_VISIBLE_DEVICES', 'all'), ('CMAKE_PREFIX_PATH', '/userdir/catkin_ws/install/consai2_msgs:/opt/ros/dashing')]), 'shell': False}
[1.601996] (-) TimerEvent: {}
[1.677231] (consai2_sender) StdoutLine: {'line': b'[ 25%] \x1b[34m\x1b[1mRunning C++ protocol buffer compiler on include/consai2_sender/proto/grSim_Replacement.proto\x1b[0m\n'}
[1.677549] (consai2_sender) StdoutLine: {'line': b'[ 25%] \x1b[34m\x1b[1mRunning C++ protocol buffer compiler on include/consai2_sender/proto/grSim_Packet.proto\x1b[0m\n'}
[1.684279] (consai2_sender) StdoutLine: {'line': b'[ 37%] \x1b[34m\x1b[1mRunning C++ protocol buffer compiler on include/consai2_sender/proto/grSim_Commands.proto\x1b[0m\n'}
[1.702100] (-) TimerEvent: {}
[1.718061] (consai2_sender) StdoutLine: {'line': b'\x1b[35m\x1b[1mScanning dependencies of target sim_sender\x1b[0m\n'}
[1.767982] (consai2_sender) StdoutLine: {'line': b'[ 62%] \x1b[32mBuilding CXX object CMakeFiles/sim_sender.dir/grSim_Packet.pb.cc.o\x1b[0m\n'}
[1.768368] (consai2_sender) StdoutLine: {'line': b'[ 62%] \x1b[32mBuilding CXX object CMakeFiles/sim_sender.dir/grSim_Commands.pb.cc.o\x1b[0m\n'}
[1.779805] (consai2_sender) StdoutLine: {'line': b'[ 75%] \x1b[32mBuilding CXX object CMakeFiles/sim_sender.dir/grSim_Replacement.pb.cc.o\x1b[0m\n'}
[1.783205] (consai2_sender) StdoutLine: {'line': b'[ 87%] \x1b[32mBuilding CXX object CMakeFiles/sim_sender.dir/src/sim_sender.cpp.o\x1b[0m\n'}
[1.802266] (-) TimerEvent: {}
[1.902700] (-) TimerEvent: {}
[2.003189] (-) TimerEvent: {}
[2.103573] (-) TimerEvent: {}
[2.203957] (-) TimerEvent: {}
[2.304370] (-) TimerEvent: {}
[2.307107] (consai2_sender) StderrLine: {'line': b'\x1b[01m\x1b[K/userdir/catkin_ws/build/consai2_sender/grSim_Commands.pb.cc:\x1b[m\x1b[K In member function \xe2\x80\x98\x1b[01m\x1b[Kvirtual google::protobuf::uint8* grSim_Robot_Command::InternalSerializeWithCachedSizesToArray(bool, google::protobuf::uint8*) const\x1b[m\x1b[K\xe2\x80\x99:\n'}
[2.307371] (consai2_sender) StderrLine: {'line': b'\x1b[01m\x1b[K/userdir/catkin_ws/build/consai2_sender/grSim_Commands.pb.cc:544:10:\x1b[m\x1b[K \x1b[01;35m\x1b[Kwarning: \x1b[m\x1b[Kunused parameter \xe2\x80\x98\x1b[01m\x1b[Kdeterministic\x1b[m\x1b[K\xe2\x80\x99 [\x1b[01;35m\x1b[K-Wunused-parameter\x1b[m\x1b[K]\n'}
[2.307493] (consai2_sender) StderrLine: {'line': b'     bool \x1b[01;35m\x1b[Kdeterministic\x1b[m\x1b[K, ::google::protobuf::uint8* target) const {\n'}
[2.307586] (consai2_sender) StderrLine: {'line': b'          \x1b[01;35m\x1b[K^~~~~~~~~~~~~\x1b[m\x1b[K\n'}
[2.315144] (consai2_sender) StderrLine: {'line': b'\x1b[01m\x1b[K/userdir/catkin_ws/build/consai2_sender/grSim_Commands.pb.cc:\x1b[m\x1b[K In member function \xe2\x80\x98\x1b[01m\x1b[Kvirtual google::protobuf::uint8* grSim_Commands::InternalSerializeWithCachedSizesToArray(bool, google::protobuf::uint8*) const\x1b[m\x1b[K\xe2\x80\x99:\n'}
[2.315388] (consai2_sender) StderrLine: {'line': b'\x1b[01m\x1b[K/userdir/catkin_ws/build/consai2_sender/grSim_Commands.pb.cc:1324:10:\x1b[m\x1b[K \x1b[01;35m\x1b[Kwarning: \x1b[m\x1b[Kunused parameter \xe2\x80\x98\x1b[01m\x1b[Kdeterministic\x1b[m\x1b[K\xe2\x80\x99 [\x1b[01;35m\x1b[K-Wunused-parameter\x1b[m\x1b[K]\n'}
[2.315508] (consai2_sender) StderrLine: {'line': b'     bool \x1b[01;35m\x1b[Kdeterministic\x1b[m\x1b[K, ::google::protobuf::uint8* target) const {\n'}
[2.315606] (consai2_sender) StderrLine: {'line': b'          \x1b[01;35m\x1b[K^~~~~~~~~~~~~\x1b[m\x1b[K\n'}
[2.404491] (-) TimerEvent: {}
[2.449989] (consai2_sender) StderrLine: {'line': b'\x1b[01m\x1b[K/userdir/catkin_ws/build/consai2_sender/grSim_Packet.pb.cc:\x1b[m\x1b[K In member function \xe2\x80\x98\x1b[01m\x1b[Kvirtual google::protobuf::uint8* grSim_Packet::InternalSerializeWithCachedSizesToArray(bool, google::protobuf::uint8*) const\x1b[m\x1b[K\xe2\x80\x99:\n'}
[2.450249] (consai2_sender) StderrLine: {'line': b'\x1b[01m\x1b[K/userdir/catkin_ws/build/consai2_sender/grSim_Packet.pb.cc:270:10:\x1b[m\x1b[K \x1b[01;35m\x1b[Kwarning: \x1b[m\x1b[Kunused parameter \xe2\x80\x98\x1b[01m\x1b[Kdeterministic\x1b[m\x1b[K\xe2\x80\x99 [\x1b[01;35m\x1b[K-Wunused-parameter\x1b[m\x1b[K]\n'}
[2.450371] (consai2_sender) StderrLine: {'line': b'     bool \x1b[01;35m\x1b[Kdeterministic\x1b[m\x1b[K, ::google::protobuf::uint8* target) const {\n'}
[2.450465] (consai2_sender) StderrLine: {'line': b'          \x1b[01;35m\x1b[K^~~~~~~~~~~~~\x1b[m\x1b[K\n'}
[2.457304] (consai2_sender) StderrLine: {'line': b'\x1b[01m\x1b[K/userdir/catkin_ws/build/consai2_sender/grSim_Replacement.pb.cc:\x1b[m\x1b[K In member function \xe2\x80\x98\x1b[01m\x1b[Kvirtual google::protobuf::uint8* grSim_RobotReplacement::InternalSerializeWithCachedSizesToArray(bool, google::protobuf::uint8*) const\x1b[m\x1b[K\xe2\x80\x99:\n'}
[2.457508] (consai2_sender) StderrLine: {'line': b'\x1b[01m\x1b[K/userdir/catkin_ws/build/consai2_sender/grSim_Replacement.pb.cc:429:10:\x1b[m\x1b[K \x1b[01;35m\x1b[Kwarning: \x1b[m\x1b[Kunused parameter \xe2\x80\x98\x1b[01m\x1b[Kdeterministic\x1b[m\x1b[K\xe2\x80\x99 [\x1b[01;35m\x1b[K-Wunused-parameter\x1b[m\x1b[K]\n'}
[2.457636] (consai2_sender) StderrLine: {'line': b'     bool \x1b[01;35m\x1b[Kdeterministic\x1b[m\x1b[K, ::google::protobuf::uint8* target) const {\n'}
[2.457731] (consai2_sender) StderrLine: {'line': b'          \x1b[01;35m\x1b[K^~~~~~~~~~~~~\x1b[m\x1b[K\n'}
[2.466528] (consai2_sender) StderrLine: {'line': b'\x1b[01m\x1b[K/userdir/catkin_ws/build/consai2_sender/grSim_Replacement.pb.cc:\x1b[m\x1b[K In member function \xe2\x80\x98\x1b[01m\x1b[Kvirtual google::protobuf::uint8* grSim_BallReplacement::InternalSerializeWithCachedSizesToArray(bool, google::protobuf::uint8*) const\x1b[m\x1b[K\xe2\x80\x99:\n'}
[2.466758] (consai2_sender) StderrLine: {'line': b'\x1b[01m\x1b[K/userdir/catkin_ws/build/consai2_sender/grSim_Replacement.pb.cc:1004:10:\x1b[m\x1b[K \x1b[01;35m\x1b[Kwarning: \x1b[m\x1b[Kunused parameter \xe2\x80\x98\x1b[01m\x1b[Kdeterministic\x1b[m\x1b[K\xe2\x80\x99 [\x1b[01;35m\x1b[K-Wunused-parameter\x1b[m\x1b[K]\n'}
[2.466873] (consai2_sender) StderrLine: {'line': b'     bool \x1b[01;35m\x1b[Kdeterministic\x1b[m\x1b[K, ::google::protobuf::uint8* target) const {\n'}
[2.466968] (consai2_sender) StderrLine: {'line': b'          \x1b[01;35m\x1b[K^~~~~~~~~~~~~\x1b[m\x1b[K\n'}
[2.469793] (consai2_sender) StderrLine: {'line': b'\x1b[01m\x1b[K/userdir/catkin_ws/build/consai2_sender/grSim_Replacement.pb.cc:\x1b[m\x1b[K In member function \xe2\x80\x98\x1b[01m\x1b[Kvirtual google::protobuf::uint8* grSim_Replacement::InternalSerializeWithCachedSizesToArray(bool, google::protobuf::uint8*) const\x1b[m\x1b[K\xe2\x80\x99:\n'}
[2.469974] (consai2_sender) StderrLine: {'line': b'\x1b[01m\x1b[K/userdir/catkin_ws/build/consai2_sender/grSim_Replacement.pb.cc:1417:10:\x1b[m\x1b[K \x1b[01;35m\x1b[Kwarning: \x1b[m\x1b[Kunused parameter \xe2\x80\x98\x1b[01m\x1b[Kdeterministic\x1b[m\x1b[K\xe2\x80\x99 [\x1b[01;35m\x1b[K-Wunused-parameter\x1b[m\x1b[K]\n'}
[2.470073] (consai2_sender) StderrLine: {'line': b'     bool \x1b[01;35m\x1b[Kdeterministic\x1b[m\x1b[K, ::google::protobuf::uint8* target) const {\n'}
[2.470155] (consai2_sender) StderrLine: {'line': b'          \x1b[01;35m\x1b[K^~~~~~~~~~~~~\x1b[m\x1b[K\n'}
[2.504609] (-) TimerEvent: {}
[2.549170] (consai2_teleop) StderrLine: {'line': b'\x1b[01m\x1b[K/userdir/catkin_ws/src/consai2r2/consai2_teleop/src/joystick_component.cpp:\x1b[m\x1b[K In member function \xe2\x80\x98\x1b[01m\x1b[Kvoid joystick::JoystickComponent::publish_robot_commands(sensor_msgs::msg::Joy_<std::allocator<void> >::SharedPtr)\x1b[m\x1b[K\xe2\x80\x99:\n'}
[2.549447] (consai2_teleop) StderrLine: {'line': b'\x1b[01m\x1b[K/userdir/catkin_ws/src/consai2r2/consai2_teleop/src/joystick_component.cpp:34:13:\x1b[m\x1b[K \x1b[01;35m\x1b[Kwarning: \x1b[m\x1b[Kunused variable \xe2\x80\x98\x1b[01m\x1b[KBUTTON_SHUTDOWN_1\x1b[m\x1b[K\xe2\x80\x99 [\x1b[01;35m\x1b[K-Wunused-variable\x1b[m\x1b[K]\n'}
[2.549552] (consai2_teleop) StderrLine: {'line': b'   const int \x1b[01;35m\x1b[KBUTTON_SHUTDOWN_1\x1b[m\x1b[K = 8;\n'}
[2.549629] (consai2_teleop) StderrLine: {'line': b'             \x1b[01;35m\x1b[K^~~~~~~~~~~~~~~~~\x1b[m\x1b[K\n'}
[2.549706] (consai2_teleop) StderrLine: {'line': b'\x1b[01m\x1b[K/userdir/catkin_ws/src/consai2r2/consai2_teleop/src/joystick_component.cpp:35:13:\x1b[m\x1b[K \x1b[01;35m\x1b[Kwarning: \x1b[m\x1b[Kunused variable \xe2\x80\x98\x1b[01m\x1b[KBUTTON_SHUTDOWN_2\x1b[m\x1b[K\xe2\x80\x99 [\x1b[01;35m\x1b[K-Wunused-variable\x1b[m\x1b[K]\n'}
[2.549784] (consai2_teleop) StderrLine: {'line': b'   const int \x1b[01;35m\x1b[KBUTTON_SHUTDOWN_2\x1b[m\x1b[K = 8;\n'}
[2.549855] (consai2_teleop) StderrLine: {'line': b'             \x1b[01;35m\x1b[K^~~~~~~~~~~~~~~~~\x1b[m\x1b[K\n'}
[2.604746] (-) TimerEvent: {}
[2.705220] (-) TimerEvent: {}
[2.805662] (-) TimerEvent: {}
[2.906151] (-) TimerEvent: {}
[3.006679] (-) TimerEvent: {}
[3.107023] (-) TimerEvent: {}
[3.207561] (-) TimerEvent: {}
[3.308092] (-) TimerEvent: {}
[3.408409] (-) TimerEvent: {}
[3.508812] (-) TimerEvent: {}
[3.609194] (-) TimerEvent: {}
[3.709589] (-) TimerEvent: {}
[3.809971] (-) TimerEvent: {}
[3.910346] (-) TimerEvent: {}
[4.010723] (-) TimerEvent: {}
[4.111107] (-) TimerEvent: {}
[4.211487] (-) TimerEvent: {}
[4.311858] (-) TimerEvent: {}
[4.412298] (-) TimerEvent: {}
[4.512770] (-) TimerEvent: {}
[4.613251] (-) TimerEvent: {}
[4.621652] (consai2_teleop) StdoutLine: {'line': b'[ 50%] \x1b[32m\x1b[1mLinking CXX shared library libjoystick_component.so\x1b[0m\n'}
[4.692122] (consai2_sender) StdoutLine: {'line': b'[100%] \x1b[32m\x1b[1mLinking CXX executable sim_sender\x1b[0m\n'}
[4.713382] (-) TimerEvent: {}
[4.813873] (-) TimerEvent: {}
[4.822919] (consai2_teleop) StdoutLine: {'line': b'[ 50%] Built target joystick_component\n'}
[4.839850] (consai2_teleop) StdoutLine: {'line': b'\x1b[35m\x1b[1mScanning dependencies of target teleop_node\x1b[0m\n'}
[4.880061] (consai2_teleop) StdoutLine: {'line': b'[ 75%] \x1b[32mBuilding CXX object CMakeFiles/teleop_node.dir/src/teleop_node.cpp.o\x1b[0m\n'}
[4.913990] (-) TimerEvent: {}
[4.940265] (consai2_sender) StdoutLine: {'line': b'[100%] Built target sim_sender\n'}
[4.955960] (consai2_sender) CommandEnded: {'returncode': 0}
[5.013600] (consai2_sender) JobProgress: {'identifier': 'consai2_sender', 'progress': 'install'}
[5.014686] (consai2_sender) Command: {'cmd': ['/usr/bin/cmake', '--build', '/userdir/catkin_ws/build/consai2_sender', '--target', 'install', '--', '-j36', '-l36'], 'cwd': '/userdir/catkin_ws/build/consai2_sender', 'env': OrderedDict([('HOSTNAME', 'future731-WS-X299-SAGE'), ('LD_LIBRARY_PATH', '/userdir/catkin_ws/install/consai2_msgs/lib:/opt/ros/dashing/opt/yaml_cpp_vendor/lib:/opt/ros/dashing/opt/rviz_ogre_vendor/lib:/opt/ros/dashing/lib:/usr/lib/x86_64-linux-gnu:/usr/lib/i386-linux-gnu:/usr/local/nvidia/lib:/usr/local/nvidia/lib64'), ('SHLVL', '1'), ('OLDPWD', '/userdir'), ('HOME', '/root'), ('ROS_PYTHON_VERSION', '3'), ('DOCKER_ROS_IP', 'localhost'), ('ROS_DISTRO', 'dashing'), ('_', '/usr/bin/colcon'), ('ROS_VERSION', '2'), ('NVIDIA_DRIVER_CAPABILITIES', 'graphics,compat32,utility'), ('TERM', 'xterm'), ('QT_X11_NO_MITSHM', '1'), ('PATH', '/opt/ros/dashing/bin:/usr/local/sbin:/usr/local/bin:/usr/sbin:/usr/bin:/sbin:/bin'), ('DISPLAY', ':0'), ('DOCKER_ROS_SETUP', '/catkin_ws/devel/setup.bash'), ('LANG', 'ja_JP.UTF-8'), ('AMENT_PREFIX_PATH', '/userdir/catkin_ws/install/consai2_msgs:/opt/ros/dashing'), ('DEBIAN_FRONTEND', 'noninteractive'), ('PWD', '/userdir/catkin_ws/build/consai2_sender'), ('PYTHONPATH', '/userdir/catkin_ws/install/consai2_msgs/lib/python3.6/site-packages:/opt/ros/dashing/lib/python3.6/site-packages'), ('NVIDIA_VISIBLE_DEVICES', 'all'), ('CMAKE_PREFIX_PATH', '/userdir/catkin_ws/install/consai2_msgs:/opt/ros/dashing')]), 'shell': False}
[5.018607] (-) TimerEvent: {}
[5.119263] (-) TimerEvent: {}
[5.131828] (consai2_sender) StdoutLine: {'line': b'[100%] Built target sim_sender\n'}
[5.168345] (consai2_sender) StdoutLine: {'line': b'\x1b[36mInstall the project...\x1b[0m\n'}
[5.182192] (consai2_sender) StdoutLine: {'line': b'-- Install configuration: ""\n'}
[5.182635] (consai2_sender) StdoutLine: {'line': b'-- Installing: /userdir/catkin_ws/install/consai2_sender/lib/consai2_sender/sim_sender\n'}
[5.183504] (consai2_sender) StdoutLine: {'line': b'-- Set runtime path of "/userdir/catkin_ws/install/consai2_sender/lib/consai2_sender/sim_sender" to ""\n'}
[5.183812] (consai2_sender) StdoutLine: {'line': b'-- Installing: /userdir/catkin_ws/install/consai2_sender/share/ament_index/resource_index/package_run_dependencies/consai2_sender\n'}
[5.184116] (consai2_sender) StdoutLine: {'line': b'-- Installing: /userdir/catkin_ws/install/consai2_sender/share/ament_index/resource_index/parent_prefix_path/consai2_sender\n'}
[5.184444] (consai2_sender) StdoutLine: {'line': b'-- Installing: /userdir/catkin_ws/install/consai2_sender/share/consai2_sender/environment/ament_prefix_path.sh\n'}
[5.184719] (consai2_sender) StdoutLine: {'line': b'-- Installing: /userdir/catkin_ws/install/consai2_sender/share/consai2_sender/environment/path.sh\n'}
[5.185004] (consai2_sender) StdoutLine: {'line': b'-- Installing: /userdir/catkin_ws/install/consai2_sender/share/consai2_sender/local_setup.bash\n'}
[5.185288] (consai2_sender) StdoutLine: {'line': b'-- Installing: /userdir/catkin_ws/install/consai2_sender/share/consai2_sender/local_setup.sh\n'}
[5.185499] (consai2_sender) StdoutLine: {'line': b'-- Installing: /userdir/catkin_ws/install/consai2_sender/share/consai2_sender/local_setup.zsh\n'}
[5.185690] (consai2_sender) StdoutLine: {'line': b'-- Installing: /userdir/catkin_ws/install/consai2_sender/share/ament_index/resource_index/packages/consai2_sender\n'}
[5.185880] (consai2_sender) StdoutLine: {'line': b'-- Installing: /userdir/catkin_ws/install/consai2_sender/share/consai2_sender/cmake/consai2_senderConfig.cmake\n'}
[5.186071] (consai2_sender) StdoutLine: {'line': b'-- Installing: /userdir/catkin_ws/install/consai2_sender/share/consai2_sender/cmake/consai2_senderConfig-version.cmake\n'}
[5.186261] (consai2_sender) StdoutLine: {'line': b'-- Installing: /userdir/catkin_ws/install/consai2_sender/share/consai2_sender/package.xml\n'}
[5.189612] (consai2_sender) CommandEnded: {'returncode': 0}
[5.205452] (consai2_sender) JobEnded: {'identifier': 'consai2_sender', 'rc': 0}
[5.219386] (-) TimerEvent: {}
[5.319750] (-) TimerEvent: {}
[5.420154] (-) TimerEvent: {}
[5.520577] (-) TimerEvent: {}
[5.620961] (-) TimerEvent: {}
[5.721358] (-) TimerEvent: {}
[5.821737] (-) TimerEvent: {}
[5.922108] (-) TimerEvent: {}
[6.022478] (-) TimerEvent: {}
[6.122837] (-) TimerEvent: {}
[6.136341] (consai2_teleop) StdoutLine: {'line': b'[100%] \x1b[32m\x1b[1mLinking CXX executable teleop_node\x1b[0m\n'}
[6.222955] (-) TimerEvent: {}
[6.323325] (-) TimerEvent: {}
[6.354409] (consai2_teleop) StdoutLine: {'line': b'[100%] Built target teleop_node\n'}
[6.371220] (consai2_teleop) CommandEnded: {'returncode': 0}
[6.415481] (consai2_teleop) JobProgress: {'identifier': 'consai2_teleop', 'progress': 'install'}
[6.416590] (consai2_teleop) Command: {'cmd': ['/usr/bin/cmake', '--build', '/userdir/catkin_ws/build/consai2_teleop', '--target', 'install', '--', '-j36', '-l36'], 'cwd': '/userdir/catkin_ws/build/consai2_teleop', 'env': OrderedDict([('HOSTNAME', 'future731-WS-X299-SAGE'), ('LD_LIBRARY_PATH', '/userdir/catkin_ws/install/consai2_msgs/lib:/opt/ros/dashing/opt/yaml_cpp_vendor/lib:/opt/ros/dashing/opt/rviz_ogre_vendor/lib:/opt/ros/dashing/lib:/usr/lib/x86_64-linux-gnu:/usr/lib/i386-linux-gnu:/usr/local/nvidia/lib:/usr/local/nvidia/lib64'), ('SHLVL', '1'), ('OLDPWD', '/userdir'), ('HOME', '/root'), ('ROS_PYTHON_VERSION', '3'), ('DOCKER_ROS_IP', 'localhost'), ('ROS_DISTRO', 'dashing'), ('_', '/usr/bin/colcon'), ('ROS_VERSION', '2'), ('NVIDIA_DRIVER_CAPABILITIES', 'graphics,compat32,utility'), ('TERM', 'xterm'), ('QT_X11_NO_MITSHM', '1'), ('PATH', '/opt/ros/dashing/bin:/usr/local/sbin:/usr/local/bin:/usr/sbin:/usr/bin:/sbin:/bin'), ('DISPLAY', ':0'), ('DOCKER_ROS_SETUP', '/catkin_ws/devel/setup.bash'), ('LANG', 'ja_JP.UTF-8'), ('AMENT_PREFIX_PATH', '/userdir/catkin_ws/install/consai2_msgs:/opt/ros/dashing'), ('DEBIAN_FRONTEND', 'noninteractive'), ('PWD', '/userdir/catkin_ws/build/consai2_teleop'), ('PYTHONPATH', '/userdir/catkin_ws/install/consai2_msgs/lib/python3.6/site-packages:/opt/ros/dashing/lib/python3.6/site-packages'), ('NVIDIA_VISIBLE_DEVICES', 'all'), ('CMAKE_PREFIX_PATH', '/userdir/catkin_ws/install/consai2_msgs:/opt/ros/dashing')]), 'shell': False}
[6.423457] (-) TimerEvent: {}
[6.510831] (consai2_teleop) StdoutLine: {'line': b'[ 50%] Built target joystick_component\n'}
[6.523656] (-) TimerEvent: {}
[6.554603] (consai2_teleop) StdoutLine: {'line': b'[100%] Built target teleop_node\n'}
[6.584352] (consai2_teleop) StdoutLine: {'line': b'\x1b[36mInstall the project...\x1b[0m\n'}
[6.600957] (consai2_teleop) StdoutLine: {'line': b'-- Install configuration: ""\n'}
[6.601187] (consai2_teleop) StdoutLine: {'line': b'-- Installing: /userdir/catkin_ws/install/consai2_teleop/lib/libjoystick_component.so\n'}
[6.603090] (consai2_teleop) StdoutLine: {'line': b'-- Set runtime path of "/userdir/catkin_ws/install/consai2_teleop/lib/libjoystick_component.so" to ""\n'}
[6.603257] (consai2_teleop) StdoutLine: {'line': b'-- Installing: /userdir/catkin_ws/install/consai2_teleop/lib/consai2_teleop/teleop_node\n'}
[6.603742] (consai2_teleop) StdoutLine: {'line': b'-- Set runtime path of "/userdir/catkin_ws/install/consai2_teleop/lib/consai2_teleop/teleop_node" to ""\n'}
[6.603938] (consai2_teleop) StdoutLine: {'line': b'-- Installing: /userdir/catkin_ws/install/consai2_teleop/share/ament_index/resource_index/package_run_dependencies/consai2_teleop\n'}
[6.604119] (consai2_teleop) StdoutLine: {'line': b'-- Installing: /userdir/catkin_ws/install/consai2_teleop/share/ament_index/resource_index/parent_prefix_path/consai2_teleop\n'}
[6.604301] (consai2_teleop) StdoutLine: {'line': b'-- Installing: /userdir/catkin_ws/install/consai2_teleop/share/consai2_teleop/environment/ament_prefix_path.sh\n'}
[6.604463] (consai2_teleop) StdoutLine: {'line': b'-- Installing: /userdir/catkin_ws/install/consai2_teleop/share/consai2_teleop/environment/path.sh\n'}
[6.604589] (consai2_teleop) StdoutLine: {'line': b'-- Installing: /userdir/catkin_ws/install/consai2_teleop/share/consai2_teleop/local_setup.bash\n'}
[6.604723] (consai2_teleop) StdoutLine: {'line': b'-- Installing: /userdir/catkin_ws/install/consai2_teleop/share/consai2_teleop/local_setup.sh\n'}
[6.604843] (consai2_teleop) StdoutLine: {'line': b'-- Installing: /userdir/catkin_ws/install/consai2_teleop/share/consai2_teleop/local_setup.zsh\n'}
[6.604976] (consai2_teleop) StdoutLine: {'line': b'-- Installing: /userdir/catkin_ws/install/consai2_teleop/share/ament_index/resource_index/packages/consai2_teleop\n'}
[6.605142] (consai2_teleop) StdoutLine: {'line': b'-- Installing: /userdir/catkin_ws/install/consai2_teleop/share/ament_index/resource_index/rclcpp_components/consai2_teleop\n'}
[6.605303] (consai2_teleop) StdoutLine: {'line': b'-- Installing: /userdir/catkin_ws/install/consai2_teleop/share/consai2_teleop/cmake/consai2_teleopConfig.cmake\n'}
[6.605419] (consai2_teleop) StdoutLine: {'line': b'-- Installing: /userdir/catkin_ws/install/consai2_teleop/share/consai2_teleop/cmake/consai2_teleopConfig-version.cmake\n'}
[6.605533] (consai2_teleop) StdoutLine: {'line': b'-- Installing: /userdir/catkin_ws/install/consai2_teleop/share/consai2_teleop/package.xml\n'}
[6.609297] (consai2_teleop) CommandEnded: {'returncode': 0}
[6.618974] (consai2_teleop) JobEnded: {'identifier': 'consai2_teleop', 'rc': 0}
[6.620740] (-) EventReactorShutdown: {}
