[0.140s] DEBUG:colcon:Command line arguments: ['/usr/bin/colcon', 'build']
[0.140s] DEBUG:colcon:Parsed command line arguments: Namespace(ament_cmake_args=None, base_paths='.', build_base='build', catkin_cmake_args=None, catkin_skip_building_tests=False, cmake_args=None, cmake_clean_cache=False, cmake_clean_first=False, cmake_force_configure=False, cmake_target=None, cmake_target_skip_unavailable=False, continue_on_error=False, event_handlers=None, executor='parallel', ignore_user_meta=False, install_base='install', log_base='log', log_level=None, main=<bound method BuildVerb.main of <colcon_core.verb.build.BuildVerb object at 0x7f7d6977e1d0>>, merge_install=False, metas='./colcon.meta', packages_above=None, packages_above_depth=None, packages_end=None, packages_ignore=None, packages_ignore_regex=None, packages_select=None, packages_select_build_failed=False, packages_select_by_dep=None, packages_select_regex=None, packages_select_test_failures=False, packages_skip=None, packages_skip_build_finished=False, packages_skip_by_dep=None, packages_skip_regex=None, packages_skip_test_passed=False, packages_skip_up_to=None, packages_start=None, packages_up_to=None, parallel_workers=36, paths=None, symlink_install=False, test_result_base=None, verb_extension=<colcon_core.verb.build.BuildVerb object at 0x7f7d6977e1d0>, verb_name='build', verb_parser=<colcon_defaults.argument_parser.defaults.DefaultArgumentsDecorator object at 0x7f7d6977e4e0>)
[0.176s] Level 1:colcon.colcon_core.package_discovery:discover_packages(colcon_meta) check parameters
[0.176s] Level 1:colcon.colcon_core.package_discovery:discover_packages(recursive) check parameters
[0.176s] Level 1:colcon.colcon_core.package_discovery:discover_packages(ignore) check parameters
[0.177s] Level 1:colcon.colcon_core.package_discovery:discover_packages(path) check parameters
[0.177s] Level 1:colcon.colcon_core.package_discovery:discover_packages(recursive) discover
[0.177s] INFO:colcon.colcon_core.package_discovery:Crawling recursively for packages in '/userdir/catkin_ws'
[0.177s] Level 1:colcon.colcon_core.package_identification:_identify(/userdir/catkin_ws) by extensions ['ignore', 'ignore_ament_install']
[0.177s] Level 1:colcon.colcon_core.package_identification:_identify(/userdir/catkin_ws) by extension 'ignore'
[0.177s] Level 1:colcon.colcon_core.package_identification:_identify(/userdir/catkin_ws) by extension 'ignore_ament_install'
[0.177s] Level 1:colcon.colcon_core.package_identification:_identify(/userdir/catkin_ws) by extensions ['colcon_pkg']
[0.177s] Level 1:colcon.colcon_core.package_identification:_identify(/userdir/catkin_ws) by extension 'colcon_pkg'
[0.177s] Level 1:colcon.colcon_core.package_identification:_identify(/userdir/catkin_ws) by extensions ['colcon_meta']
[0.177s] Level 1:colcon.colcon_core.package_identification:_identify(/userdir/catkin_ws) by extension 'colcon_meta'
[0.177s] Level 1:colcon.colcon_core.package_identification:_identify(/userdir/catkin_ws) by extensions ['ros']
[0.178s] Level 1:colcon.colcon_core.package_identification:_identify(/userdir/catkin_ws) by extension 'ros'
[0.188s] Level 1:colcon.colcon_core.package_identification:_identify(/userdir/catkin_ws) by extensions ['cmake', 'python']
[0.188s] Level 1:colcon.colcon_core.package_identification:_identify(/userdir/catkin_ws) by extension 'cmake'
[0.188s] Level 1:colcon.colcon_core.package_identification:_identify(/userdir/catkin_ws) by extension 'python'
[0.188s] Level 1:colcon.colcon_core.package_identification:_identify(/userdir/catkin_ws) by extensions ['python_setup_py']
[0.188s] Level 1:colcon.colcon_core.package_identification:_identify(/userdir/catkin_ws) by extension 'python_setup_py'
[0.189s] Level 1:colcon.colcon_core.package_identification:_identify(/userdir/catkin_ws/build) by extensions ['ignore', 'ignore_ament_install']
[0.189s] Level 1:colcon.colcon_core.package_identification:_identify(/userdir/catkin_ws/build) by extension 'ignore'
[0.189s] Level 1:colcon.colcon_core.package_identification:_identify(/userdir/catkin_ws/build) ignored
[0.189s] Level 1:colcon.colcon_core.package_identification:_identify(/userdir/catkin_ws/install) by extensions ['ignore', 'ignore_ament_install']
[0.189s] Level 1:colcon.colcon_core.package_identification:_identify(/userdir/catkin_ws/install) by extension 'ignore'
[0.189s] Level 1:colcon.colcon_core.package_identification:_identify(/userdir/catkin_ws/install) ignored
[0.189s] Level 1:colcon.colcon_core.package_identification:_identify(/userdir/catkin_ws/log) by extensions ['ignore', 'ignore_ament_install']
[0.189s] Level 1:colcon.colcon_core.package_identification:_identify(/userdir/catkin_ws/log) by extension 'ignore'
[0.189s] Level 1:colcon.colcon_core.package_identification:_identify(/userdir/catkin_ws/log) ignored
[0.190s] Level 1:colcon.colcon_core.package_identification:_identify(/userdir/catkin_ws/src) by extensions ['ignore', 'ignore_ament_install']
[0.190s] Level 1:colcon.colcon_core.package_identification:_identify(/userdir/catkin_ws/src) by extension 'ignore'
[0.190s] Level 1:colcon.colcon_core.package_identification:_identify(/userdir/catkin_ws/src) by extension 'ignore_ament_install'
[0.190s] Level 1:colcon.colcon_core.package_identification:_identify(/userdir/catkin_ws/src) by extensions ['colcon_pkg']
[0.190s] Level 1:colcon.colcon_core.package_identification:_identify(/userdir/catkin_ws/src) by extension 'colcon_pkg'
[0.190s] Level 1:colcon.colcon_core.package_identification:_identify(/userdir/catkin_ws/src) by extensions ['colcon_meta']
[0.190s] Level 1:colcon.colcon_core.package_identification:_identify(/userdir/catkin_ws/src) by extension 'colcon_meta'
[0.190s] Level 1:colcon.colcon_core.package_identification:_identify(/userdir/catkin_ws/src) by extensions ['ros']
[0.190s] Level 1:colcon.colcon_core.package_identification:_identify(/userdir/catkin_ws/src) by extension 'ros'
[0.190s] Level 1:colcon.colcon_core.package_identification:_identify(/userdir/catkin_ws/src) by extensions ['cmake', 'python']
[0.190s] Level 1:colcon.colcon_core.package_identification:_identify(/userdir/catkin_ws/src) by extension 'cmake'
[0.190s] Level 1:colcon.colcon_core.package_identification:_identify(/userdir/catkin_ws/src) by extension 'python'
[0.190s] Level 1:colcon.colcon_core.package_identification:_identify(/userdir/catkin_ws/src) by extensions ['python_setup_py']
[0.190s] Level 1:colcon.colcon_core.package_identification:_identify(/userdir/catkin_ws/src) by extension 'python_setup_py'
[0.191s] Level 1:colcon.colcon_core.package_identification:_identify(/userdir/catkin_ws/src/consai2r2) by extensions ['ignore', 'ignore_ament_install']
[0.191s] Level 1:colcon.colcon_core.package_identification:_identify(/userdir/catkin_ws/src/consai2r2) by extension 'ignore'
[0.191s] Level 1:colcon.colcon_core.package_identification:_identify(/userdir/catkin_ws/src/consai2r2) by extension 'ignore_ament_install'
[0.191s] Level 1:colcon.colcon_core.package_identification:_identify(/userdir/catkin_ws/src/consai2r2) by extensions ['colcon_pkg']
[0.191s] Level 1:colcon.colcon_core.package_identification:_identify(/userdir/catkin_ws/src/consai2r2) by extension 'colcon_pkg'
[0.191s] Level 1:colcon.colcon_core.package_identification:_identify(/userdir/catkin_ws/src/consai2r2) by extensions ['colcon_meta']
[0.191s] Level 1:colcon.colcon_core.package_identification:_identify(/userdir/catkin_ws/src/consai2r2) by extension 'colcon_meta'
[0.191s] Level 1:colcon.colcon_core.package_identification:_identify(/userdir/catkin_ws/src/consai2r2) by extensions ['ros']
[0.191s] Level 1:colcon.colcon_core.package_identification:_identify(/userdir/catkin_ws/src/consai2r2) by extension 'ros'
[0.191s] Level 1:colcon.colcon_core.package_identification:_identify(/userdir/catkin_ws/src/consai2r2) by extensions ['cmake', 'python']
[0.191s] Level 1:colcon.colcon_core.package_identification:_identify(/userdir/catkin_ws/src/consai2r2) by extension 'cmake'
[0.191s] Level 1:colcon.colcon_core.package_identification:_identify(/userdir/catkin_ws/src/consai2r2) by extension 'python'
[0.191s] Level 1:colcon.colcon_core.package_identification:_identify(/userdir/catkin_ws/src/consai2r2) by extensions ['python_setup_py']
[0.192s] Level 1:colcon.colcon_core.package_identification:_identify(/userdir/catkin_ws/src/consai2r2) by extension 'python_setup_py'
[0.192s] Level 1:colcon.colcon_core.package_identification:_identify(/userdir/catkin_ws/src/consai2r2/consai2_msgs) by extensions ['ignore', 'ignore_ament_install']
[0.192s] Level 1:colcon.colcon_core.package_identification:_identify(/userdir/catkin_ws/src/consai2r2/consai2_msgs) by extension 'ignore'
[0.192s] Level 1:colcon.colcon_core.package_identification:_identify(/userdir/catkin_ws/src/consai2r2/consai2_msgs) by extension 'ignore_ament_install'
[0.192s] Level 1:colcon.colcon_core.package_identification:_identify(/userdir/catkin_ws/src/consai2r2/consai2_msgs) by extensions ['colcon_pkg']
[0.192s] Level 1:colcon.colcon_core.package_identification:_identify(/userdir/catkin_ws/src/consai2r2/consai2_msgs) by extension 'colcon_pkg'
[0.192s] Level 1:colcon.colcon_core.package_identification:_identify(/userdir/catkin_ws/src/consai2r2/consai2_msgs) by extensions ['colcon_meta']
[0.192s] Level 1:colcon.colcon_core.package_identification:_identify(/userdir/catkin_ws/src/consai2r2/consai2_msgs) by extension 'colcon_meta'
[0.192s] Level 1:colcon.colcon_core.package_identification:_identify(/userdir/catkin_ws/src/consai2r2/consai2_msgs) by extensions ['ros']
[0.192s] Level 1:colcon.colcon_core.package_identification:_identify(/userdir/catkin_ws/src/consai2r2/consai2_msgs) by extension 'ros'
[0.194s] DEBUG:colcon.colcon_core.package_identification:Package '/userdir/catkin_ws/src/consai2r2/consai2_msgs' with type 'ros.ament_cmake' and name 'consai2_msgs'
[0.195s] Level 1:colcon.colcon_core.package_identification:_identify(/userdir/catkin_ws/src/consai2r2/consai2_sender) by extensions ['ignore', 'ignore_ament_install']
[0.195s] Level 1:colcon.colcon_core.package_identification:_identify(/userdir/catkin_ws/src/consai2r2/consai2_sender) by extension 'ignore'
[0.195s] Level 1:colcon.colcon_core.package_identification:_identify(/userdir/catkin_ws/src/consai2r2/consai2_sender) by extension 'ignore_ament_install'
[0.195s] Level 1:colcon.colcon_core.package_identification:_identify(/userdir/catkin_ws/src/consai2r2/consai2_sender) by extensions ['colcon_pkg']
[0.195s] Level 1:colcon.colcon_core.package_identification:_identify(/userdir/catkin_ws/src/consai2r2/consai2_sender) by extension 'colcon_pkg'
[0.195s] Level 1:colcon.colcon_core.package_identification:_identify(/userdir/catkin_ws/src/consai2r2/consai2_sender) by extensions ['colcon_meta']
[0.195s] Level 1:colcon.colcon_core.package_identification:_identify(/userdir/catkin_ws/src/consai2r2/consai2_sender) by extension 'colcon_meta'
[0.195s] Level 1:colcon.colcon_core.package_identification:_identify(/userdir/catkin_ws/src/consai2r2/consai2_sender) by extensions ['ros']
[0.195s] Level 1:colcon.colcon_core.package_identification:_identify(/userdir/catkin_ws/src/consai2r2/consai2_sender) by extension 'ros'
[0.196s] DEBUG:colcon.colcon_core.package_identification:Package '/userdir/catkin_ws/src/consai2r2/consai2_sender' with type 'ros.ament_cmake' and name 'consai2_sender'
[0.196s] Level 1:colcon.colcon_core.package_identification:_identify(/userdir/catkin_ws/src/consai2r2/consai2_teleop) by extensions ['ignore', 'ignore_ament_install']
[0.196s] Level 1:colcon.colcon_core.package_identification:_identify(/userdir/catkin_ws/src/consai2r2/consai2_teleop) by extension 'ignore'
[0.196s] Level 1:colcon.colcon_core.package_identification:_identify(/userdir/catkin_ws/src/consai2r2/consai2_teleop) by extension 'ignore_ament_install'
[0.196s] Level 1:colcon.colcon_core.package_identification:_identify(/userdir/catkin_ws/src/consai2r2/consai2_teleop) by extensions ['colcon_pkg']
[0.196s] Level 1:colcon.colcon_core.package_identification:_identify(/userdir/catkin_ws/src/consai2r2/consai2_teleop) by extension 'colcon_pkg'
[0.196s] Level 1:colcon.colcon_core.package_identification:_identify(/userdir/catkin_ws/src/consai2r2/consai2_teleop) by extensions ['colcon_meta']
[0.197s] Level 1:colcon.colcon_core.package_identification:_identify(/userdir/catkin_ws/src/consai2r2/consai2_teleop) by extension 'colcon_meta'
[0.197s] Level 1:colcon.colcon_core.package_identification:_identify(/userdir/catkin_ws/src/consai2r2/consai2_teleop) by extensions ['ros']
[0.197s] Level 1:colcon.colcon_core.package_identification:_identify(/userdir/catkin_ws/src/consai2r2/consai2_teleop) by extension 'ros'
[0.197s] DEBUG:colcon.colcon_core.package_identification:Package '/userdir/catkin_ws/src/consai2r2/consai2_teleop' with type 'ros.ament_cmake' and name 'consai2_teleop'
[0.198s] Level 1:colcon.colcon_core.package_discovery:discover_packages(recursive) using defaults
[0.199s] Level 1:colcon.colcon_core.package_augmentation.check_dependency_constraint:consai2_teleop depends on consai2_msgs which has version 0.0.0: constraints {}
[0.200s] Level 1:colcon.colcon_core.package_augmentation.check_dependency_constraint:consai2_sender depends on consai2_msgs which has version 0.0.0: constraints {}
[0.202s] Level 5:colcon.colcon_core.verb:set package 'consai2_msgs' build argument 'cmake_args' from command line to 'None'
[0.202s] Level 5:colcon.colcon_core.verb:set package 'consai2_msgs' build argument 'cmake_target' from command line to 'None'
[0.202s] Level 5:colcon.colcon_core.verb:set package 'consai2_msgs' build argument 'cmake_target_skip_unavailable' from command line to 'False'
[0.202s] Level 5:colcon.colcon_core.verb:set package 'consai2_msgs' build argument 'cmake_clean_cache' from command line to 'False'
[0.203s] Level 5:colcon.colcon_core.verb:set package 'consai2_msgs' build argument 'cmake_clean_first' from command line to 'False'
[0.203s] Level 5:colcon.colcon_core.verb:set package 'consai2_msgs' build argument 'cmake_force_configure' from command line to 'False'
[0.203s] Level 5:colcon.colcon_core.verb:set package 'consai2_msgs' build argument 'ament_cmake_args' from command line to 'None'
[0.203s] Level 5:colcon.colcon_core.verb:set package 'consai2_msgs' build argument 'catkin_cmake_args' from command line to 'None'
[0.203s] Level 5:colcon.colcon_core.verb:set package 'consai2_msgs' build argument 'catkin_skip_building_tests' from command line to 'False'
[0.203s] DEBUG:colcon.colcon_core.verb:Building package 'consai2_msgs' with the following arguments: {'ament_cmake_args': None, 'build_base': '/userdir/catkin_ws/build/consai2_msgs', 'catkin_cmake_args': None, 'catkin_skip_building_tests': False, 'cmake_args': None, 'cmake_clean_cache': False, 'cmake_clean_first': False, 'cmake_force_configure': False, 'cmake_target': None, 'cmake_target_skip_unavailable': False, 'install_base': '/userdir/catkin_ws/install/consai2_msgs', 'merge_install': False, 'path': '/userdir/catkin_ws/src/consai2r2/consai2_msgs', 'symlink_install': False, 'test_result_base': None}
[0.205s] Level 5:colcon.colcon_core.verb:set package 'consai2_sender' build argument 'cmake_args' from command line to 'None'
[0.205s] Level 5:colcon.colcon_core.verb:set package 'consai2_sender' build argument 'cmake_target' from command line to 'None'
[0.205s] Level 5:colcon.colcon_core.verb:set package 'consai2_sender' build argument 'cmake_target_skip_unavailable' from command line to 'False'
[0.205s] Level 5:colcon.colcon_core.verb:set package 'consai2_sender' build argument 'cmake_clean_cache' from command line to 'False'
[0.205s] Level 5:colcon.colcon_core.verb:set package 'consai2_sender' build argument 'cmake_clean_first' from command line to 'False'
[0.205s] Level 5:colcon.colcon_core.verb:set package 'consai2_sender' build argument 'cmake_force_configure' from command line to 'False'
[0.205s] Level 5:colcon.colcon_core.verb:set package 'consai2_sender' build argument 'ament_cmake_args' from command line to 'None'
[0.205s] Level 5:colcon.colcon_core.verb:set package 'consai2_sender' build argument 'catkin_cmake_args' from command line to 'None'
[0.205s] Level 5:colcon.colcon_core.verb:set package 'consai2_sender' build argument 'catkin_skip_building_tests' from command line to 'False'
[0.205s] DEBUG:colcon.colcon_core.verb:Building package 'consai2_sender' with the following arguments: {'ament_cmake_args': None, 'build_base': '/userdir/catkin_ws/build/consai2_sender', 'catkin_cmake_args': None, 'catkin_skip_building_tests': False, 'cmake_args': None, 'cmake_clean_cache': False, 'cmake_clean_first': False, 'cmake_force_configure': False, 'cmake_target': None, 'cmake_target_skip_unavailable': False, 'install_base': '/userdir/catkin_ws/install/consai2_sender', 'merge_install': False, 'path': '/userdir/catkin_ws/src/consai2r2/consai2_sender', 'symlink_install': False, 'test_result_base': None}
[0.207s] Level 5:colcon.colcon_core.verb:set package 'consai2_teleop' build argument 'cmake_args' from command line to 'None'
[0.207s] Level 5:colcon.colcon_core.verb:set package 'consai2_teleop' build argument 'cmake_target' from command line to 'None'
[0.207s] Level 5:colcon.colcon_core.verb:set package 'consai2_teleop' build argument 'cmake_target_skip_unavailable' from command line to 'False'
[0.207s] Level 5:colcon.colcon_core.verb:set package 'consai2_teleop' build argument 'cmake_clean_cache' from command line to 'False'
[0.207s] Level 5:colcon.colcon_core.verb:set package 'consai2_teleop' build argument 'cmake_clean_first' from command line to 'False'
[0.207s] Level 5:colcon.colcon_core.verb:set package 'consai2_teleop' build argument 'cmake_force_configure' from command line to 'False'
[0.207s] Level 5:colcon.colcon_core.verb:set package 'consai2_teleop' build argument 'ament_cmake_args' from command line to 'None'
[0.207s] Level 5:colcon.colcon_core.verb:set package 'consai2_teleop' build argument 'catkin_cmake_args' from command line to 'None'
[0.207s] Level 5:colcon.colcon_core.verb:set package 'consai2_teleop' build argument 'catkin_skip_building_tests' from command line to 'False'
[0.207s] DEBUG:colcon.colcon_core.verb:Building package 'consai2_teleop' with the following arguments: {'ament_cmake_args': None, 'build_base': '/userdir/catkin_ws/build/consai2_teleop', 'catkin_cmake_args': None, 'catkin_skip_building_tests': False, 'cmake_args': None, 'cmake_clean_cache': False, 'cmake_clean_first': False, 'cmake_force_configure': False, 'cmake_target': None, 'cmake_target_skip_unavailable': False, 'install_base': '/userdir/catkin_ws/install/consai2_teleop', 'merge_install': False, 'path': '/userdir/catkin_ws/src/consai2r2/consai2_teleop', 'symlink_install': False, 'test_result_base': None}
[0.208s] INFO:colcon.colcon_core.executor:Executing jobs using 'parallel' executor
[0.209s] DEBUG:colcon.colcon_parallel_executor.executor.parallel:run_until_complete
[0.209s] INFO:colcon.colcon_ros.task.ament_cmake.build:Building ROS package in '/userdir/catkin_ws/src/consai2r2/consai2_msgs' with build type 'ament_cmake'
[0.213s] INFO:colcon.colcon_core.plugin_system:Skipping extension 'colcon_core.shell.bat': Not used on non-Windows systems
[0.213s] INFO:colcon.colcon_cmake.task.cmake.build:Building CMake package in '/userdir/catkin_ws/src/consai2r2/consai2_msgs'
[0.213s] INFO:colcon.colcon_core.shell:Skip shell extension 'powershell' for command environment: Not usable outside of PowerShell
[0.214s] DEBUG:colcon.colcon_core.shell:Skip shell extension 'dsv' for command environment
[0.215s] DEBUG:colcon.colcon_core.shell:Ignoring prefix path '/opt/ros/dashing'
[0.226s] DEBUG:colcon.colcon_core.event_handler.log_command:Invoking command in '/userdir/catkin_ws/build/consai2_msgs': CMAKE_PREFIX_PATH=/opt/ros/dashing /usr/bin/cmake --build /userdir/catkin_ws/build/consai2_msgs -- -j36 -l36
[0.633s] DEBUG:colcon.colcon_core.event_handler.log_command:Invoked command in '/userdir/catkin_ws/build/consai2_msgs' returned '0': CMAKE_PREFIX_PATH=/opt/ros/dashing /usr/bin/cmake --build /userdir/catkin_ws/build/consai2_msgs -- -j36 -l36
[0.739s] DEBUG:colcon.colcon_core.event_handler.log_command:Invoking command in '/userdir/catkin_ws/build/consai2_msgs': CMAKE_PREFIX_PATH=/opt/ros/dashing /usr/bin/cmake --build /userdir/catkin_ws/build/consai2_msgs --target install -- -j36 -l36
[1.253s] Level 1:colcon.colcon_core.environment:create_environment_scripts_only(consai2_msgs)
[1.255s] DEBUG:colcon.colcon_core.event_handler.log_command:Invoked command in '/userdir/catkin_ws/build/consai2_msgs' returned '0': CMAKE_PREFIX_PATH=/opt/ros/dashing /usr/bin/cmake --build /userdir/catkin_ws/build/consai2_msgs --target install -- -j36 -l36
[1.259s] Level 1:colcon.colcon_core.environment:checking '/userdir/catkin_ws/install/consai2_msgs' for CMake module files
[1.259s] Level 1:colcon.colcon_core.environment:checking '/userdir/catkin_ws/install/consai2_msgs' for CMake config files
[1.260s] Level 1:colcon.colcon_core.shell:create_environment_hook('consai2_msgs', 'cmake_prefix_path')
[1.261s] INFO:colcon.colcon_core.shell:Creating environment hook '/userdir/catkin_ws/install/consai2_msgs/share/consai2_msgs/hook/cmake_prefix_path.ps1'
[1.262s] INFO:colcon.colcon_core.shell:Creating environment descriptor '/userdir/catkin_ws/install/consai2_msgs/share/consai2_msgs/hook/cmake_prefix_path.dsv'
[1.263s] INFO:colcon.colcon_core.shell:Creating environment hook '/userdir/catkin_ws/install/consai2_msgs/share/consai2_msgs/hook/cmake_prefix_path.sh'
[1.264s] Level 1:colcon.colcon_core.environment:checking '/userdir/catkin_ws/install/consai2_msgs/lib'
[1.265s] Level 1:colcon.colcon_core.shell:create_environment_hook('consai2_msgs', 'ld_library_path_lib')
[1.265s] INFO:colcon.colcon_core.shell:Creating environment hook '/userdir/catkin_ws/install/consai2_msgs/share/consai2_msgs/hook/ld_library_path_lib.ps1'
[1.266s] INFO:colcon.colcon_core.shell:Creating environment descriptor '/userdir/catkin_ws/install/consai2_msgs/share/consai2_msgs/hook/ld_library_path_lib.dsv'
[1.266s] INFO:colcon.colcon_core.shell:Creating environment hook '/userdir/catkin_ws/install/consai2_msgs/share/consai2_msgs/hook/ld_library_path_lib.sh'
[1.267s] Level 1:colcon.colcon_core.environment:checking '/userdir/catkin_ws/install/consai2_msgs/bin'
[1.267s] Level 1:colcon.colcon_core.environment:checking '/userdir/catkin_ws/install/consai2_msgs/lib/pkgconfig/consai2_msgs.pc'
[1.267s] Level 1:colcon.colcon_core.environment:checking '/userdir/catkin_ws/install/consai2_msgs/lib/python3.6/site-packages'
[1.267s] Level 1:colcon.colcon_core.shell:create_environment_hook('consai2_msgs', 'pythonpath')
[1.267s] INFO:colcon.colcon_core.shell:Creating environment hook '/userdir/catkin_ws/install/consai2_msgs/share/consai2_msgs/hook/pythonpath.ps1'
[1.268s] INFO:colcon.colcon_core.shell:Creating environment descriptor '/userdir/catkin_ws/install/consai2_msgs/share/consai2_msgs/hook/pythonpath.dsv'
[1.268s] INFO:colcon.colcon_core.shell:Creating environment hook '/userdir/catkin_ws/install/consai2_msgs/share/consai2_msgs/hook/pythonpath.sh'
[1.269s] INFO:colcon.colcon_core.shell:Creating package script '/userdir/catkin_ws/install/consai2_msgs/share/consai2_msgs/package.ps1'
[1.271s] INFO:colcon.colcon_core.shell:Creating package descriptor '/userdir/catkin_ws/install/consai2_msgs/share/consai2_msgs/package.dsv'
[1.272s] INFO:colcon.colcon_core.shell:Creating package script '/userdir/catkin_ws/install/consai2_msgs/share/consai2_msgs/package.sh'
[1.273s] INFO:colcon.colcon_core.shell:Creating package script '/userdir/catkin_ws/install/consai2_msgs/share/consai2_msgs/package.bash'
[1.274s] INFO:colcon.colcon_core.shell:Creating package script '/userdir/catkin_ws/install/consai2_msgs/share/consai2_msgs/package.zsh'
[1.275s] Level 1:colcon.colcon_core.environment:create_file_with_runtime_dependencies(/userdir/catkin_ws/install/consai2_msgs/share/colcon-core/packages/consai2_msgs)
[1.276s] INFO:colcon.colcon_ros.task.ament_cmake.build:Building ROS package in '/userdir/catkin_ws/src/consai2r2/consai2_sender' with build type 'ament_cmake'
[1.276s] INFO:colcon.colcon_cmake.task.cmake.build:Building CMake package in '/userdir/catkin_ws/src/consai2r2/consai2_sender'
[1.277s] INFO:colcon.colcon_core.shell:Skip shell extension 'powershell' for command environment: Not usable outside of PowerShell
[1.277s] DEBUG:colcon.colcon_core.shell:Skip shell extension 'dsv' for command environment
[1.280s] DEBUG:colcon.colcon_core.shell:Ignoring prefix path '/opt/ros/dashing'
[1.283s] INFO:colcon.colcon_ros.task.ament_cmake.build:Building ROS package in '/userdir/catkin_ws/src/consai2r2/consai2_teleop' with build type 'ament_cmake'
[1.285s] INFO:colcon.colcon_cmake.task.cmake.build:Building CMake package in '/userdir/catkin_ws/src/consai2r2/consai2_teleop'
[1.286s] INFO:colcon.colcon_core.shell:Skip shell extension 'powershell' for command environment: Not usable outside of PowerShell
[1.287s] DEBUG:colcon.colcon_core.shell:Skip shell extension 'dsv' for command environment
[1.291s] DEBUG:colcon.colcon_core.shell:Ignoring prefix path '/opt/ros/dashing'
[1.304s] DEBUG:colcon.colcon_core.event_handler.log_command:Invoking command in '/userdir/catkin_ws/build/consai2_sender': AMENT_PREFIX_PATH=/userdir/catkin_ws/install/consai2_msgs:${AMENT_PREFIX_PATH} CMAKE_PREFIX_PATH=/userdir/catkin_ws/install/consai2_msgs:/opt/ros/dashing LD_LIBRARY_PATH=/userdir/catkin_ws/install/consai2_msgs/lib:${LD_LIBRARY_PATH} PYTHONPATH=/userdir/catkin_ws/install/consai2_msgs/lib/python3.6/site-packages:${PYTHONPATH} /usr/bin/cmake /userdir/catkin_ws/src/consai2r2/consai2_sender -DCMAKE_INSTALL_PREFIX=/userdir/catkin_ws/install/consai2_sender
[1.309s] DEBUG:colcon.colcon_core.event_handler.log_command:Invoking command in '/userdir/catkin_ws/build/consai2_teleop': AMENT_PREFIX_PATH=/userdir/catkin_ws/install/consai2_msgs:${AMENT_PREFIX_PATH} CMAKE_PREFIX_PATH=/userdir/catkin_ws/install/consai2_msgs:/opt/ros/dashing LD_LIBRARY_PATH=/userdir/catkin_ws/install/consai2_msgs/lib:${LD_LIBRARY_PATH} PYTHONPATH=/userdir/catkin_ws/install/consai2_msgs/lib/python3.6/site-packages:${PYTHONPATH} /usr/bin/cmake --build /userdir/catkin_ws/build/consai2_teleop -- -j36 -l36
[1.802s] DEBUG:colcon.colcon_core.event_handler.log_command:Invoked command in '/userdir/catkin_ws/build/consai2_sender' returned '0': AMENT_PREFIX_PATH=/userdir/catkin_ws/install/consai2_msgs:${AMENT_PREFIX_PATH} CMAKE_PREFIX_PATH=/userdir/catkin_ws/install/consai2_msgs:/opt/ros/dashing LD_LIBRARY_PATH=/userdir/catkin_ws/install/consai2_msgs/lib:${LD_LIBRARY_PATH} PYTHONPATH=/userdir/catkin_ws/install/consai2_msgs/lib/python3.6/site-packages:${PYTHONPATH} /usr/bin/cmake /userdir/catkin_ws/src/consai2r2/consai2_sender -DCMAKE_INSTALL_PREFIX=/userdir/catkin_ws/install/consai2_sender
[1.803s] DEBUG:colcon.colcon_core.event_handler.log_command:Invoking command in '/userdir/catkin_ws/build/consai2_sender': AMENT_PREFIX_PATH=/userdir/catkin_ws/install/consai2_msgs:${AMENT_PREFIX_PATH} CMAKE_PREFIX_PATH=/userdir/catkin_ws/install/consai2_msgs:/opt/ros/dashing LD_LIBRARY_PATH=/userdir/catkin_ws/install/consai2_msgs/lib:${LD_LIBRARY_PATH} PYTHONPATH=/userdir/catkin_ws/install/consai2_msgs/lib/python3.6/site-packages:${PYTHONPATH} /usr/bin/cmake --build /userdir/catkin_ws/build/consai2_sender -- -j36 -l36
[5.166s] DEBUG:colcon.colcon_core.event_handler.log_command:Invoked command in '/userdir/catkin_ws/build/consai2_sender' returned '0': AMENT_PREFIX_PATH=/userdir/catkin_ws/install/consai2_msgs:${AMENT_PREFIX_PATH} CMAKE_PREFIX_PATH=/userdir/catkin_ws/install/consai2_msgs:/opt/ros/dashing LD_LIBRARY_PATH=/userdir/catkin_ws/install/consai2_msgs/lib:${LD_LIBRARY_PATH} PYTHONPATH=/userdir/catkin_ws/install/consai2_msgs/lib/python3.6/site-packages:${PYTHONPATH} /usr/bin/cmake --build /userdir/catkin_ws/build/consai2_sender -- -j36 -l36
[5.225s] DEBUG:colcon.colcon_core.event_handler.log_command:Invoking command in '/userdir/catkin_ws/build/consai2_sender': AMENT_PREFIX_PATH=/userdir/catkin_ws/install/consai2_msgs:${AMENT_PREFIX_PATH} CMAKE_PREFIX_PATH=/userdir/catkin_ws/install/consai2_msgs:/opt/ros/dashing LD_LIBRARY_PATH=/userdir/catkin_ws/install/consai2_msgs/lib:${LD_LIBRARY_PATH} PYTHONPATH=/userdir/catkin_ws/install/consai2_msgs/lib/python3.6/site-packages:${PYTHONPATH} /usr/bin/cmake --build /userdir/catkin_ws/build/consai2_sender --target install -- -j36 -l36
[5.398s] Level 1:colcon.colcon_core.environment:create_environment_scripts_only(consai2_sender)
[5.401s] Level 1:colcon.colcon_core.environment:checking '/userdir/catkin_ws/install/consai2_sender' for CMake module files
[5.402s] DEBUG:colcon.colcon_core.event_handler.log_command:Invoked command in '/userdir/catkin_ws/build/consai2_sender' returned '0': AMENT_PREFIX_PATH=/userdir/catkin_ws/install/consai2_msgs:${AMENT_PREFIX_PATH} CMAKE_PREFIX_PATH=/userdir/catkin_ws/install/consai2_msgs:/opt/ros/dashing LD_LIBRARY_PATH=/userdir/catkin_ws/install/consai2_msgs/lib:${LD_LIBRARY_PATH} PYTHONPATH=/userdir/catkin_ws/install/consai2_msgs/lib/python3.6/site-packages:${PYTHONPATH} /usr/bin/cmake --build /userdir/catkin_ws/build/consai2_sender --target install -- -j36 -l36
[5.403s] Level 1:colcon.colcon_core.environment:checking '/userdir/catkin_ws/install/consai2_sender' for CMake config files
[5.403s] Level 1:colcon.colcon_core.shell:create_environment_hook('consai2_sender', 'cmake_prefix_path')
[5.404s] INFO:colcon.colcon_core.shell:Creating environment hook '/userdir/catkin_ws/install/consai2_sender/share/consai2_sender/hook/cmake_prefix_path.ps1'
[5.406s] INFO:colcon.colcon_core.shell:Creating environment descriptor '/userdir/catkin_ws/install/consai2_sender/share/consai2_sender/hook/cmake_prefix_path.dsv'
[5.406s] INFO:colcon.colcon_core.shell:Creating environment hook '/userdir/catkin_ws/install/consai2_sender/share/consai2_sender/hook/cmake_prefix_path.sh'
[5.408s] Level 1:colcon.colcon_core.environment:checking '/userdir/catkin_ws/install/consai2_sender/lib'
[5.408s] Level 1:colcon.colcon_core.environment:checking '/userdir/catkin_ws/install/consai2_sender/bin'
[5.408s] Level 1:colcon.colcon_core.environment:checking '/userdir/catkin_ws/install/consai2_sender/lib/pkgconfig/consai2_sender.pc'
[5.409s] Level 1:colcon.colcon_core.environment:checking '/userdir/catkin_ws/install/consai2_sender/lib/python3.6/site-packages'
[5.410s] INFO:colcon.colcon_core.shell:Creating package script '/userdir/catkin_ws/install/consai2_sender/share/consai2_sender/package.ps1'
[5.411s] INFO:colcon.colcon_core.shell:Creating package descriptor '/userdir/catkin_ws/install/consai2_sender/share/consai2_sender/package.dsv'
[5.412s] INFO:colcon.colcon_core.shell:Creating package script '/userdir/catkin_ws/install/consai2_sender/share/consai2_sender/package.sh'
[5.412s] INFO:colcon.colcon_core.shell:Creating package script '/userdir/catkin_ws/install/consai2_sender/share/consai2_sender/package.bash'
[5.413s] INFO:colcon.colcon_core.shell:Creating package script '/userdir/catkin_ws/install/consai2_sender/share/consai2_sender/package.zsh'
[5.414s] Level 1:colcon.colcon_core.environment:create_file_with_runtime_dependencies(/userdir/catkin_ws/install/consai2_sender/share/colcon-core/packages/consai2_sender)
[6.581s] DEBUG:colcon.colcon_core.event_handler.log_command:Invoked command in '/userdir/catkin_ws/build/consai2_teleop' returned '0': AMENT_PREFIX_PATH=/userdir/catkin_ws/install/consai2_msgs:${AMENT_PREFIX_PATH} CMAKE_PREFIX_PATH=/userdir/catkin_ws/install/consai2_msgs:/opt/ros/dashing LD_LIBRARY_PATH=/userdir/catkin_ws/install/consai2_msgs/lib:${LD_LIBRARY_PATH} PYTHONPATH=/userdir/catkin_ws/install/consai2_msgs/lib/python3.6/site-packages:${PYTHONPATH} /usr/bin/cmake --build /userdir/catkin_ws/build/consai2_teleop -- -j36 -l36
[6.629s] DEBUG:colcon.colcon_core.event_handler.log_command:Invoking command in '/userdir/catkin_ws/build/consai2_teleop': AMENT_PREFIX_PATH=/userdir/catkin_ws/install/consai2_msgs:${AMENT_PREFIX_PATH} CMAKE_PREFIX_PATH=/userdir/catkin_ws/install/consai2_msgs:/opt/ros/dashing LD_LIBRARY_PATH=/userdir/catkin_ws/install/consai2_msgs/lib:${LD_LIBRARY_PATH} PYTHONPATH=/userdir/catkin_ws/install/consai2_msgs/lib/python3.6/site-packages:${PYTHONPATH} /usr/bin/cmake --build /userdir/catkin_ws/build/consai2_teleop --target install -- -j36 -l36
[6.818s] Level 1:colcon.colcon_core.environment:create_environment_scripts_only(consai2_teleop)
[6.819s] Level 1:colcon.colcon_core.environment:checking '/userdir/catkin_ws/install/consai2_teleop' for CMake module files
[6.820s] DEBUG:colcon.colcon_core.event_handler.log_command:Invoked command in '/userdir/catkin_ws/build/consai2_teleop' returned '0': AMENT_PREFIX_PATH=/userdir/catkin_ws/install/consai2_msgs:${AMENT_PREFIX_PATH} CMAKE_PREFIX_PATH=/userdir/catkin_ws/install/consai2_msgs:/opt/ros/dashing LD_LIBRARY_PATH=/userdir/catkin_ws/install/consai2_msgs/lib:${LD_LIBRARY_PATH} PYTHONPATH=/userdir/catkin_ws/install/consai2_msgs/lib/python3.6/site-packages:${PYTHONPATH} /usr/bin/cmake --build /userdir/catkin_ws/build/consai2_teleop --target install -- -j36 -l36
[6.820s] Level 1:colcon.colcon_core.environment:checking '/userdir/catkin_ws/install/consai2_teleop' for CMake config files
[6.820s] Level 1:colcon.colcon_core.shell:create_environment_hook('consai2_teleop', 'cmake_prefix_path')
[6.821s] INFO:colcon.colcon_core.shell:Creating environment hook '/userdir/catkin_ws/install/consai2_teleop/share/consai2_teleop/hook/cmake_prefix_path.ps1'
[6.822s] INFO:colcon.colcon_core.shell:Creating environment descriptor '/userdir/catkin_ws/install/consai2_teleop/share/consai2_teleop/hook/cmake_prefix_path.dsv'
[6.822s] INFO:colcon.colcon_core.shell:Creating environment hook '/userdir/catkin_ws/install/consai2_teleop/share/consai2_teleop/hook/cmake_prefix_path.sh'
[6.823s] Level 1:colcon.colcon_core.environment:checking '/userdir/catkin_ws/install/consai2_teleop/lib'
[6.823s] Level 1:colcon.colcon_core.shell:create_environment_hook('consai2_teleop', 'ld_library_path_lib')
[6.824s] INFO:colcon.colcon_core.shell:Creating environment hook '/userdir/catkin_ws/install/consai2_teleop/share/consai2_teleop/hook/ld_library_path_lib.ps1'
[6.824s] INFO:colcon.colcon_core.shell:Creating environment descriptor '/userdir/catkin_ws/install/consai2_teleop/share/consai2_teleop/hook/ld_library_path_lib.dsv'
[6.824s] INFO:colcon.colcon_core.shell:Creating environment hook '/userdir/catkin_ws/install/consai2_teleop/share/consai2_teleop/hook/ld_library_path_lib.sh'
[6.825s] Level 1:colcon.colcon_core.environment:checking '/userdir/catkin_ws/install/consai2_teleop/bin'
[6.825s] Level 1:colcon.colcon_core.environment:checking '/userdir/catkin_ws/install/consai2_teleop/lib/pkgconfig/consai2_teleop.pc'
[6.825s] Level 1:colcon.colcon_core.environment:checking '/userdir/catkin_ws/install/consai2_teleop/lib/python3.6/site-packages'
[6.825s] INFO:colcon.colcon_core.shell:Creating package script '/userdir/catkin_ws/install/consai2_teleop/share/consai2_teleop/package.ps1'
[6.826s] INFO:colcon.colcon_core.shell:Creating package descriptor '/userdir/catkin_ws/install/consai2_teleop/share/consai2_teleop/package.dsv'
[6.826s] INFO:colcon.colcon_core.shell:Creating package script '/userdir/catkin_ws/install/consai2_teleop/share/consai2_teleop/package.sh'
[6.827s] INFO:colcon.colcon_core.shell:Creating package script '/userdir/catkin_ws/install/consai2_teleop/share/consai2_teleop/package.bash'
[6.827s] INFO:colcon.colcon_core.shell:Creating package script '/userdir/catkin_ws/install/consai2_teleop/share/consai2_teleop/package.zsh'
[6.827s] Level 1:colcon.colcon_core.environment:create_file_with_runtime_dependencies(/userdir/catkin_ws/install/consai2_teleop/share/colcon-core/packages/consai2_teleop)
[6.828s] DEBUG:colcon.colcon_parallel_executor.executor.parallel:closing loop
[6.829s] DEBUG:colcon.colcon_parallel_executor.executor.parallel:loop closed
[6.829s] DEBUG:colcon.colcon_parallel_executor.executor.parallel:run_until_complete finished with '0'
[6.829s] DEBUG:colcon.colcon_core.event_reactor:joining thread
[6.837s] INFO:colcon.colcon_core.plugin_system:Skipping extension 'colcon_notification.desktop_notification.notify_send': Could not find 'notify-send'
[6.837s] INFO:colcon.colcon_core.plugin_system:Skipping extension 'colcon_notification.desktop_notification.terminal_notifier': Not used on non-Darwin systems
[6.837s] INFO:colcon.colcon_core.plugin_system:Skipping extension 'colcon_notification.desktop_notification.win32': Not used on non-Windows systems
[6.837s] INFO:colcon.colcon_notification.desktop_notification:Sending desktop notification using 'notify2'
[6.840s] DEBUG:colcon.colcon_notification.desktop_notification.notify2:Failed to initialize notify2: org.freedesktop.DBus.Error.Spawn.ExecFailed: /usr/bin/dbus-launch terminated abnormally without any error message
[6.840s] DEBUG:colcon.colcon_core.event_reactor:joined thread
[6.842s] INFO:colcon.colcon_core.shell:Creating prefix script '/userdir/catkin_ws/install/local_setup.ps1'
[6.843s] INFO:colcon.colcon_core.shell:Creating prefix util module '/userdir/catkin_ws/install/_local_setup_util_ps1.py'
[6.845s] INFO:colcon.colcon_core.shell:Creating prefix chain script '/userdir/catkin_ws/install/setup.ps1'
[6.847s] INFO:colcon.colcon_core.shell:Creating prefix script '/userdir/catkin_ws/install/local_setup.sh'
[6.847s] INFO:colcon.colcon_core.shell:Creating prefix util module '/userdir/catkin_ws/install/_local_setup_util_sh.py'
[6.848s] INFO:colcon.colcon_core.shell:Creating prefix chain script '/userdir/catkin_ws/install/setup.sh'
[6.852s] INFO:colcon.colcon_core.shell:Creating prefix script '/userdir/catkin_ws/install/local_setup.bash'
[6.852s] INFO:colcon.colcon_core.shell:Creating prefix chain script '/userdir/catkin_ws/install/setup.bash'
[6.855s] INFO:colcon.colcon_core.shell:Creating prefix script '/userdir/catkin_ws/install/local_setup.zsh'
[6.856s] INFO:colcon.colcon_core.shell:Creating prefix chain script '/userdir/catkin_ws/install/setup.zsh'
