[0.000000] (-) TimerEvent: {}
[0.000523] (consai2_msgs) JobQueued: {'identifier': 'consai2_msgs', 'dependencies': OrderedDict()}
[0.000765] (consai2_sender) JobQueued: {'identifier': 'consai2_sender', 'dependencies': OrderedDict([('consai2_msgs', '/userdir/catkin_ws/install/consai2_msgs')])}
[0.000826] (consai2_teleop) JobQueued: {'identifier': 'consai2_teleop', 'dependencies': OrderedDict([('consai2_msgs', '/userdir/catkin_ws/install/consai2_msgs')])}
[0.000860] (consai2_msgs) JobStarted: {'identifier': 'consai2_msgs'}
[0.011353] (consai2_msgs) JobProgress: {'identifier': 'consai2_msgs', 'progress': 'cmake'}
[0.011747] (consai2_msgs) Command: {'cmd': ['/usr/bin/cmake', '/userdir/catkin_ws/src/consai2r2/consai2_msgs', '-DCMAKE_INSTALL_PREFIX=/userdir/catkin_ws/install/consai2_msgs'], 'cwd': '/userdir/catkin_ws/build/consai2_msgs', 'env': OrderedDict([('HOSTNAME', 'future731-WS-X299-SAGE'), ('LD_LIBRARY_PATH', '/usr/lib/x86_64-linux-gnu:/usr/lib/i386-linux-gnu:/usr/local/nvidia/lib:/usr/local/nvidia/lib64'), ('SHLVL', '1'), ('HOME', '/root'), ('OLDPWD', '/userdir'), ('DOCKER_ROS_IP', 'localhost'), ('ROS_DISTRO', 'dashing'), ('_', '/usr/bin/colcon'), ('NVIDIA_DRIVER_CAPABILITIES', 'graphics,compat32,utility'), ('TERM', 'xterm'), ('QT_X11_NO_MITSHM', '1'), ('PATH', '/usr/local/sbin:/usr/local/bin:/usr/sbin:/usr/bin:/sbin:/bin'), ('DISPLAY', ':0'), ('DOCKER_ROS_SETUP', '/catkin_ws/devel/setup.bash'), ('LANG', 'ja_JP.UTF-8'), ('DEBIAN_FRONTEND', 'noninteractive'), ('PWD', '/userdir/catkin_ws/build/consai2_msgs'), ('NVIDIA_VISIBLE_DEVICES', 'all')]), 'shell': False}
[0.087782] (consai2_msgs) StdoutLine: {'line': b'-- The C compiler identification is GNU 7.4.0\n'}
[0.099688] (-) TimerEvent: {}
[0.157577] (consai2_msgs) StdoutLine: {'line': b'-- The CXX compiler identification is GNU 7.4.0\n'}
[0.161973] (consai2_msgs) StdoutLine: {'line': b'-- Check for working C compiler: /usr/bin/cc\n'}
[0.199812] (-) TimerEvent: {}
[0.265173] (consai2_msgs) StdoutLine: {'line': b'-- Check for working C compiler: /usr/bin/cc -- works\n'}
[0.265785] (consai2_msgs) StdoutLine: {'line': b'-- Detecting C compiler ABI info\n'}
[0.299922] (-) TimerEvent: {}
[0.358189] (consai2_msgs) StdoutLine: {'line': b'-- Detecting C compiler ABI info - done\n'}
[0.365537] (consai2_msgs) StdoutLine: {'line': b'-- Detecting C compile features\n'}
[0.400039] (-) TimerEvent: {}
[0.500405] (-) TimerEvent: {}
[0.600767] (-) TimerEvent: {}
[0.652179] (consai2_msgs) StdoutLine: {'line': b'-- Detecting C compile features - done\n'}
[0.657299] (consai2_msgs) StdoutLine: {'line': b'-- Check for working CXX compiler: /usr/bin/c++\n'}
[0.700914] (-) TimerEvent: {}
[0.782109] (consai2_msgs) StdoutLine: {'line': b'-- Check for working CXX compiler: /usr/bin/c++ -- works\n'}
[0.783550] (consai2_msgs) StdoutLine: {'line': b'-- Detecting CXX compiler ABI info\n'}
[0.801013] (-) TimerEvent: {}
[0.901443] (-) TimerEvent: {}
[0.911652] (consai2_msgs) StdoutLine: {'line': b'-- Detecting CXX compiler ABI info - done\n'}
[0.922265] (consai2_msgs) StdoutLine: {'line': b'-- Detecting CXX compile features\n'}
[1.001650] (-) TimerEvent: {}
[1.102239] (-) TimerEvent: {}
[1.202795] (-) TimerEvent: {}
[1.303275] (-) TimerEvent: {}
[1.403820] (-) TimerEvent: {}
[1.410162] (consai2_msgs) StdoutLine: {'line': b'-- Detecting CXX compile features - done\n'}
[1.421866] (consai2_msgs) StderrLine: {'line': b'CMake Error at CMakeLists.txt:14 (find_package):\n'}
[1.422278] (consai2_msgs) StderrLine: {'line': b'  By not providing "Findament_cmake.cmake" in CMAKE_MODULE_PATH this project\n'}
[1.422596] (consai2_msgs) StderrLine: {'line': b'  has asked CMake to find a package configuration file provided by\n'}
[1.422813] (consai2_msgs) StderrLine: {'line': b'  "ament_cmake", but CMake did not find one.\n'}
[1.423014] (consai2_msgs) StderrLine: {'line': b'\n'}
[1.423213] (consai2_msgs) StderrLine: {'line': b'  Could not find a package configuration file provided by "ament_cmake" with\n'}
[1.423411] (consai2_msgs) StderrLine: {'line': b'  any of the following names:\n'}
[1.423616] (consai2_msgs) StderrLine: {'line': b'\n'}
[1.423884] (consai2_msgs) StderrLine: {'line': b'    ament_cmakeConfig.cmake\n'}
[1.424111] (consai2_msgs) StderrLine: {'line': b'    ament_cmake-config.cmake\n'}
[1.424321] (consai2_msgs) StderrLine: {'line': b'\n'}
[1.424523] (consai2_msgs) StderrLine: {'line': b'  Add the installation prefix of "ament_cmake" to CMAKE_PREFIX_PATH or set\n'}
[1.424731] (consai2_msgs) StderrLine: {'line': b'  "ament_cmake_DIR" to a directory containing one of the above files.  If\n'}
[1.425254] (consai2_msgs) StderrLine: {'line': b'  "ament_cmake" provides a separate development package or SDK, be sure it\n'}
[1.425800] (consai2_msgs) StderrLine: {'line': b'  has been installed.\n'}
[1.426484] (consai2_msgs) StderrLine: {'line': b'\n'}
[1.426727] (consai2_msgs) StderrLine: {'line': b'\n'}
[1.426941] (consai2_msgs) StdoutLine: {'line': b'-- Configuring incomplete, errors occurred!\n'}
[1.427166] (consai2_msgs) StdoutLine: {'line': b'See also "/userdir/catkin_ws/build/consai2_msgs/CMakeFiles/CMakeOutput.log".\n'}
[1.427384] (consai2_msgs) CommandEnded: {'returncode': 1}
[1.428155] (consai2_msgs) JobEnded: {'identifier': 'consai2_msgs', 'rc': 1}
[1.437340] (consai2_sender) JobSkipped: {'identifier': 'consai2_sender'}
[1.437488] (consai2_teleop) JobSkipped: {'identifier': 'consai2_teleop'}
[1.437551] (-) EventReactorShutdown: {}
