[0.130s] DEBUG:colcon:Command line arguments: ['/usr/bin/colcon', 'build']
[0.130s] DEBUG:colcon:Parsed command line arguments: Namespace(ament_cmake_args=None, base_paths='.', build_base='build', catkin_cmake_args=None, catkin_skip_building_tests=False, cmake_args=None, cmake_clean_cache=False, cmake_clean_first=False, cmake_force_configure=False, cmake_target=None, cmake_target_skip_unavailable=False, continue_on_error=False, event_handlers=None, executor='parallel', ignore_user_meta=False, install_base='install', log_base='log', log_level=None, main=<bound method BuildVerb.main of <colcon_core.verb.build.BuildVerb object at 0x7fd666db9588>>, merge_install=False, metas='./colcon.meta', packages_above=None, packages_above_depth=None, packages_end=None, packages_ignore=None, packages_ignore_regex=None, packages_select=None, packages_select_build_failed=False, packages_select_by_dep=None, packages_select_regex=None, packages_select_test_failures=False, packages_skip=None, packages_skip_build_finished=False, packages_skip_by_dep=None, packages_skip_regex=None, packages_skip_test_passed=False, packages_skip_up_to=None, packages_start=None, packages_up_to=None, parallel_workers=36, paths=None, symlink_install=False, test_result_base=None, verb_extension=<colcon_core.verb.build.BuildVerb object at 0x7fd666db9588>, verb_name='build', verb_parser=<colcon_defaults.argument_parser.defaults.DefaultArgumentsDecorator object at 0x7fd666db9898>)
[0.165s] Level 1:colcon.colcon_core.package_discovery:discover_packages(colcon_meta) check parameters
[0.166s] Level 1:colcon.colcon_core.package_discovery:discover_packages(recursive) check parameters
[0.166s] Level 1:colcon.colcon_core.package_discovery:discover_packages(ignore) check parameters
[0.166s] Level 1:colcon.colcon_core.package_discovery:discover_packages(path) check parameters
[0.166s] Level 1:colcon.colcon_core.package_discovery:discover_packages(recursive) discover
[0.166s] INFO:colcon.colcon_core.package_discovery:Crawling recursively for packages in '/userdir/catkin_ws'
[0.166s] Level 1:colcon.colcon_core.package_identification:_identify(/userdir/catkin_ws) by extensions ['ignore', 'ignore_ament_install']
[0.166s] Level 1:colcon.colcon_core.package_identification:_identify(/userdir/catkin_ws) by extension 'ignore'
[0.166s] Level 1:colcon.colcon_core.package_identification:_identify(/userdir/catkin_ws) by extension 'ignore_ament_install'
[0.166s] Level 1:colcon.colcon_core.package_identification:_identify(/userdir/catkin_ws) by extensions ['colcon_pkg']
[0.167s] Level 1:colcon.colcon_core.package_identification:_identify(/userdir/catkin_ws) by extension 'colcon_pkg'
[0.167s] Level 1:colcon.colcon_core.package_identification:_identify(/userdir/catkin_ws) by extensions ['colcon_meta']
[0.167s] Level 1:colcon.colcon_core.package_identification:_identify(/userdir/catkin_ws) by extension 'colcon_meta'
[0.167s] Level 1:colcon.colcon_core.package_identification:_identify(/userdir/catkin_ws) by extensions ['ros']
[0.167s] Level 1:colcon.colcon_core.package_identification:_identify(/userdir/catkin_ws) by extension 'ros'
[0.177s] Level 1:colcon.colcon_core.package_identification:_identify(/userdir/catkin_ws) by extensions ['cmake', 'python']
[0.178s] Level 1:colcon.colcon_core.package_identification:_identify(/userdir/catkin_ws) by extension 'cmake'
[0.178s] Level 1:colcon.colcon_core.package_identification:_identify(/userdir/catkin_ws) by extension 'python'
[0.178s] Level 1:colcon.colcon_core.package_identification:_identify(/userdir/catkin_ws) by extensions ['python_setup_py']
[0.178s] Level 1:colcon.colcon_core.package_identification:_identify(/userdir/catkin_ws) by extension 'python_setup_py'
[0.178s] Level 1:colcon.colcon_core.package_identification:_identify(/userdir/catkin_ws/build) by extensions ['ignore', 'ignore_ament_install']
[0.178s] Level 1:colcon.colcon_core.package_identification:_identify(/userdir/catkin_ws/build) by extension 'ignore'
[0.178s] Level 1:colcon.colcon_core.package_identification:_identify(/userdir/catkin_ws/build) ignored
[0.178s] Level 1:colcon.colcon_core.package_identification:_identify(/userdir/catkin_ws/install) by extensions ['ignore', 'ignore_ament_install']
[0.179s] Level 1:colcon.colcon_core.package_identification:_identify(/userdir/catkin_ws/install) by extension 'ignore'
[0.179s] Level 1:colcon.colcon_core.package_identification:_identify(/userdir/catkin_ws/install) ignored
[0.179s] Level 1:colcon.colcon_core.package_identification:_identify(/userdir/catkin_ws/log) by extensions ['ignore', 'ignore_ament_install']
[0.179s] Level 1:colcon.colcon_core.package_identification:_identify(/userdir/catkin_ws/log) by extension 'ignore'
[0.179s] Level 1:colcon.colcon_core.package_identification:_identify(/userdir/catkin_ws/log) ignored
[0.179s] Level 1:colcon.colcon_core.package_identification:_identify(/userdir/catkin_ws/src) by extensions ['ignore', 'ignore_ament_install']
[0.179s] Level 1:colcon.colcon_core.package_identification:_identify(/userdir/catkin_ws/src) by extension 'ignore'
[0.179s] Level 1:colcon.colcon_core.package_identification:_identify(/userdir/catkin_ws/src) by extension 'ignore_ament_install'
[0.179s] Level 1:colcon.colcon_core.package_identification:_identify(/userdir/catkin_ws/src) by extensions ['colcon_pkg']
[0.179s] Level 1:colcon.colcon_core.package_identification:_identify(/userdir/catkin_ws/src) by extension 'colcon_pkg'
[0.179s] Level 1:colcon.colcon_core.package_identification:_identify(/userdir/catkin_ws/src) by extensions ['colcon_meta']
[0.179s] Level 1:colcon.colcon_core.package_identification:_identify(/userdir/catkin_ws/src) by extension 'colcon_meta'
[0.179s] Level 1:colcon.colcon_core.package_identification:_identify(/userdir/catkin_ws/src) by extensions ['ros']
[0.179s] Level 1:colcon.colcon_core.package_identification:_identify(/userdir/catkin_ws/src) by extension 'ros'
[0.180s] Level 1:colcon.colcon_core.package_identification:_identify(/userdir/catkin_ws/src) by extensions ['cmake', 'python']
[0.180s] Level 1:colcon.colcon_core.package_identification:_identify(/userdir/catkin_ws/src) by extension 'cmake'
[0.180s] Level 1:colcon.colcon_core.package_identification:_identify(/userdir/catkin_ws/src) by extension 'python'
[0.180s] Level 1:colcon.colcon_core.package_identification:_identify(/userdir/catkin_ws/src) by extensions ['python_setup_py']
[0.180s] Level 1:colcon.colcon_core.package_identification:_identify(/userdir/catkin_ws/src) by extension 'python_setup_py'
[0.180s] Level 1:colcon.colcon_core.package_identification:_identify(/userdir/catkin_ws/src/consai2r2) by extensions ['ignore', 'ignore_ament_install']
[0.180s] Level 1:colcon.colcon_core.package_identification:_identify(/userdir/catkin_ws/src/consai2r2) by extension 'ignore'
[0.180s] Level 1:colcon.colcon_core.package_identification:_identify(/userdir/catkin_ws/src/consai2r2) by extension 'ignore_ament_install'
[0.180s] Level 1:colcon.colcon_core.package_identification:_identify(/userdir/catkin_ws/src/consai2r2) by extensions ['colcon_pkg']
[0.180s] Level 1:colcon.colcon_core.package_identification:_identify(/userdir/catkin_ws/src/consai2r2) by extension 'colcon_pkg'
[0.180s] Level 1:colcon.colcon_core.package_identification:_identify(/userdir/catkin_ws/src/consai2r2) by extensions ['colcon_meta']
[0.180s] Level 1:colcon.colcon_core.package_identification:_identify(/userdir/catkin_ws/src/consai2r2) by extension 'colcon_meta'
[0.180s] Level 1:colcon.colcon_core.package_identification:_identify(/userdir/catkin_ws/src/consai2r2) by extensions ['ros']
[0.181s] Level 1:colcon.colcon_core.package_identification:_identify(/userdir/catkin_ws/src/consai2r2) by extension 'ros'
[0.181s] Level 1:colcon.colcon_core.package_identification:_identify(/userdir/catkin_ws/src/consai2r2) by extensions ['cmake', 'python']
[0.181s] Level 1:colcon.colcon_core.package_identification:_identify(/userdir/catkin_ws/src/consai2r2) by extension 'cmake'
[0.181s] Level 1:colcon.colcon_core.package_identification:_identify(/userdir/catkin_ws/src/consai2r2) by extension 'python'
[0.181s] Level 1:colcon.colcon_core.package_identification:_identify(/userdir/catkin_ws/src/consai2r2) by extensions ['python_setup_py']
[0.181s] Level 1:colcon.colcon_core.package_identification:_identify(/userdir/catkin_ws/src/consai2r2) by extension 'python_setup_py'
[0.181s] Level 1:colcon.colcon_core.package_identification:_identify(/userdir/catkin_ws/src/consai2r2/consai2_msgs) by extensions ['ignore', 'ignore_ament_install']
[0.181s] Level 1:colcon.colcon_core.package_identification:_identify(/userdir/catkin_ws/src/consai2r2/consai2_msgs) by extension 'ignore'
[0.181s] Level 1:colcon.colcon_core.package_identification:_identify(/userdir/catkin_ws/src/consai2r2/consai2_msgs) by extension 'ignore_ament_install'
[0.181s] Level 1:colcon.colcon_core.package_identification:_identify(/userdir/catkin_ws/src/consai2r2/consai2_msgs) by extensions ['colcon_pkg']
[0.181s] Level 1:colcon.colcon_core.package_identification:_identify(/userdir/catkin_ws/src/consai2r2/consai2_msgs) by extension 'colcon_pkg'
[0.181s] Level 1:colcon.colcon_core.package_identification:_identify(/userdir/catkin_ws/src/consai2r2/consai2_msgs) by extensions ['colcon_meta']
[0.181s] Level 1:colcon.colcon_core.package_identification:_identify(/userdir/catkin_ws/src/consai2r2/consai2_msgs) by extension 'colcon_meta'
[0.181s] Level 1:colcon.colcon_core.package_identification:_identify(/userdir/catkin_ws/src/consai2r2/consai2_msgs) by extensions ['ros']
[0.182s] Level 1:colcon.colcon_core.package_identification:_identify(/userdir/catkin_ws/src/consai2r2/consai2_msgs) by extension 'ros'
[0.184s] DEBUG:colcon.colcon_core.package_identification:Package '/userdir/catkin_ws/src/consai2r2/consai2_msgs' with type 'ros.ament_cmake' and name 'consai2_msgs'
[0.184s] Level 1:colcon.colcon_core.package_identification:_identify(/userdir/catkin_ws/src/consai2r2/consai2_sender) by extensions ['ignore', 'ignore_ament_install']
[0.184s] Level 1:colcon.colcon_core.package_identification:_identify(/userdir/catkin_ws/src/consai2r2/consai2_sender) by extension 'ignore'
[0.184s] Level 1:colcon.colcon_core.package_identification:_identify(/userdir/catkin_ws/src/consai2r2/consai2_sender) by extension 'ignore_ament_install'
[0.184s] Level 1:colcon.colcon_core.package_identification:_identify(/userdir/catkin_ws/src/consai2r2/consai2_sender) by extensions ['colcon_pkg']
[0.184s] Level 1:colcon.colcon_core.package_identification:_identify(/userdir/catkin_ws/src/consai2r2/consai2_sender) by extension 'colcon_pkg'
[0.184s] Level 1:colcon.colcon_core.package_identification:_identify(/userdir/catkin_ws/src/consai2r2/consai2_sender) by extensions ['colcon_meta']
[0.184s] Level 1:colcon.colcon_core.package_identification:_identify(/userdir/catkin_ws/src/consai2r2/consai2_sender) by extension 'colcon_meta'
[0.185s] Level 1:colcon.colcon_core.package_identification:_identify(/userdir/catkin_ws/src/consai2r2/consai2_sender) by extensions ['ros']
[0.185s] Level 1:colcon.colcon_core.package_identification:_identify(/userdir/catkin_ws/src/consai2r2/consai2_sender) by extension 'ros'
[0.185s] DEBUG:colcon.colcon_core.package_identification:Package '/userdir/catkin_ws/src/consai2r2/consai2_sender' with type 'ros.ament_cmake' and name 'consai2_sender'
[0.186s] Level 1:colcon.colcon_core.package_identification:_identify(/userdir/catkin_ws/src/consai2r2/consai2_teleop) by extensions ['ignore', 'ignore_ament_install']
[0.186s] Level 1:colcon.colcon_core.package_identification:_identify(/userdir/catkin_ws/src/consai2r2/consai2_teleop) by extension 'ignore'
[0.186s] Level 1:colcon.colcon_core.package_identification:_identify(/userdir/catkin_ws/src/consai2r2/consai2_teleop) by extension 'ignore_ament_install'
[0.186s] Level 1:colcon.colcon_core.package_identification:_identify(/userdir/catkin_ws/src/consai2r2/consai2_teleop) by extensions ['colcon_pkg']
[0.186s] Level 1:colcon.colcon_core.package_identification:_identify(/userdir/catkin_ws/src/consai2r2/consai2_teleop) by extension 'colcon_pkg'
[0.186s] Level 1:colcon.colcon_core.package_identification:_identify(/userdir/catkin_ws/src/consai2r2/consai2_teleop) by extensions ['colcon_meta']
[0.186s] Level 1:colcon.colcon_core.package_identification:_identify(/userdir/catkin_ws/src/consai2r2/consai2_teleop) by extension 'colcon_meta'
[0.186s] Level 1:colcon.colcon_core.package_identification:_identify(/userdir/catkin_ws/src/consai2r2/consai2_teleop) by extensions ['ros']
[0.186s] Level 1:colcon.colcon_core.package_identification:_identify(/userdir/catkin_ws/src/consai2r2/consai2_teleop) by extension 'ros'
[0.187s] DEBUG:colcon.colcon_core.package_identification:Package '/userdir/catkin_ws/src/consai2r2/consai2_teleop' with type 'ros.ament_cmake' and name 'consai2_teleop'
[0.187s] Level 1:colcon.colcon_core.package_discovery:discover_packages(recursive) using defaults
[0.189s] Level 1:colcon.colcon_core.package_augmentation.check_dependency_constraint:consai2_sender depends on consai2_msgs which has version 0.0.0: constraints {}
[0.189s] Level 1:colcon.colcon_core.package_augmentation.check_dependency_constraint:consai2_teleop depends on consai2_msgs which has version 0.0.0: constraints {}
[0.192s] Level 5:colcon.colcon_core.verb:set package 'consai2_msgs' build argument 'cmake_args' from command line to 'None'
[0.192s] Level 5:colcon.colcon_core.verb:set package 'consai2_msgs' build argument 'cmake_target' from command line to 'None'
[0.192s] Level 5:colcon.colcon_core.verb:set package 'consai2_msgs' build argument 'cmake_target_skip_unavailable' from command line to 'False'
[0.192s] Level 5:colcon.colcon_core.verb:set package 'consai2_msgs' build argument 'cmake_clean_cache' from command line to 'False'
[0.192s] Level 5:colcon.colcon_core.verb:set package 'consai2_msgs' build argument 'cmake_clean_first' from command line to 'False'
[0.192s] Level 5:colcon.colcon_core.verb:set package 'consai2_msgs' build argument 'cmake_force_configure' from command line to 'False'
[0.192s] Level 5:colcon.colcon_core.verb:set package 'consai2_msgs' build argument 'ament_cmake_args' from command line to 'None'
[0.192s] Level 5:colcon.colcon_core.verb:set package 'consai2_msgs' build argument 'catkin_cmake_args' from command line to 'None'
[0.192s] Level 5:colcon.colcon_core.verb:set package 'consai2_msgs' build argument 'catkin_skip_building_tests' from command line to 'False'
[0.192s] DEBUG:colcon.colcon_core.verb:Building package 'consai2_msgs' with the following arguments: {'ament_cmake_args': None, 'build_base': '/userdir/catkin_ws/build/consai2_msgs', 'catkin_cmake_args': None, 'catkin_skip_building_tests': False, 'cmake_args': None, 'cmake_clean_cache': False, 'cmake_clean_first': False, 'cmake_force_configure': False, 'cmake_target': None, 'cmake_target_skip_unavailable': False, 'install_base': '/userdir/catkin_ws/install/consai2_msgs', 'merge_install': False, 'path': '/userdir/catkin_ws/src/consai2r2/consai2_msgs', 'symlink_install': False, 'test_result_base': None}
[0.194s] Level 5:colcon.colcon_core.verb:set package 'consai2_sender' build argument 'cmake_args' from command line to 'None'
[0.194s] Level 5:colcon.colcon_core.verb:set package 'consai2_sender' build argument 'cmake_target' from command line to 'None'
[0.194s] Level 5:colcon.colcon_core.verb:set package 'consai2_sender' build argument 'cmake_target_skip_unavailable' from command line to 'False'
[0.194s] Level 5:colcon.colcon_core.verb:set package 'consai2_sender' build argument 'cmake_clean_cache' from command line to 'False'
[0.194s] Level 5:colcon.colcon_core.verb:set package 'consai2_sender' build argument 'cmake_clean_first' from command line to 'False'
[0.194s] Level 5:colcon.colcon_core.verb:set package 'consai2_sender' build argument 'cmake_force_configure' from command line to 'False'
[0.194s] Level 5:colcon.colcon_core.verb:set package 'consai2_sender' build argument 'ament_cmake_args' from command line to 'None'
[0.194s] Level 5:colcon.colcon_core.verb:set package 'consai2_sender' build argument 'catkin_cmake_args' from command line to 'None'
[0.194s] Level 5:colcon.colcon_core.verb:set package 'consai2_sender' build argument 'catkin_skip_building_tests' from command line to 'False'
[0.194s] DEBUG:colcon.colcon_core.verb:Building package 'consai2_sender' with the following arguments: {'ament_cmake_args': None, 'build_base': '/userdir/catkin_ws/build/consai2_sender', 'catkin_cmake_args': None, 'catkin_skip_building_tests': False, 'cmake_args': None, 'cmake_clean_cache': False, 'cmake_clean_first': False, 'cmake_force_configure': False, 'cmake_target': None, 'cmake_target_skip_unavailable': False, 'install_base': '/userdir/catkin_ws/install/consai2_sender', 'merge_install': False, 'path': '/userdir/catkin_ws/src/consai2r2/consai2_sender', 'symlink_install': False, 'test_result_base': None}
[0.196s] Level 5:colcon.colcon_core.verb:set package 'consai2_teleop' build argument 'cmake_args' from command line to 'None'
[0.196s] Level 5:colcon.colcon_core.verb:set package 'consai2_teleop' build argument 'cmake_target' from command line to 'None'
[0.196s] Level 5:colcon.colcon_core.verb:set package 'consai2_teleop' build argument 'cmake_target_skip_unavailable' from command line to 'False'
[0.196s] Level 5:colcon.colcon_core.verb:set package 'consai2_teleop' build argument 'cmake_clean_cache' from command line to 'False'
[0.196s] Level 5:colcon.colcon_core.verb:set package 'consai2_teleop' build argument 'cmake_clean_first' from command line to 'False'
[0.196s] Level 5:colcon.colcon_core.verb:set package 'consai2_teleop' build argument 'cmake_force_configure' from command line to 'False'
[0.196s] Level 5:colcon.colcon_core.verb:set package 'consai2_teleop' build argument 'ament_cmake_args' from command line to 'None'
[0.196s] Level 5:colcon.colcon_core.verb:set package 'consai2_teleop' build argument 'catkin_cmake_args' from command line to 'None'
[0.196s] Level 5:colcon.colcon_core.verb:set package 'consai2_teleop' build argument 'catkin_skip_building_tests' from command line to 'False'
[0.196s] DEBUG:colcon.colcon_core.verb:Building package 'consai2_teleop' with the following arguments: {'ament_cmake_args': None, 'build_base': '/userdir/catkin_ws/build/consai2_teleop', 'catkin_cmake_args': None, 'catkin_skip_building_tests': False, 'cmake_args': None, 'cmake_clean_cache': False, 'cmake_clean_first': False, 'cmake_force_configure': False, 'cmake_target': None, 'cmake_target_skip_unavailable': False, 'install_base': '/userdir/catkin_ws/install/consai2_teleop', 'merge_install': False, 'path': '/userdir/catkin_ws/src/consai2r2/consai2_teleop', 'symlink_install': False, 'test_result_base': None}
[0.197s] INFO:colcon.colcon_core.executor:Executing jobs using 'parallel' executor
[0.198s] DEBUG:colcon.colcon_parallel_executor.executor.parallel:run_until_complete
[0.198s] INFO:colcon.colcon_ros.task.ament_cmake.build:Building ROS package in '/userdir/catkin_ws/src/consai2r2/consai2_msgs' with build type 'ament_cmake'
[0.202s] INFO:colcon.colcon_core.plugin_system:Skipping extension 'colcon_core.shell.bat': Not used on non-Windows systems
[0.202s] INFO:colcon.colcon_cmake.task.cmake.build:Building CMake package in '/userdir/catkin_ws/src/consai2r2/consai2_msgs'
[0.203s] INFO:colcon.colcon_core.shell:Skip shell extension 'powershell' for command environment: Not usable outside of PowerShell
[0.203s] DEBUG:colcon.colcon_core.shell:Skip shell extension 'dsv' for command environment
[0.213s] DEBUG:colcon.colcon_core.event_handler.log_command:Invoking command in '/userdir/catkin_ws/build/consai2_msgs': /usr/bin/cmake /userdir/catkin_ws/src/consai2r2/consai2_msgs -DCMAKE_INSTALL_PREFIX=/userdir/catkin_ws/install/consai2_msgs
[1.626s] DEBUG:colcon.colcon_core.event_handler.log_command:Invoked command in '/userdir/catkin_ws/build/consai2_msgs' returned '1': /usr/bin/cmake /userdir/catkin_ws/src/consai2r2/consai2_msgs -DCMAKE_INSTALL_PREFIX=/userdir/catkin_ws/install/consai2_msgs
[1.635s] DEBUG:colcon.colcon_parallel_executor.executor.parallel:closing loop
[1.635s] DEBUG:colcon.colcon_parallel_executor.executor.parallel:loop closed
[1.635s] DEBUG:colcon.colcon_parallel_executor.executor.parallel:run_until_complete finished with '1'
[1.635s] DEBUG:colcon.colcon_core.event_reactor:joining thread
[1.648s] INFO:colcon.colcon_core.plugin_system:Skipping extension 'colcon_notification.desktop_notification.notify_send': Could not find 'notify-send'
[1.649s] INFO:colcon.colcon_core.plugin_system:Skipping extension 'colcon_notification.desktop_notification.terminal_notifier': Not used on non-Darwin systems
[1.649s] INFO:colcon.colcon_core.plugin_system:Skipping extension 'colcon_notification.desktop_notification.win32': Not used on non-Windows systems
[1.649s] INFO:colcon.colcon_notification.desktop_notification:Sending desktop notification using 'notify2'
[1.652s] DEBUG:colcon.colcon_notification.desktop_notification.notify2:Failed to initialize notify2: org.freedesktop.DBus.Error.Spawn.ExecFailed: /usr/bin/dbus-launch terminated abnormally without any error message
[1.652s] DEBUG:colcon.colcon_core.event_reactor:joined thread
[1.653s] INFO:colcon.colcon_core.shell:Creating prefix script '/userdir/catkin_ws/install/local_setup.ps1'
[1.655s] INFO:colcon.colcon_core.shell:Creating prefix util module '/userdir/catkin_ws/install/_local_setup_util_ps1.py'
[1.657s] INFO:colcon.colcon_core.shell:Creating prefix chain script '/userdir/catkin_ws/install/setup.ps1'
[1.660s] INFO:colcon.colcon_core.shell:Creating prefix script '/userdir/catkin_ws/install/local_setup.sh'
[1.661s] INFO:colcon.colcon_core.shell:Creating prefix util module '/userdir/catkin_ws/install/_local_setup_util_sh.py'
[1.661s] INFO:colcon.colcon_core.shell:Creating prefix chain script '/userdir/catkin_ws/install/setup.sh'
[1.664s] INFO:colcon.colcon_core.shell:Creating prefix script '/userdir/catkin_ws/install/local_setup.bash'
[1.664s] INFO:colcon.colcon_core.shell:Creating prefix chain script '/userdir/catkin_ws/install/setup.bash'
[1.667s] INFO:colcon.colcon_core.shell:Creating prefix script '/userdir/catkin_ws/install/local_setup.zsh'
[1.667s] INFO:colcon.colcon_core.shell:Creating prefix chain script '/userdir/catkin_ws/install/setup.zsh'
